24-10-12.21:00:13.508 [main            ] INFO  RaffleActivityPartakeServiceTest - Starting RaffleActivityPartakeServiceTest using Java 19.0.1 on Legion-R9000P with PID 32644 (started by lenovo in E:\Code\Java\big-market\big-market-app)
24-10-12.21:00:13.508 [main            ] INFO  RaffleActivityPartakeServiceTest - The following 1 profile is active: "dev"
24-10-12.21:00:14.587 [main            ] INFO  RepositoryConfigurationDelegate - Multiple Spring Data modules found, entering strict repository configuration mode
24-10-12.21:00:14.590 [main            ] INFO  RepositoryConfigurationDelegate - Bootstrapping Spring Data Redis repositories in DEFAULT mode.
24-10-12.21:00:14.634 [main            ] INFO  RepositoryConfigurationDelegate - Finished Spring Data repository scanning in 26 ms. Found 0 Redis repository interfaces.
24-10-12.21:00:16.431 [main            ] INFO  Version                - Redisson 3.23.4
24-10-12.21:00:16.979 [redisson-netty-2-4] INFO  MasterPubSubConnectionPool - 1 connections initialized for 192.168.236.132/192.168.236.132:16379
24-10-12.21:00:16.998 [redisson-netty-2-13] INFO  MasterConnectionPool   - 5 connections initialized for 192.168.236.132/192.168.236.132:16379
24-10-12.21:00:17.786 [main            ] WARN  GenericWebApplicationContext - Exception encountered during context initialization - cancelling refresh attempt: org.springframework.beans.factory.UnsatisfiedDependencyException: Error creating bean with name 'updateActivitySkuStockJob': Unsatisfied dependency expressed through field 'skuStock'; nested exception is org.springframework.beans.factory.UnsatisfiedDependencyException: Error creating bean with name 'raffleActivityAccountQuotaService' defined in file [E:\Code\Java\big-market\big-market-domain\target\classes\com\origamii\domain\activity\service\quota\RaffleActivityAccountQuotaService.class]: Unsatisfied dependency expressed through constructor parameter 0; nested exception is org.springframework.beans.factory.BeanCreationException: Error creating bean with name 'activityRepository': Injection of resource dependencies failed; nested exception is org.springframework.beans.factory.BeanCreationException: Error creating bean with name 'activitySkuStockZeroMessageEvent': Injection of autowired dependencies failed; nested exception is java.lang.IllegalArgumentException: Could not resolve placeholder 'spring.rabbitmq.top.activity.sku.stock.zero' in value "${spring.rabbitmq.top.activity.sku.stock.zero}"
24-10-12.21:00:17.832 [main            ] INFO  ConditionEvaluationReportLoggingListener - 

Error starting ApplicationContext. To display the conditions report re-run your application with 'debug' enabled.
24-10-12.21:00:17.883 [main            ] ERROR SpringApplication      - Application run failed
org.springframework.beans.factory.UnsatisfiedDependencyException: Error creating bean with name 'updateActivitySkuStockJob': Unsatisfied dependency expressed through field 'skuStock'; nested exception is org.springframework.beans.factory.UnsatisfiedDependencyException: Error creating bean with name 'raffleActivityAccountQuotaService' defined in file [E:\Code\Java\big-market\big-market-domain\target\classes\com\origamii\domain\activity\service\quota\RaffleActivityAccountQuotaService.class]: Unsatisfied dependency expressed through constructor parameter 0; nested exception is org.springframework.beans.factory.BeanCreationException: Error creating bean with name 'activityRepository': Injection of resource dependencies failed; nested exception is org.springframework.beans.factory.BeanCreationException: Error creating bean with name 'activitySkuStockZeroMessageEvent': Injection of autowired dependencies failed; nested exception is java.lang.IllegalArgumentException: Could not resolve placeholder 'spring.rabbitmq.top.activity.sku.stock.zero' in value "${spring.rabbitmq.top.activity.sku.stock.zero}"
	at org.springframework.beans.factory.annotation.AutowiredAnnotationBeanPostProcessor$AutowiredFieldElement.resolveFieldValue(AutowiredAnnotationBeanPostProcessor.java:660)
	at org.springframework.beans.factory.annotation.AutowiredAnnotationBeanPostProcessor$AutowiredFieldElement.inject(AutowiredAnnotationBeanPostProcessor.java:640)
	at org.springframework.beans.factory.annotation.InjectionMetadata.inject(InjectionMetadata.java:119)
	at org.springframework.beans.factory.annotation.AutowiredAnnotationBeanPostProcessor.postProcessProperties(AutowiredAnnotationBeanPostProcessor.java:399)
	at org.springframework.beans.factory.support.AbstractAutowireCapableBeanFactory.populateBean(AbstractAutowireCapableBeanFactory.java:1431)
	at org.springframework.beans.factory.support.AbstractAutowireCapableBeanFactory.doCreateBean(AbstractAutowireCapableBeanFactory.java:619)
	at org.springframework.beans.factory.support.AbstractAutowireCapableBeanFactory.createBean(AbstractAutowireCapableBeanFactory.java:542)
	at org.springframework.beans.factory.support.AbstractBeanFactory.lambda$doGetBean$0(AbstractBeanFactory.java:335)
	at org.springframework.beans.factory.support.DefaultSingletonBeanRegistry.getSingleton(DefaultSingletonBeanRegistry.java:234)
	at org.springframework.beans.factory.support.AbstractBeanFactory.doGetBean(AbstractBeanFactory.java:333)
	at org.springframework.beans.factory.support.AbstractBeanFactory.getBean(AbstractBeanFactory.java:208)
	at org.springframework.beans.factory.support.DefaultListableBeanFactory.preInstantiateSingletons(DefaultListableBeanFactory.java:955)
	at org.springframework.context.support.AbstractApplicationContext.finishBeanFactoryInitialization(AbstractApplicationContext.java:920)
	at org.springframework.context.support.AbstractApplicationContext.refresh(AbstractApplicationContext.java:583)
	at org.springframework.boot.SpringApplication.refresh(SpringApplication.java:731)
	at org.springframework.boot.SpringApplication.refreshContext(SpringApplication.java:408)
	at org.springframework.boot.SpringApplication.run(SpringApplication.java:307)
	at org.springframework.boot.test.context.SpringBootContextLoader.loadContext(SpringBootContextLoader.java:136)
	at org.springframework.test.context.cache.DefaultCacheAwareContextLoaderDelegate.loadContextInternal(DefaultCacheAwareContextLoaderDelegate.java:141)
	at org.springframework.test.context.cache.DefaultCacheAwareContextLoaderDelegate.loadContext(DefaultCacheAwareContextLoaderDelegate.java:90)
	at org.springframework.test.context.support.DefaultTestContext.getApplicationContext(DefaultTestContext.java:124)
	at org.springframework.test.context.web.ServletTestExecutionListener.setUpRequestContextIfNecessary(ServletTestExecutionListener.java:190)
	at org.springframework.test.context.web.ServletTestExecutionListener.prepareTestInstance(ServletTestExecutionListener.java:132)
	at org.springframework.test.context.TestContextManager.prepareTestInstance(TestContextManager.java:248)
	at org.springframework.test.context.junit4.SpringJUnit4ClassRunner.createTest(SpringJUnit4ClassRunner.java:227)
	at org.springframework.test.context.junit4.SpringJUnit4ClassRunner$1.runReflectiveCall(SpringJUnit4ClassRunner.java:289)
	at org.junit.internal.runners.model.ReflectiveCallable.run(ReflectiveCallable.java:12)
	at org.springframework.test.context.junit4.SpringJUnit4ClassRunner.methodBlock(SpringJUnit4ClassRunner.java:291)
	at org.springframework.test.context.junit4.SpringJUnit4ClassRunner.runChild(SpringJUnit4ClassRunner.java:246)
	at org.springframework.test.context.junit4.SpringJUnit4ClassRunner.runChild(SpringJUnit4ClassRunner.java:97)
	at org.junit.runners.ParentRunner$4.run(ParentRunner.java:331)
	at org.junit.runners.ParentRunner$1.schedule(ParentRunner.java:79)
	at org.junit.runners.ParentRunner.runChildren(ParentRunner.java:329)
	at org.junit.runners.ParentRunner.access$100(ParentRunner.java:66)
	at org.junit.runners.ParentRunner$2.evaluate(ParentRunner.java:293)
	at org.springframework.test.context.junit4.statements.RunBeforeTestClassCallbacks.evaluate(RunBeforeTestClassCallbacks.java:61)
	at org.springframework.test.context.junit4.statements.RunAfterTestClassCallbacks.evaluate(RunAfterTestClassCallbacks.java:70)
	at org.junit.runners.ParentRunner$3.evaluate(ParentRunner.java:306)
	at org.junit.runners.ParentRunner.run(ParentRunner.java:413)
	at org.springframework.test.context.junit4.SpringJUnit4ClassRunner.run(SpringJUnit4ClassRunner.java:190)
	at org.junit.runner.JUnitCore.run(JUnitCore.java:137)
	at com.intellij.junit4.JUnit4IdeaTestRunner.startRunnerWithArgs(JUnit4IdeaTestRunner.java:69)
	at com.intellij.rt.junit.IdeaTestRunner$Repeater$1.execute(IdeaTestRunner.java:38)
	at com.intellij.rt.execution.junit.TestsRepeater.repeat(TestsRepeater.java:11)
	at com.intellij.rt.junit.IdeaTestRunner$Repeater.startRunnerWithArgs(IdeaTestRunner.java:35)
	at com.intellij.rt.junit.JUnitStarter.prepareStreamsAndStart(JUnitStarter.java:232)
	at com.intellij.rt.junit.JUnitStarter.main(JUnitStarter.java:55)
Caused by: org.springframework.beans.factory.UnsatisfiedDependencyException: Error creating bean with name 'raffleActivityAccountQuotaService' defined in file [E:\Code\Java\big-market\big-market-domain\target\classes\com\origamii\domain\activity\service\quota\RaffleActivityAccountQuotaService.class]: Unsatisfied dependency expressed through constructor parameter 0; nested exception is org.springframework.beans.factory.BeanCreationException: Error creating bean with name 'activityRepository': Injection of resource dependencies failed; nested exception is org.springframework.beans.factory.BeanCreationException: Error creating bean with name 'activitySkuStockZeroMessageEvent': Injection of autowired dependencies failed; nested exception is java.lang.IllegalArgumentException: Could not resolve placeholder 'spring.rabbitmq.top.activity.sku.stock.zero' in value "${spring.rabbitmq.top.activity.sku.stock.zero}"
	at org.springframework.beans.factory.support.ConstructorResolver.createArgumentArray(ConstructorResolver.java:800)
	at org.springframework.beans.factory.support.ConstructorResolver.autowireConstructor(ConstructorResolver.java:229)
	at org.springframework.beans.factory.support.AbstractAutowireCapableBeanFactory.autowireConstructor(AbstractAutowireCapableBeanFactory.java:1372)
	at org.springframework.beans.factory.support.AbstractAutowireCapableBeanFactory.createBeanInstance(AbstractAutowireCapableBeanFactory.java:1222)
	at org.springframework.beans.factory.support.AbstractAutowireCapableBeanFactory.doCreateBean(AbstractAutowireCapableBeanFactory.java:582)
	at org.springframework.beans.factory.support.AbstractAutowireCapableBeanFactory.createBean(AbstractAutowireCapableBeanFactory.java:542)
	at org.springframework.beans.factory.support.AbstractBeanFactory.lambda$doGetBean$0(AbstractBeanFactory.java:335)
	at org.springframework.beans.factory.support.DefaultSingletonBeanRegistry.getSingleton(DefaultSingletonBeanRegistry.java:234)
	at org.springframework.beans.factory.support.AbstractBeanFactory.doGetBean(AbstractBeanFactory.java:333)
	at org.springframework.beans.factory.support.AbstractBeanFactory.getBean(AbstractBeanFactory.java:208)
	at org.springframework.beans.factory.config.DependencyDescriptor.resolveCandidate(DependencyDescriptor.java:276)
	at org.springframework.beans.factory.support.DefaultListableBeanFactory.doResolveDependency(DefaultListableBeanFactory.java:1391)
	at org.springframework.beans.factory.support.DefaultListableBeanFactory.resolveDependency(DefaultListableBeanFactory.java:1311)
	at org.springframework.beans.factory.annotation.AutowiredAnnotationBeanPostProcessor$AutowiredFieldElement.resolveFieldValue(AutowiredAnnotationBeanPostProcessor.java:657)
	... 46 common frames omitted
Caused by: org.springframework.beans.factory.BeanCreationException: Error creating bean with name 'activityRepository': Injection of resource dependencies failed; nested exception is org.springframework.beans.factory.BeanCreationException: Error creating bean with name 'activitySkuStockZeroMessageEvent': Injection of autowired dependencies failed; nested exception is java.lang.IllegalArgumentException: Could not resolve placeholder 'spring.rabbitmq.top.activity.sku.stock.zero' in value "${spring.rabbitmq.top.activity.sku.stock.zero}"
	at org.springframework.context.annotation.CommonAnnotationBeanPostProcessor.postProcessProperties(CommonAnnotationBeanPostProcessor.java:332)
	at org.springframework.beans.factory.support.AbstractAutowireCapableBeanFactory.populateBean(AbstractAutowireCapableBeanFactory.java:1431)
	at org.springframework.beans.factory.support.AbstractAutowireCapableBeanFactory.doCreateBean(AbstractAutowireCapableBeanFactory.java:619)
	at org.springframework.beans.factory.support.AbstractAutowireCapableBeanFactory.createBean(AbstractAutowireCapableBeanFactory.java:542)
	at org.springframework.beans.factory.support.AbstractBeanFactory.lambda$doGetBean$0(AbstractBeanFactory.java:335)
	at org.springframework.beans.factory.support.DefaultSingletonBeanRegistry.getSingleton(DefaultSingletonBeanRegistry.java:234)
	at org.springframework.beans.factory.support.AbstractBeanFactory.doGetBean(AbstractBeanFactory.java:333)
	at org.springframework.beans.factory.support.AbstractBeanFactory.getBean(AbstractBeanFactory.java:208)
	at org.springframework.beans.factory.config.DependencyDescriptor.resolveCandidate(DependencyDescriptor.java:276)
	at org.springframework.beans.factory.support.DefaultListableBeanFactory.doResolveDependency(DefaultListableBeanFactory.java:1391)
	at org.springframework.beans.factory.support.DefaultListableBeanFactory.resolveDependency(DefaultListableBeanFactory.java:1311)
	at org.springframework.beans.factory.support.ConstructorResolver.resolveAutowiredArgument(ConstructorResolver.java:887)
	at org.springframework.beans.factory.support.ConstructorResolver.createArgumentArray(ConstructorResolver.java:791)
	... 59 common frames omitted
Caused by: org.springframework.beans.factory.BeanCreationException: Error creating bean with name 'activitySkuStockZeroMessageEvent': Injection of autowired dependencies failed; nested exception is java.lang.IllegalArgumentException: Could not resolve placeholder 'spring.rabbitmq.top.activity.sku.stock.zero' in value "${spring.rabbitmq.top.activity.sku.stock.zero}"
	at org.springframework.beans.factory.annotation.AutowiredAnnotationBeanPostProcessor.postProcessProperties(AutowiredAnnotationBeanPostProcessor.java:405)
	at org.springframework.beans.factory.support.AbstractAutowireCapableBeanFactory.populateBean(AbstractAutowireCapableBeanFactory.java:1431)
	at org.springframework.beans.factory.support.AbstractAutowireCapableBeanFactory.doCreateBean(AbstractAutowireCapableBeanFactory.java:619)
	at org.springframework.beans.factory.support.AbstractAutowireCapableBeanFactory.createBean(AbstractAutowireCapableBeanFactory.java:542)
	at org.springframework.beans.factory.support.AbstractBeanFactory.lambda$doGetBean$0(AbstractBeanFactory.java:335)
	at org.springframework.beans.factory.support.DefaultSingletonBeanRegistry.getSingleton(DefaultSingletonBeanRegistry.java:234)
	at org.springframework.beans.factory.support.AbstractBeanFactory.doGetBean(AbstractBeanFactory.java:333)
	at org.springframework.beans.factory.support.AbstractBeanFactory.getBean(AbstractBeanFactory.java:213)
	at org.springframework.beans.factory.support.AbstractAutowireCapableBeanFactory.resolveBeanByName(AbstractAutowireCapableBeanFactory.java:479)
	at org.springframework.context.annotation.CommonAnnotationBeanPostProcessor.autowireResource(CommonAnnotationBeanPostProcessor.java:550)
	at org.springframework.context.annotation.CommonAnnotationBeanPostProcessor.getResource(CommonAnnotationBeanPostProcessor.java:520)
	at org.springframework.context.annotation.CommonAnnotationBeanPostProcessor$ResourceElement.getResourceToInject(CommonAnnotationBeanPostProcessor.java:673)
	at org.springframework.beans.factory.annotation.InjectionMetadata$InjectedElement.inject(InjectionMetadata.java:228)
	at org.springframework.beans.factory.annotation.InjectionMetadata.inject(InjectionMetadata.java:119)
	at org.springframework.context.annotation.CommonAnnotationBeanPostProcessor.postProcessProperties(CommonAnnotationBeanPostProcessor.java:329)
	... 71 common frames omitted
Caused by: java.lang.IllegalArgumentException: Could not resolve placeholder 'spring.rabbitmq.top.activity.sku.stock.zero' in value "${spring.rabbitmq.top.activity.sku.stock.zero}"
	at org.springframework.util.PropertyPlaceholderHelper.parseStringValue(PropertyPlaceholderHelper.java:180)
	at org.springframework.util.PropertyPlaceholderHelper.replacePlaceholders(PropertyPlaceholderHelper.java:126)
	at org.springframework.core.env.AbstractPropertyResolver.doResolvePlaceholders(AbstractPropertyResolver.java:239)
	at org.springframework.core.env.AbstractPropertyResolver.resolveRequiredPlaceholders(AbstractPropertyResolver.java:210)
	at org.springframework.context.support.PropertySourcesPlaceholderConfigurer.lambda$processProperties$0(PropertySourcesPlaceholderConfigurer.java:191)
	at org.springframework.beans.factory.support.AbstractBeanFactory.resolveEmbeddedValue(AbstractBeanFactory.java:936)
	at org.springframework.beans.factory.support.DefaultListableBeanFactory.doResolveDependency(DefaultListableBeanFactory.java:1332)
	at org.springframework.beans.factory.support.DefaultListableBeanFactory.resolveDependency(DefaultListableBeanFactory.java:1311)
	at org.springframework.beans.factory.annotation.AutowiredAnnotationBeanPostProcessor$AutowiredFieldElement.resolveFieldValue(AutowiredAnnotationBeanPostProcessor.java:657)
	at org.springframework.beans.factory.annotation.AutowiredAnnotationBeanPostProcessor$AutowiredFieldElement.inject(AutowiredAnnotationBeanPostProcessor.java:640)
	at org.springframework.beans.factory.annotation.InjectionMetadata.inject(InjectionMetadata.java:119)
	at org.springframework.beans.factory.annotation.AutowiredAnnotationBeanPostProcessor.postProcessProperties(AutowiredAnnotationBeanPostProcessor.java:399)
	... 85 common frames omitted
24-10-12.21:00:17.889 [main            ] ERROR TestContextManager     - Caught exception while allowing TestExecutionListener [org.springframework.test.context.web.ServletTestExecutionListener@792b749c] to prepare test instance [com.origamii.test.domin.activity.RaffleActivityPartakeServiceTest@6b2f7527]
java.lang.IllegalStateException: Failed to load ApplicationContext
	at org.springframework.test.context.cache.DefaultCacheAwareContextLoaderDelegate.loadContext(DefaultCacheAwareContextLoaderDelegate.java:98)
	at org.springframework.test.context.support.DefaultTestContext.getApplicationContext(DefaultTestContext.java:124)
	at org.springframework.test.context.web.ServletTestExecutionListener.setUpRequestContextIfNecessary(ServletTestExecutionListener.java:190)
	at org.springframework.test.context.web.ServletTestExecutionListener.prepareTestInstance(ServletTestExecutionListener.java:132)
	at org.springframework.test.context.TestContextManager.prepareTestInstance(TestContextManager.java:248)
	at org.springframework.test.context.junit4.SpringJUnit4ClassRunner.createTest(SpringJUnit4ClassRunner.java:227)
	at org.springframework.test.context.junit4.SpringJUnit4ClassRunner$1.runReflectiveCall(SpringJUnit4ClassRunner.java:289)
	at org.junit.internal.runners.model.ReflectiveCallable.run(ReflectiveCallable.java:12)
	at org.springframework.test.context.junit4.SpringJUnit4ClassRunner.methodBlock(SpringJUnit4ClassRunner.java:291)
	at org.springframework.test.context.junit4.SpringJUnit4ClassRunner.runChild(SpringJUnit4ClassRunner.java:246)
	at org.springframework.test.context.junit4.SpringJUnit4ClassRunner.runChild(SpringJUnit4ClassRunner.java:97)
	at org.junit.runners.ParentRunner$4.run(ParentRunner.java:331)
	at org.junit.runners.ParentRunner$1.schedule(ParentRunner.java:79)
	at org.junit.runners.ParentRunner.runChildren(ParentRunner.java:329)
	at org.junit.runners.ParentRunner.access$100(ParentRunner.java:66)
	at org.junit.runners.ParentRunner$2.evaluate(ParentRunner.java:293)
	at org.springframework.test.context.junit4.statements.RunBeforeTestClassCallbacks.evaluate(RunBeforeTestClassCallbacks.java:61)
	at org.springframework.test.context.junit4.statements.RunAfterTestClassCallbacks.evaluate(RunAfterTestClassCallbacks.java:70)
	at org.junit.runners.ParentRunner$3.evaluate(ParentRunner.java:306)
	at org.junit.runners.ParentRunner.run(ParentRunner.java:413)
	at org.springframework.test.context.junit4.SpringJUnit4ClassRunner.run(SpringJUnit4ClassRunner.java:190)
	at org.junit.runner.JUnitCore.run(JUnitCore.java:137)
	at com.intellij.junit4.JUnit4IdeaTestRunner.startRunnerWithArgs(JUnit4IdeaTestRunner.java:69)
	at com.intellij.rt.junit.IdeaTestRunner$Repeater$1.execute(IdeaTestRunner.java:38)
	at com.intellij.rt.execution.junit.TestsRepeater.repeat(TestsRepeater.java:11)
	at com.intellij.rt.junit.IdeaTestRunner$Repeater.startRunnerWithArgs(IdeaTestRunner.java:35)
	at com.intellij.rt.junit.JUnitStarter.prepareStreamsAndStart(JUnitStarter.java:232)
	at com.intellij.rt.junit.JUnitStarter.main(JUnitStarter.java:55)
Caused by: org.springframework.beans.factory.UnsatisfiedDependencyException: Error creating bean with name 'updateActivitySkuStockJob': Unsatisfied dependency expressed through field 'skuStock'; nested exception is org.springframework.beans.factory.UnsatisfiedDependencyException: Error creating bean with name 'raffleActivityAccountQuotaService' defined in file [E:\Code\Java\big-market\big-market-domain\target\classes\com\origamii\domain\activity\service\quota\RaffleActivityAccountQuotaService.class]: Unsatisfied dependency expressed through constructor parameter 0; nested exception is org.springframework.beans.factory.BeanCreationException: Error creating bean with name 'activityRepository': Injection of resource dependencies failed; nested exception is org.springframework.beans.factory.BeanCreationException: Error creating bean with name 'activitySkuStockZeroMessageEvent': Injection of autowired dependencies failed; nested exception is java.lang.IllegalArgumentException: Could not resolve placeholder 'spring.rabbitmq.top.activity.sku.stock.zero' in value "${spring.rabbitmq.top.activity.sku.stock.zero}"
	at org.springframework.beans.factory.annotation.AutowiredAnnotationBeanPostProcessor$AutowiredFieldElement.resolveFieldValue(AutowiredAnnotationBeanPostProcessor.java:660)
	at org.springframework.beans.factory.annotation.AutowiredAnnotationBeanPostProcessor$AutowiredFieldElement.inject(AutowiredAnnotationBeanPostProcessor.java:640)
	at org.springframework.beans.factory.annotation.InjectionMetadata.inject(InjectionMetadata.java:119)
	at org.springframework.beans.factory.annotation.AutowiredAnnotationBeanPostProcessor.postProcessProperties(AutowiredAnnotationBeanPostProcessor.java:399)
	at org.springframework.beans.factory.support.AbstractAutowireCapableBeanFactory.populateBean(AbstractAutowireCapableBeanFactory.java:1431)
	at org.springframework.beans.factory.support.AbstractAutowireCapableBeanFactory.doCreateBean(AbstractAutowireCapableBeanFactory.java:619)
	at org.springframework.beans.factory.support.AbstractAutowireCapableBeanFactory.createBean(AbstractAutowireCapableBeanFactory.java:542)
	at org.springframework.beans.factory.support.AbstractBeanFactory.lambda$doGetBean$0(AbstractBeanFactory.java:335)
	at org.springframework.beans.factory.support.DefaultSingletonBeanRegistry.getSingleton(DefaultSingletonBeanRegistry.java:234)
	at org.springframework.beans.factory.support.AbstractBeanFactory.doGetBean(AbstractBeanFactory.java:333)
	at org.springframework.beans.factory.support.AbstractBeanFactory.getBean(AbstractBeanFactory.java:208)
	at org.springframework.beans.factory.support.DefaultListableBeanFactory.preInstantiateSingletons(DefaultListableBeanFactory.java:955)
	at org.springframework.context.support.AbstractApplicationContext.finishBeanFactoryInitialization(AbstractApplicationContext.java:920)
	at org.springframework.context.support.AbstractApplicationContext.refresh(AbstractApplicationContext.java:583)
	at org.springframework.boot.SpringApplication.refresh(SpringApplication.java:731)
	at org.springframework.boot.SpringApplication.refreshContext(SpringApplication.java:408)
	at org.springframework.boot.SpringApplication.run(SpringApplication.java:307)
	at org.springframework.boot.test.context.SpringBootContextLoader.loadContext(SpringBootContextLoader.java:136)
	at org.springframework.test.context.cache.DefaultCacheAwareContextLoaderDelegate.loadContextInternal(DefaultCacheAwareContextLoaderDelegate.java:141)
	at org.springframework.test.context.cache.DefaultCacheAwareContextLoaderDelegate.loadContext(DefaultCacheAwareContextLoaderDelegate.java:90)
	... 27 common frames omitted
Caused by: org.springframework.beans.factory.UnsatisfiedDependencyException: Error creating bean with name 'raffleActivityAccountQuotaService' defined in file [E:\Code\Java\big-market\big-market-domain\target\classes\com\origamii\domain\activity\service\quota\RaffleActivityAccountQuotaService.class]: Unsatisfied dependency expressed through constructor parameter 0; nested exception is org.springframework.beans.factory.BeanCreationException: Error creating bean with name 'activityRepository': Injection of resource dependencies failed; nested exception is org.springframework.beans.factory.BeanCreationException: Error creating bean with name 'activitySkuStockZeroMessageEvent': Injection of autowired dependencies failed; nested exception is java.lang.IllegalArgumentException: Could not resolve placeholder 'spring.rabbitmq.top.activity.sku.stock.zero' in value "${spring.rabbitmq.top.activity.sku.stock.zero}"
	at org.springframework.beans.factory.support.ConstructorResolver.createArgumentArray(ConstructorResolver.java:800)
	at org.springframework.beans.factory.support.ConstructorResolver.autowireConstructor(ConstructorResolver.java:229)
	at org.springframework.beans.factory.support.AbstractAutowireCapableBeanFactory.autowireConstructor(AbstractAutowireCapableBeanFactory.java:1372)
	at org.springframework.beans.factory.support.AbstractAutowireCapableBeanFactory.createBeanInstance(AbstractAutowireCapableBeanFactory.java:1222)
	at org.springframework.beans.factory.support.AbstractAutowireCapableBeanFactory.doCreateBean(AbstractAutowireCapableBeanFactory.java:582)
	at org.springframework.beans.factory.support.AbstractAutowireCapableBeanFactory.createBean(AbstractAutowireCapableBeanFactory.java:542)
	at org.springframework.beans.factory.support.AbstractBeanFactory.lambda$doGetBean$0(AbstractBeanFactory.java:335)
	at org.springframework.beans.factory.support.DefaultSingletonBeanRegistry.getSingleton(DefaultSingletonBeanRegistry.java:234)
	at org.springframework.beans.factory.support.AbstractBeanFactory.doGetBean(AbstractBeanFactory.java:333)
	at org.springframework.beans.factory.support.AbstractBeanFactory.getBean(AbstractBeanFactory.java:208)
	at org.springframework.beans.factory.config.DependencyDescriptor.resolveCandidate(DependencyDescriptor.java:276)
	at org.springframework.beans.factory.support.DefaultListableBeanFactory.doResolveDependency(DefaultListableBeanFactory.java:1391)
	at org.springframework.beans.factory.support.DefaultListableBeanFactory.resolveDependency(DefaultListableBeanFactory.java:1311)
	at org.springframework.beans.factory.annotation.AutowiredAnnotationBeanPostProcessor$AutowiredFieldElement.resolveFieldValue(AutowiredAnnotationBeanPostProcessor.java:657)
	... 46 common frames omitted
Caused by: org.springframework.beans.factory.BeanCreationException: Error creating bean with name 'activityRepository': Injection of resource dependencies failed; nested exception is org.springframework.beans.factory.BeanCreationException: Error creating bean with name 'activitySkuStockZeroMessageEvent': Injection of autowired dependencies failed; nested exception is java.lang.IllegalArgumentException: Could not resolve placeholder 'spring.rabbitmq.top.activity.sku.stock.zero' in value "${spring.rabbitmq.top.activity.sku.stock.zero}"
	at org.springframework.context.annotation.CommonAnnotationBeanPostProcessor.postProcessProperties(CommonAnnotationBeanPostProcessor.java:332)
	at org.springframework.beans.factory.support.AbstractAutowireCapableBeanFactory.populateBean(AbstractAutowireCapableBeanFactory.java:1431)
	at org.springframework.beans.factory.support.AbstractAutowireCapableBeanFactory.doCreateBean(AbstractAutowireCapableBeanFactory.java:619)
	at org.springframework.beans.factory.support.AbstractAutowireCapableBeanFactory.createBean(AbstractAutowireCapableBeanFactory.java:542)
	at org.springframework.beans.factory.support.AbstractBeanFactory.lambda$doGetBean$0(AbstractBeanFactory.java:335)
	at org.springframework.beans.factory.support.DefaultSingletonBeanRegistry.getSingleton(DefaultSingletonBeanRegistry.java:234)
	at org.springframework.beans.factory.support.AbstractBeanFactory.doGetBean(AbstractBeanFactory.java:333)
	at org.springframework.beans.factory.support.AbstractBeanFactory.getBean(AbstractBeanFactory.java:208)
	at org.springframework.beans.factory.config.DependencyDescriptor.resolveCandidate(DependencyDescriptor.java:276)
	at org.springframework.beans.factory.support.DefaultListableBeanFactory.doResolveDependency(DefaultListableBeanFactory.java:1391)
	at org.springframework.beans.factory.support.DefaultListableBeanFactory.resolveDependency(DefaultListableBeanFactory.java:1311)
	at org.springframework.beans.factory.support.ConstructorResolver.resolveAutowiredArgument(ConstructorResolver.java:887)
	at org.springframework.beans.factory.support.ConstructorResolver.createArgumentArray(ConstructorResolver.java:791)
	... 59 common frames omitted
Caused by: org.springframework.beans.factory.BeanCreationException: Error creating bean with name 'activitySkuStockZeroMessageEvent': Injection of autowired dependencies failed; nested exception is java.lang.IllegalArgumentException: Could not resolve placeholder 'spring.rabbitmq.top.activity.sku.stock.zero' in value "${spring.rabbitmq.top.activity.sku.stock.zero}"
	at org.springframework.beans.factory.annotation.AutowiredAnnotationBeanPostProcessor.postProcessProperties(AutowiredAnnotationBeanPostProcessor.java:405)
	at org.springframework.beans.factory.support.AbstractAutowireCapableBeanFactory.populateBean(AbstractAutowireCapableBeanFactory.java:1431)
	at org.springframework.beans.factory.support.AbstractAutowireCapableBeanFactory.doCreateBean(AbstractAutowireCapableBeanFactory.java:619)
	at org.springframework.beans.factory.support.AbstractAutowireCapableBeanFactory.createBean(AbstractAutowireCapableBeanFactory.java:542)
	at org.springframework.beans.factory.support.AbstractBeanFactory.lambda$doGetBean$0(AbstractBeanFactory.java:335)
	at org.springframework.beans.factory.support.DefaultSingletonBeanRegistry.getSingleton(DefaultSingletonBeanRegistry.java:234)
	at org.springframework.beans.factory.support.AbstractBeanFactory.doGetBean(AbstractBeanFactory.java:333)
	at org.springframework.beans.factory.support.AbstractBeanFactory.getBean(AbstractBeanFactory.java:213)
	at org.springframework.beans.factory.support.AbstractAutowireCapableBeanFactory.resolveBeanByName(AbstractAutowireCapableBeanFactory.java:479)
	at org.springframework.context.annotation.CommonAnnotationBeanPostProcessor.autowireResource(CommonAnnotationBeanPostProcessor.java:550)
	at org.springframework.context.annotation.CommonAnnotationBeanPostProcessor.getResource(CommonAnnotationBeanPostProcessor.java:520)
	at org.springframework.context.annotation.CommonAnnotationBeanPostProcessor$ResourceElement.getResourceToInject(CommonAnnotationBeanPostProcessor.java:673)
	at org.springframework.beans.factory.annotation.InjectionMetadata$InjectedElement.inject(InjectionMetadata.java:228)
	at org.springframework.beans.factory.annotation.InjectionMetadata.inject(InjectionMetadata.java:119)
	at org.springframework.context.annotation.CommonAnnotationBeanPostProcessor.postProcessProperties(CommonAnnotationBeanPostProcessor.java:329)
	... 71 common frames omitted
Caused by: java.lang.IllegalArgumentException: Could not resolve placeholder 'spring.rabbitmq.top.activity.sku.stock.zero' in value "${spring.rabbitmq.top.activity.sku.stock.zero}"
	at org.springframework.util.PropertyPlaceholderHelper.parseStringValue(PropertyPlaceholderHelper.java:180)
	at org.springframework.util.PropertyPlaceholderHelper.replacePlaceholders(PropertyPlaceholderHelper.java:126)
	at org.springframework.core.env.AbstractPropertyResolver.doResolvePlaceholders(AbstractPropertyResolver.java:239)
	at org.springframework.core.env.AbstractPropertyResolver.resolveRequiredPlaceholders(AbstractPropertyResolver.java:210)
	at org.springframework.context.support.PropertySourcesPlaceholderConfigurer.lambda$processProperties$0(PropertySourcesPlaceholderConfigurer.java:191)
	at org.springframework.beans.factory.support.AbstractBeanFactory.resolveEmbeddedValue(AbstractBeanFactory.java:936)
	at org.springframework.beans.factory.support.DefaultListableBeanFactory.doResolveDependency(DefaultListableBeanFactory.java:1332)
	at org.springframework.beans.factory.support.DefaultListableBeanFactory.resolveDependency(DefaultListableBeanFactory.java:1311)
	at org.springframework.beans.factory.annotation.AutowiredAnnotationBeanPostProcessor$AutowiredFieldElement.resolveFieldValue(AutowiredAnnotationBeanPostProcessor.java:657)
	at org.springframework.beans.factory.annotation.AutowiredAnnotationBeanPostProcessor$AutowiredFieldElement.inject(AutowiredAnnotationBeanPostProcessor.java:640)
	at org.springframework.beans.factory.annotation.InjectionMetadata.inject(InjectionMetadata.java:119)
	at org.springframework.beans.factory.annotation.AutowiredAnnotationBeanPostProcessor.postProcessProperties(AutowiredAnnotationBeanPostProcessor.java:399)
	... 85 common frames omitted
24-10-12.21:04:56.984 [main            ] INFO  RaffleActivityPartakeServiceTest - Starting RaffleActivityPartakeServiceTest using Java 19.0.1 on Legion-R9000P with PID 36752 (started by lenovo in E:\Code\Java\big-market\big-market-app)
24-10-12.21:04:56.984 [main            ] INFO  RaffleActivityPartakeServiceTest - The following 1 profile is active: "dev"
24-10-12.21:04:57.995 [main            ] INFO  RepositoryConfigurationDelegate - Multiple Spring Data modules found, entering strict repository configuration mode
24-10-12.21:04:58.000 [main            ] INFO  RepositoryConfigurationDelegate - Bootstrapping Spring Data Redis repositories in DEFAULT mode.
24-10-12.21:04:58.040 [main            ] INFO  RepositoryConfigurationDelegate - Finished Spring Data repository scanning in 26 ms. Found 0 Redis repository interfaces.
24-10-12.21:04:59.644 [main            ] INFO  Version                - Redisson 3.23.4
24-10-12.21:05:00.159 [redisson-netty-2-5] INFO  MasterPubSubConnectionPool - 1 connections initialized for 192.168.236.132/192.168.236.132:16379
24-10-12.21:05:00.184 [redisson-netty-2-13] INFO  MasterConnectionPool   - 5 connections initialized for 192.168.236.132/192.168.236.132:16379
24-10-12.21:05:01.000 [main            ] WARN  GenericWebApplicationContext - Exception encountered during context initialization - cancelling refresh attempt: org.springframework.beans.factory.UnsatisfiedDependencyException: Error creating bean with name 'updateActivitySkuStockJob': Unsatisfied dependency expressed through field 'skuStock'; nested exception is org.springframework.beans.factory.UnsatisfiedDependencyException: Error creating bean with name 'raffleActivityAccountQuotaService' defined in file [E:\Code\Java\big-market\big-market-domain\target\classes\com\origamii\domain\activity\service\quota\RaffleActivityAccountQuotaService.class]: Unsatisfied dependency expressed through constructor parameter 0; nested exception is org.springframework.beans.factory.BeanCreationException: Error creating bean with name 'activityRepository': Injection of resource dependencies failed; nested exception is org.springframework.beans.factory.BeanCreationException: Error creating bean with name 'activitySkuStockZeroMessageEvent': Injection of autowired dependencies failed; nested exception is java.lang.IllegalArgumentException: Could not resolve placeholder 'spring.rabbitmq.topic.activity_sku_stock_zero' in value "${spring.rabbitmq.topic.activity_sku_stock_zero}"
24-10-12.21:05:01.042 [main            ] INFO  ConditionEvaluationReportLoggingListener - 

Error starting ApplicationContext. To display the conditions report re-run your application with 'debug' enabled.
24-10-12.21:05:01.101 [main            ] ERROR SpringApplication      - Application run failed
org.springframework.beans.factory.UnsatisfiedDependencyException: Error creating bean with name 'updateActivitySkuStockJob': Unsatisfied dependency expressed through field 'skuStock'; nested exception is org.springframework.beans.factory.UnsatisfiedDependencyException: Error creating bean with name 'raffleActivityAccountQuotaService' defined in file [E:\Code\Java\big-market\big-market-domain\target\classes\com\origamii\domain\activity\service\quota\RaffleActivityAccountQuotaService.class]: Unsatisfied dependency expressed through constructor parameter 0; nested exception is org.springframework.beans.factory.BeanCreationException: Error creating bean with name 'activityRepository': Injection of resource dependencies failed; nested exception is org.springframework.beans.factory.BeanCreationException: Error creating bean with name 'activitySkuStockZeroMessageEvent': Injection of autowired dependencies failed; nested exception is java.lang.IllegalArgumentException: Could not resolve placeholder 'spring.rabbitmq.topic.activity_sku_stock_zero' in value "${spring.rabbitmq.topic.activity_sku_stock_zero}"
	at org.springframework.beans.factory.annotation.AutowiredAnnotationBeanPostProcessor$AutowiredFieldElement.resolveFieldValue(AutowiredAnnotationBeanPostProcessor.java:660)
	at org.springframework.beans.factory.annotation.AutowiredAnnotationBeanPostProcessor$AutowiredFieldElement.inject(AutowiredAnnotationBeanPostProcessor.java:640)
	at org.springframework.beans.factory.annotation.InjectionMetadata.inject(InjectionMetadata.java:119)
	at org.springframework.beans.factory.annotation.AutowiredAnnotationBeanPostProcessor.postProcessProperties(AutowiredAnnotationBeanPostProcessor.java:399)
	at org.springframework.beans.factory.support.AbstractAutowireCapableBeanFactory.populateBean(AbstractAutowireCapableBeanFactory.java:1431)
	at org.springframework.beans.factory.support.AbstractAutowireCapableBeanFactory.doCreateBean(AbstractAutowireCapableBeanFactory.java:619)
	at org.springframework.beans.factory.support.AbstractAutowireCapableBeanFactory.createBean(AbstractAutowireCapableBeanFactory.java:542)
	at org.springframework.beans.factory.support.AbstractBeanFactory.lambda$doGetBean$0(AbstractBeanFactory.java:335)
	at org.springframework.beans.factory.support.DefaultSingletonBeanRegistry.getSingleton(DefaultSingletonBeanRegistry.java:234)
	at org.springframework.beans.factory.support.AbstractBeanFactory.doGetBean(AbstractBeanFactory.java:333)
	at org.springframework.beans.factory.support.AbstractBeanFactory.getBean(AbstractBeanFactory.java:208)
	at org.springframework.beans.factory.support.DefaultListableBeanFactory.preInstantiateSingletons(DefaultListableBeanFactory.java:955)
	at org.springframework.context.support.AbstractApplicationContext.finishBeanFactoryInitialization(AbstractApplicationContext.java:920)
	at org.springframework.context.support.AbstractApplicationContext.refresh(AbstractApplicationContext.java:583)
	at org.springframework.boot.SpringApplication.refresh(SpringApplication.java:731)
	at org.springframework.boot.SpringApplication.refreshContext(SpringApplication.java:408)
	at org.springframework.boot.SpringApplication.run(SpringApplication.java:307)
	at org.springframework.boot.test.context.SpringBootContextLoader.loadContext(SpringBootContextLoader.java:136)
	at org.springframework.test.context.cache.DefaultCacheAwareContextLoaderDelegate.loadContextInternal(DefaultCacheAwareContextLoaderDelegate.java:141)
	at org.springframework.test.context.cache.DefaultCacheAwareContextLoaderDelegate.loadContext(DefaultCacheAwareContextLoaderDelegate.java:90)
	at org.springframework.test.context.support.DefaultTestContext.getApplicationContext(DefaultTestContext.java:124)
	at org.springframework.test.context.web.ServletTestExecutionListener.setUpRequestContextIfNecessary(ServletTestExecutionListener.java:190)
	at org.springframework.test.context.web.ServletTestExecutionListener.prepareTestInstance(ServletTestExecutionListener.java:132)
	at org.springframework.test.context.TestContextManager.prepareTestInstance(TestContextManager.java:248)
	at org.springframework.test.context.junit4.SpringJUnit4ClassRunner.createTest(SpringJUnit4ClassRunner.java:227)
	at org.springframework.test.context.junit4.SpringJUnit4ClassRunner$1.runReflectiveCall(SpringJUnit4ClassRunner.java:289)
	at org.junit.internal.runners.model.ReflectiveCallable.run(ReflectiveCallable.java:12)
	at org.springframework.test.context.junit4.SpringJUnit4ClassRunner.methodBlock(SpringJUnit4ClassRunner.java:291)
	at org.springframework.test.context.junit4.SpringJUnit4ClassRunner.runChild(SpringJUnit4ClassRunner.java:246)
	at org.springframework.test.context.junit4.SpringJUnit4ClassRunner.runChild(SpringJUnit4ClassRunner.java:97)
	at org.junit.runners.ParentRunner$4.run(ParentRunner.java:331)
	at org.junit.runners.ParentRunner$1.schedule(ParentRunner.java:79)
	at org.junit.runners.ParentRunner.runChildren(ParentRunner.java:329)
	at org.junit.runners.ParentRunner.access$100(ParentRunner.java:66)
	at org.junit.runners.ParentRunner$2.evaluate(ParentRunner.java:293)
	at org.springframework.test.context.junit4.statements.RunBeforeTestClassCallbacks.evaluate(RunBeforeTestClassCallbacks.java:61)
	at org.springframework.test.context.junit4.statements.RunAfterTestClassCallbacks.evaluate(RunAfterTestClassCallbacks.java:70)
	at org.junit.runners.ParentRunner$3.evaluate(ParentRunner.java:306)
	at org.junit.runners.ParentRunner.run(ParentRunner.java:413)
	at org.springframework.test.context.junit4.SpringJUnit4ClassRunner.run(SpringJUnit4ClassRunner.java:190)
	at org.junit.runner.JUnitCore.run(JUnitCore.java:137)
	at com.intellij.junit4.JUnit4IdeaTestRunner.startRunnerWithArgs(JUnit4IdeaTestRunner.java:69)
	at com.intellij.rt.junit.IdeaTestRunner$Repeater$1.execute(IdeaTestRunner.java:38)
	at com.intellij.rt.execution.junit.TestsRepeater.repeat(TestsRepeater.java:11)
	at com.intellij.rt.junit.IdeaTestRunner$Repeater.startRunnerWithArgs(IdeaTestRunner.java:35)
	at com.intellij.rt.junit.JUnitStarter.prepareStreamsAndStart(JUnitStarter.java:232)
	at com.intellij.rt.junit.JUnitStarter.main(JUnitStarter.java:55)
Caused by: org.springframework.beans.factory.UnsatisfiedDependencyException: Error creating bean with name 'raffleActivityAccountQuotaService' defined in file [E:\Code\Java\big-market\big-market-domain\target\classes\com\origamii\domain\activity\service\quota\RaffleActivityAccountQuotaService.class]: Unsatisfied dependency expressed through constructor parameter 0; nested exception is org.springframework.beans.factory.BeanCreationException: Error creating bean with name 'activityRepository': Injection of resource dependencies failed; nested exception is org.springframework.beans.factory.BeanCreationException: Error creating bean with name 'activitySkuStockZeroMessageEvent': Injection of autowired dependencies failed; nested exception is java.lang.IllegalArgumentException: Could not resolve placeholder 'spring.rabbitmq.topic.activity_sku_stock_zero' in value "${spring.rabbitmq.topic.activity_sku_stock_zero}"
	at org.springframework.beans.factory.support.ConstructorResolver.createArgumentArray(ConstructorResolver.java:800)
	at org.springframework.beans.factory.support.ConstructorResolver.autowireConstructor(ConstructorResolver.java:229)
	at org.springframework.beans.factory.support.AbstractAutowireCapableBeanFactory.autowireConstructor(AbstractAutowireCapableBeanFactory.java:1372)
	at org.springframework.beans.factory.support.AbstractAutowireCapableBeanFactory.createBeanInstance(AbstractAutowireCapableBeanFactory.java:1222)
	at org.springframework.beans.factory.support.AbstractAutowireCapableBeanFactory.doCreateBean(AbstractAutowireCapableBeanFactory.java:582)
	at org.springframework.beans.factory.support.AbstractAutowireCapableBeanFactory.createBean(AbstractAutowireCapableBeanFactory.java:542)
	at org.springframework.beans.factory.support.AbstractBeanFactory.lambda$doGetBean$0(AbstractBeanFactory.java:335)
	at org.springframework.beans.factory.support.DefaultSingletonBeanRegistry.getSingleton(DefaultSingletonBeanRegistry.java:234)
	at org.springframework.beans.factory.support.AbstractBeanFactory.doGetBean(AbstractBeanFactory.java:333)
	at org.springframework.beans.factory.support.AbstractBeanFactory.getBean(AbstractBeanFactory.java:208)
	at org.springframework.beans.factory.config.DependencyDescriptor.resolveCandidate(DependencyDescriptor.java:276)
	at org.springframework.beans.factory.support.DefaultListableBeanFactory.doResolveDependency(DefaultListableBeanFactory.java:1391)
	at org.springframework.beans.factory.support.DefaultListableBeanFactory.resolveDependency(DefaultListableBeanFactory.java:1311)
	at org.springframework.beans.factory.annotation.AutowiredAnnotationBeanPostProcessor$AutowiredFieldElement.resolveFieldValue(AutowiredAnnotationBeanPostProcessor.java:657)
	... 46 common frames omitted
Caused by: org.springframework.beans.factory.BeanCreationException: Error creating bean with name 'activityRepository': Injection of resource dependencies failed; nested exception is org.springframework.beans.factory.BeanCreationException: Error creating bean with name 'activitySkuStockZeroMessageEvent': Injection of autowired dependencies failed; nested exception is java.lang.IllegalArgumentException: Could not resolve placeholder 'spring.rabbitmq.topic.activity_sku_stock_zero' in value "${spring.rabbitmq.topic.activity_sku_stock_zero}"
	at org.springframework.context.annotation.CommonAnnotationBeanPostProcessor.postProcessProperties(CommonAnnotationBeanPostProcessor.java:332)
	at org.springframework.beans.factory.support.AbstractAutowireCapableBeanFactory.populateBean(AbstractAutowireCapableBeanFactory.java:1431)
	at org.springframework.beans.factory.support.AbstractAutowireCapableBeanFactory.doCreateBean(AbstractAutowireCapableBeanFactory.java:619)
	at org.springframework.beans.factory.support.AbstractAutowireCapableBeanFactory.createBean(AbstractAutowireCapableBeanFactory.java:542)
	at org.springframework.beans.factory.support.AbstractBeanFactory.lambda$doGetBean$0(AbstractBeanFactory.java:335)
	at org.springframework.beans.factory.support.DefaultSingletonBeanRegistry.getSingleton(DefaultSingletonBeanRegistry.java:234)
	at org.springframework.beans.factory.support.AbstractBeanFactory.doGetBean(AbstractBeanFactory.java:333)
	at org.springframework.beans.factory.support.AbstractBeanFactory.getBean(AbstractBeanFactory.java:208)
	at org.springframework.beans.factory.config.DependencyDescriptor.resolveCandidate(DependencyDescriptor.java:276)
	at org.springframework.beans.factory.support.DefaultListableBeanFactory.doResolveDependency(DefaultListableBeanFactory.java:1391)
	at org.springframework.beans.factory.support.DefaultListableBeanFactory.resolveDependency(DefaultListableBeanFactory.java:1311)
	at org.springframework.beans.factory.support.ConstructorResolver.resolveAutowiredArgument(ConstructorResolver.java:887)
	at org.springframework.beans.factory.support.ConstructorResolver.createArgumentArray(ConstructorResolver.java:791)
	... 59 common frames omitted
Caused by: org.springframework.beans.factory.BeanCreationException: Error creating bean with name 'activitySkuStockZeroMessageEvent': Injection of autowired dependencies failed; nested exception is java.lang.IllegalArgumentException: Could not resolve placeholder 'spring.rabbitmq.topic.activity_sku_stock_zero' in value "${spring.rabbitmq.topic.activity_sku_stock_zero}"
	at org.springframework.beans.factory.annotation.AutowiredAnnotationBeanPostProcessor.postProcessProperties(AutowiredAnnotationBeanPostProcessor.java:405)
	at org.springframework.beans.factory.support.AbstractAutowireCapableBeanFactory.populateBean(AbstractAutowireCapableBeanFactory.java:1431)
	at org.springframework.beans.factory.support.AbstractAutowireCapableBeanFactory.doCreateBean(AbstractAutowireCapableBeanFactory.java:619)
	at org.springframework.beans.factory.support.AbstractAutowireCapableBeanFactory.createBean(AbstractAutowireCapableBeanFactory.java:542)
	at org.springframework.beans.factory.support.AbstractBeanFactory.lambda$doGetBean$0(AbstractBeanFactory.java:335)
	at org.springframework.beans.factory.support.DefaultSingletonBeanRegistry.getSingleton(DefaultSingletonBeanRegistry.java:234)
	at org.springframework.beans.factory.support.AbstractBeanFactory.doGetBean(AbstractBeanFactory.java:333)
	at org.springframework.beans.factory.support.AbstractBeanFactory.getBean(AbstractBeanFactory.java:213)
	at org.springframework.beans.factory.support.AbstractAutowireCapableBeanFactory.resolveBeanByName(AbstractAutowireCapableBeanFactory.java:479)
	at org.springframework.context.annotation.CommonAnnotationBeanPostProcessor.autowireResource(CommonAnnotationBeanPostProcessor.java:550)
	at org.springframework.context.annotation.CommonAnnotationBeanPostProcessor.getResource(CommonAnnotationBeanPostProcessor.java:520)
	at org.springframework.context.annotation.CommonAnnotationBeanPostProcessor$ResourceElement.getResourceToInject(CommonAnnotationBeanPostProcessor.java:673)
	at org.springframework.beans.factory.annotation.InjectionMetadata$InjectedElement.inject(InjectionMetadata.java:228)
	at org.springframework.beans.factory.annotation.InjectionMetadata.inject(InjectionMetadata.java:119)
	at org.springframework.context.annotation.CommonAnnotationBeanPostProcessor.postProcessProperties(CommonAnnotationBeanPostProcessor.java:329)
	... 71 common frames omitted
Caused by: java.lang.IllegalArgumentException: Could not resolve placeholder 'spring.rabbitmq.topic.activity_sku_stock_zero' in value "${spring.rabbitmq.topic.activity_sku_stock_zero}"
	at org.springframework.util.PropertyPlaceholderHelper.parseStringValue(PropertyPlaceholderHelper.java:180)
	at org.springframework.util.PropertyPlaceholderHelper.replacePlaceholders(PropertyPlaceholderHelper.java:126)
	at org.springframework.core.env.AbstractPropertyResolver.doResolvePlaceholders(AbstractPropertyResolver.java:239)
	at org.springframework.core.env.AbstractPropertyResolver.resolveRequiredPlaceholders(AbstractPropertyResolver.java:210)
	at org.springframework.context.support.PropertySourcesPlaceholderConfigurer.lambda$processProperties$0(PropertySourcesPlaceholderConfigurer.java:191)
	at org.springframework.beans.factory.support.AbstractBeanFactory.resolveEmbeddedValue(AbstractBeanFactory.java:936)
	at org.springframework.beans.factory.support.DefaultListableBeanFactory.doResolveDependency(DefaultListableBeanFactory.java:1332)
	at org.springframework.beans.factory.support.DefaultListableBeanFactory.resolveDependency(DefaultListableBeanFactory.java:1311)
	at org.springframework.beans.factory.annotation.AutowiredAnnotationBeanPostProcessor$AutowiredFieldElement.resolveFieldValue(AutowiredAnnotationBeanPostProcessor.java:657)
	at org.springframework.beans.factory.annotation.AutowiredAnnotationBeanPostProcessor$AutowiredFieldElement.inject(AutowiredAnnotationBeanPostProcessor.java:640)
	at org.springframework.beans.factory.annotation.InjectionMetadata.inject(InjectionMetadata.java:119)
	at org.springframework.beans.factory.annotation.AutowiredAnnotationBeanPostProcessor.postProcessProperties(AutowiredAnnotationBeanPostProcessor.java:399)
	... 85 common frames omitted
24-10-12.21:05:01.106 [main            ] ERROR TestContextManager     - Caught exception while allowing TestExecutionListener [org.springframework.test.context.web.ServletTestExecutionListener@792b749c] to prepare test instance [com.origamii.test.domin.activity.RaffleActivityPartakeServiceTest@6b2f7527]
java.lang.IllegalStateException: Failed to load ApplicationContext
	at org.springframework.test.context.cache.DefaultCacheAwareContextLoaderDelegate.loadContext(DefaultCacheAwareContextLoaderDelegate.java:98)
	at org.springframework.test.context.support.DefaultTestContext.getApplicationContext(DefaultTestContext.java:124)
	at org.springframework.test.context.web.ServletTestExecutionListener.setUpRequestContextIfNecessary(ServletTestExecutionListener.java:190)
	at org.springframework.test.context.web.ServletTestExecutionListener.prepareTestInstance(ServletTestExecutionListener.java:132)
	at org.springframework.test.context.TestContextManager.prepareTestInstance(TestContextManager.java:248)
	at org.springframework.test.context.junit4.SpringJUnit4ClassRunner.createTest(SpringJUnit4ClassRunner.java:227)
	at org.springframework.test.context.junit4.SpringJUnit4ClassRunner$1.runReflectiveCall(SpringJUnit4ClassRunner.java:289)
	at org.junit.internal.runners.model.ReflectiveCallable.run(ReflectiveCallable.java:12)
	at org.springframework.test.context.junit4.SpringJUnit4ClassRunner.methodBlock(SpringJUnit4ClassRunner.java:291)
	at org.springframework.test.context.junit4.SpringJUnit4ClassRunner.runChild(SpringJUnit4ClassRunner.java:246)
	at org.springframework.test.context.junit4.SpringJUnit4ClassRunner.runChild(SpringJUnit4ClassRunner.java:97)
	at org.junit.runners.ParentRunner$4.run(ParentRunner.java:331)
	at org.junit.runners.ParentRunner$1.schedule(ParentRunner.java:79)
	at org.junit.runners.ParentRunner.runChildren(ParentRunner.java:329)
	at org.junit.runners.ParentRunner.access$100(ParentRunner.java:66)
	at org.junit.runners.ParentRunner$2.evaluate(ParentRunner.java:293)
	at org.springframework.test.context.junit4.statements.RunBeforeTestClassCallbacks.evaluate(RunBeforeTestClassCallbacks.java:61)
	at org.springframework.test.context.junit4.statements.RunAfterTestClassCallbacks.evaluate(RunAfterTestClassCallbacks.java:70)
	at org.junit.runners.ParentRunner$3.evaluate(ParentRunner.java:306)
	at org.junit.runners.ParentRunner.run(ParentRunner.java:413)
	at org.springframework.test.context.junit4.SpringJUnit4ClassRunner.run(SpringJUnit4ClassRunner.java:190)
	at org.junit.runner.JUnitCore.run(JUnitCore.java:137)
	at com.intellij.junit4.JUnit4IdeaTestRunner.startRunnerWithArgs(JUnit4IdeaTestRunner.java:69)
	at com.intellij.rt.junit.IdeaTestRunner$Repeater$1.execute(IdeaTestRunner.java:38)
	at com.intellij.rt.execution.junit.TestsRepeater.repeat(TestsRepeater.java:11)
	at com.intellij.rt.junit.IdeaTestRunner$Repeater.startRunnerWithArgs(IdeaTestRunner.java:35)
	at com.intellij.rt.junit.JUnitStarter.prepareStreamsAndStart(JUnitStarter.java:232)
	at com.intellij.rt.junit.JUnitStarter.main(JUnitStarter.java:55)
Caused by: org.springframework.beans.factory.UnsatisfiedDependencyException: Error creating bean with name 'updateActivitySkuStockJob': Unsatisfied dependency expressed through field 'skuStock'; nested exception is org.springframework.beans.factory.UnsatisfiedDependencyException: Error creating bean with name 'raffleActivityAccountQuotaService' defined in file [E:\Code\Java\big-market\big-market-domain\target\classes\com\origamii\domain\activity\service\quota\RaffleActivityAccountQuotaService.class]: Unsatisfied dependency expressed through constructor parameter 0; nested exception is org.springframework.beans.factory.BeanCreationException: Error creating bean with name 'activityRepository': Injection of resource dependencies failed; nested exception is org.springframework.beans.factory.BeanCreationException: Error creating bean with name 'activitySkuStockZeroMessageEvent': Injection of autowired dependencies failed; nested exception is java.lang.IllegalArgumentException: Could not resolve placeholder 'spring.rabbitmq.topic.activity_sku_stock_zero' in value "${spring.rabbitmq.topic.activity_sku_stock_zero}"
	at org.springframework.beans.factory.annotation.AutowiredAnnotationBeanPostProcessor$AutowiredFieldElement.resolveFieldValue(AutowiredAnnotationBeanPostProcessor.java:660)
	at org.springframework.beans.factory.annotation.AutowiredAnnotationBeanPostProcessor$AutowiredFieldElement.inject(AutowiredAnnotationBeanPostProcessor.java:640)
	at org.springframework.beans.factory.annotation.InjectionMetadata.inject(InjectionMetadata.java:119)
	at org.springframework.beans.factory.annotation.AutowiredAnnotationBeanPostProcessor.postProcessProperties(AutowiredAnnotationBeanPostProcessor.java:399)
	at org.springframework.beans.factory.support.AbstractAutowireCapableBeanFactory.populateBean(AbstractAutowireCapableBeanFactory.java:1431)
	at org.springframework.beans.factory.support.AbstractAutowireCapableBeanFactory.doCreateBean(AbstractAutowireCapableBeanFactory.java:619)
	at org.springframework.beans.factory.support.AbstractAutowireCapableBeanFactory.createBean(AbstractAutowireCapableBeanFactory.java:542)
	at org.springframework.beans.factory.support.AbstractBeanFactory.lambda$doGetBean$0(AbstractBeanFactory.java:335)
	at org.springframework.beans.factory.support.DefaultSingletonBeanRegistry.getSingleton(DefaultSingletonBeanRegistry.java:234)
	at org.springframework.beans.factory.support.AbstractBeanFactory.doGetBean(AbstractBeanFactory.java:333)
	at org.springframework.beans.factory.support.AbstractBeanFactory.getBean(AbstractBeanFactory.java:208)
	at org.springframework.beans.factory.support.DefaultListableBeanFactory.preInstantiateSingletons(DefaultListableBeanFactory.java:955)
	at org.springframework.context.support.AbstractApplicationContext.finishBeanFactoryInitialization(AbstractApplicationContext.java:920)
	at org.springframework.context.support.AbstractApplicationContext.refresh(AbstractApplicationContext.java:583)
	at org.springframework.boot.SpringApplication.refresh(SpringApplication.java:731)
	at org.springframework.boot.SpringApplication.refreshContext(SpringApplication.java:408)
	at org.springframework.boot.SpringApplication.run(SpringApplication.java:307)
	at org.springframework.boot.test.context.SpringBootContextLoader.loadContext(SpringBootContextLoader.java:136)
	at org.springframework.test.context.cache.DefaultCacheAwareContextLoaderDelegate.loadContextInternal(DefaultCacheAwareContextLoaderDelegate.java:141)
	at org.springframework.test.context.cache.DefaultCacheAwareContextLoaderDelegate.loadContext(DefaultCacheAwareContextLoaderDelegate.java:90)
	... 27 common frames omitted
Caused by: org.springframework.beans.factory.UnsatisfiedDependencyException: Error creating bean with name 'raffleActivityAccountQuotaService' defined in file [E:\Code\Java\big-market\big-market-domain\target\classes\com\origamii\domain\activity\service\quota\RaffleActivityAccountQuotaService.class]: Unsatisfied dependency expressed through constructor parameter 0; nested exception is org.springframework.beans.factory.BeanCreationException: Error creating bean with name 'activityRepository': Injection of resource dependencies failed; nested exception is org.springframework.beans.factory.BeanCreationException: Error creating bean with name 'activitySkuStockZeroMessageEvent': Injection of autowired dependencies failed; nested exception is java.lang.IllegalArgumentException: Could not resolve placeholder 'spring.rabbitmq.topic.activity_sku_stock_zero' in value "${spring.rabbitmq.topic.activity_sku_stock_zero}"
	at org.springframework.beans.factory.support.ConstructorResolver.createArgumentArray(ConstructorResolver.java:800)
	at org.springframework.beans.factory.support.ConstructorResolver.autowireConstructor(ConstructorResolver.java:229)
	at org.springframework.beans.factory.support.AbstractAutowireCapableBeanFactory.autowireConstructor(AbstractAutowireCapableBeanFactory.java:1372)
	at org.springframework.beans.factory.support.AbstractAutowireCapableBeanFactory.createBeanInstance(AbstractAutowireCapableBeanFactory.java:1222)
	at org.springframework.beans.factory.support.AbstractAutowireCapableBeanFactory.doCreateBean(AbstractAutowireCapableBeanFactory.java:582)
	at org.springframework.beans.factory.support.AbstractAutowireCapableBeanFactory.createBean(AbstractAutowireCapableBeanFactory.java:542)
	at org.springframework.beans.factory.support.AbstractBeanFactory.lambda$doGetBean$0(AbstractBeanFactory.java:335)
	at org.springframework.beans.factory.support.DefaultSingletonBeanRegistry.getSingleton(DefaultSingletonBeanRegistry.java:234)
	at org.springframework.beans.factory.support.AbstractBeanFactory.doGetBean(AbstractBeanFactory.java:333)
	at org.springframework.beans.factory.support.AbstractBeanFactory.getBean(AbstractBeanFactory.java:208)
	at org.springframework.beans.factory.config.DependencyDescriptor.resolveCandidate(DependencyDescriptor.java:276)
	at org.springframework.beans.factory.support.DefaultListableBeanFactory.doResolveDependency(DefaultListableBeanFactory.java:1391)
	at org.springframework.beans.factory.support.DefaultListableBeanFactory.resolveDependency(DefaultListableBeanFactory.java:1311)
	at org.springframework.beans.factory.annotation.AutowiredAnnotationBeanPostProcessor$AutowiredFieldElement.resolveFieldValue(AutowiredAnnotationBeanPostProcessor.java:657)
	... 46 common frames omitted
Caused by: org.springframework.beans.factory.BeanCreationException: Error creating bean with name 'activityRepository': Injection of resource dependencies failed; nested exception is org.springframework.beans.factory.BeanCreationException: Error creating bean with name 'activitySkuStockZeroMessageEvent': Injection of autowired dependencies failed; nested exception is java.lang.IllegalArgumentException: Could not resolve placeholder 'spring.rabbitmq.topic.activity_sku_stock_zero' in value "${spring.rabbitmq.topic.activity_sku_stock_zero}"
	at org.springframework.context.annotation.CommonAnnotationBeanPostProcessor.postProcessProperties(CommonAnnotationBeanPostProcessor.java:332)
	at org.springframework.beans.factory.support.AbstractAutowireCapableBeanFactory.populateBean(AbstractAutowireCapableBeanFactory.java:1431)
	at org.springframework.beans.factory.support.AbstractAutowireCapableBeanFactory.doCreateBean(AbstractAutowireCapableBeanFactory.java:619)
	at org.springframework.beans.factory.support.AbstractAutowireCapableBeanFactory.createBean(AbstractAutowireCapableBeanFactory.java:542)
	at org.springframework.beans.factory.support.AbstractBeanFactory.lambda$doGetBean$0(AbstractBeanFactory.java:335)
	at org.springframework.beans.factory.support.DefaultSingletonBeanRegistry.getSingleton(DefaultSingletonBeanRegistry.java:234)
	at org.springframework.beans.factory.support.AbstractBeanFactory.doGetBean(AbstractBeanFactory.java:333)
	at org.springframework.beans.factory.support.AbstractBeanFactory.getBean(AbstractBeanFactory.java:208)
	at org.springframework.beans.factory.config.DependencyDescriptor.resolveCandidate(DependencyDescriptor.java:276)
	at org.springframework.beans.factory.support.DefaultListableBeanFactory.doResolveDependency(DefaultListableBeanFactory.java:1391)
	at org.springframework.beans.factory.support.DefaultListableBeanFactory.resolveDependency(DefaultListableBeanFactory.java:1311)
	at org.springframework.beans.factory.support.ConstructorResolver.resolveAutowiredArgument(ConstructorResolver.java:887)
	at org.springframework.beans.factory.support.ConstructorResolver.createArgumentArray(ConstructorResolver.java:791)
	... 59 common frames omitted
Caused by: org.springframework.beans.factory.BeanCreationException: Error creating bean with name 'activitySkuStockZeroMessageEvent': Injection of autowired dependencies failed; nested exception is java.lang.IllegalArgumentException: Could not resolve placeholder 'spring.rabbitmq.topic.activity_sku_stock_zero' in value "${spring.rabbitmq.topic.activity_sku_stock_zero}"
	at org.springframework.beans.factory.annotation.AutowiredAnnotationBeanPostProcessor.postProcessProperties(AutowiredAnnotationBeanPostProcessor.java:405)
	at org.springframework.beans.factory.support.AbstractAutowireCapableBeanFactory.populateBean(AbstractAutowireCapableBeanFactory.java:1431)
	at org.springframework.beans.factory.support.AbstractAutowireCapableBeanFactory.doCreateBean(AbstractAutowireCapableBeanFactory.java:619)
	at org.springframework.beans.factory.support.AbstractAutowireCapableBeanFactory.createBean(AbstractAutowireCapableBeanFactory.java:542)
	at org.springframework.beans.factory.support.AbstractBeanFactory.lambda$doGetBean$0(AbstractBeanFactory.java:335)
	at org.springframework.beans.factory.support.DefaultSingletonBeanRegistry.getSingleton(DefaultSingletonBeanRegistry.java:234)
	at org.springframework.beans.factory.support.AbstractBeanFactory.doGetBean(AbstractBeanFactory.java:333)
	at org.springframework.beans.factory.support.AbstractBeanFactory.getBean(AbstractBeanFactory.java:213)
	at org.springframework.beans.factory.support.AbstractAutowireCapableBeanFactory.resolveBeanByName(AbstractAutowireCapableBeanFactory.java:479)
	at org.springframework.context.annotation.CommonAnnotationBeanPostProcessor.autowireResource(CommonAnnotationBeanPostProcessor.java:550)
	at org.springframework.context.annotation.CommonAnnotationBeanPostProcessor.getResource(CommonAnnotationBeanPostProcessor.java:520)
	at org.springframework.context.annotation.CommonAnnotationBeanPostProcessor$ResourceElement.getResourceToInject(CommonAnnotationBeanPostProcessor.java:673)
	at org.springframework.beans.factory.annotation.InjectionMetadata$InjectedElement.inject(InjectionMetadata.java:228)
	at org.springframework.beans.factory.annotation.InjectionMetadata.inject(InjectionMetadata.java:119)
	at org.springframework.context.annotation.CommonAnnotationBeanPostProcessor.postProcessProperties(CommonAnnotationBeanPostProcessor.java:329)
	... 71 common frames omitted
Caused by: java.lang.IllegalArgumentException: Could not resolve placeholder 'spring.rabbitmq.topic.activity_sku_stock_zero' in value "${spring.rabbitmq.topic.activity_sku_stock_zero}"
	at org.springframework.util.PropertyPlaceholderHelper.parseStringValue(PropertyPlaceholderHelper.java:180)
	at org.springframework.util.PropertyPlaceholderHelper.replacePlaceholders(PropertyPlaceholderHelper.java:126)
	at org.springframework.core.env.AbstractPropertyResolver.doResolvePlaceholders(AbstractPropertyResolver.java:239)
	at org.springframework.core.env.AbstractPropertyResolver.resolveRequiredPlaceholders(AbstractPropertyResolver.java:210)
	at org.springframework.context.support.PropertySourcesPlaceholderConfigurer.lambda$processProperties$0(PropertySourcesPlaceholderConfigurer.java:191)
	at org.springframework.beans.factory.support.AbstractBeanFactory.resolveEmbeddedValue(AbstractBeanFactory.java:936)
	at org.springframework.beans.factory.support.DefaultListableBeanFactory.doResolveDependency(DefaultListableBeanFactory.java:1332)
	at org.springframework.beans.factory.support.DefaultListableBeanFactory.resolveDependency(DefaultListableBeanFactory.java:1311)
	at org.springframework.beans.factory.annotation.AutowiredAnnotationBeanPostProcessor$AutowiredFieldElement.resolveFieldValue(AutowiredAnnotationBeanPostProcessor.java:657)
	at org.springframework.beans.factory.annotation.AutowiredAnnotationBeanPostProcessor$AutowiredFieldElement.inject(AutowiredAnnotationBeanPostProcessor.java:640)
	at org.springframework.beans.factory.annotation.InjectionMetadata.inject(InjectionMetadata.java:119)
	at org.springframework.beans.factory.annotation.AutowiredAnnotationBeanPostProcessor.postProcessProperties(AutowiredAnnotationBeanPostProcessor.java:399)
	... 85 common frames omitted
24-10-12.21:06:33.714 [main            ] INFO  RaffleActivityPartakeServiceTest - Starting RaffleActivityPartakeServiceTest using Java 19.0.1 on Legion-R9000P with PID 35108 (started by lenovo in E:\Code\Java\big-market\big-market-app)
24-10-12.21:06:33.715 [main            ] INFO  RaffleActivityPartakeServiceTest - The following 1 profile is active: "dev"
24-10-12.21:06:34.729 [main            ] INFO  RepositoryConfigurationDelegate - Multiple Spring Data modules found, entering strict repository configuration mode
24-10-12.21:06:34.733 [main            ] INFO  RepositoryConfigurationDelegate - Bootstrapping Spring Data Redis repositories in DEFAULT mode.
24-10-12.21:06:34.774 [main            ] INFO  RepositoryConfigurationDelegate - Finished Spring Data repository scanning in 27 ms. Found 0 Redis repository interfaces.
24-10-12.21:06:36.424 [main            ] INFO  Version                - Redisson 3.23.4
24-10-12.21:06:36.932 [redisson-netty-2-4] INFO  MasterPubSubConnectionPool - 1 connections initialized for 192.168.236.132/192.168.236.132:16379
24-10-12.21:06:36.951 [redisson-netty-2-13] INFO  MasterConnectionPool   - 5 connections initialized for 192.168.236.132/192.168.236.132:16379
24-10-12.21:06:39.900 [main            ] INFO  EndpointLinksResolver  - Exposing 1 endpoint(s) beneath base path '/actuator'
24-10-12.21:06:39.995 [main            ] INFO  CachingConnectionFactory - Attempting to connect to: [192.168.236.132:5672]
24-10-12.21:07:01.038 [main            ] INFO  SimpleMessageListenerContainer - Broker not available; cannot force queue declarations during start: java.net.ConnectException: Connection timed out: no further information
24-10-12.21:07:01.047 [org.springframework.amqp.rabbit.RabbitListenerEndpointContainer#0-1] INFO  CachingConnectionFactory - Attempting to connect to: [192.168.236.132:5672]
24-10-12.21:07:22.086 [org.springframework.amqp.rabbit.RabbitListenerEndpointContainer#0-1] ERROR SimpleMessageListenerContainer - Failed to check/redeclare auto-delete queue(s).
org.springframework.amqp.AmqpConnectException: java.net.ConnectException: Connection timed out: no further information
	at org.springframework.amqp.rabbit.support.RabbitExceptionTranslator.convertRabbitAccessException(RabbitExceptionTranslator.java:61)
	at org.springframework.amqp.rabbit.connection.AbstractConnectionFactory.createBareConnection(AbstractConnectionFactory.java:603)
	at org.springframework.amqp.rabbit.connection.CachingConnectionFactory.createConnection(CachingConnectionFactory.java:725)
	at org.springframework.amqp.rabbit.connection.ConnectionFactoryUtils.createConnection(ConnectionFactoryUtils.java:252)
	at org.springframework.amqp.rabbit.core.RabbitTemplate.doExecute(RabbitTemplate.java:2210)
	at org.springframework.amqp.rabbit.core.RabbitTemplate.execute(RabbitTemplate.java:2183)
	at org.springframework.amqp.rabbit.core.RabbitTemplate.execute(RabbitTemplate.java:2163)
	at org.springframework.amqp.rabbit.core.RabbitAdmin.getQueueInfo(RabbitAdmin.java:463)
	at org.springframework.amqp.rabbit.core.RabbitAdmin.getQueueProperties(RabbitAdmin.java:447)
	at org.springframework.amqp.rabbit.listener.AbstractMessageListenerContainer.attemptDeclarations(AbstractMessageListenerContainer.java:1942)
	at org.springframework.amqp.rabbit.listener.AbstractMessageListenerContainer.redeclareElementsIfNecessary(AbstractMessageListenerContainer.java:1915)
	at org.springframework.amqp.rabbit.listener.SimpleMessageListenerContainer$AsyncMessageProcessingConsumer.initialize(SimpleMessageListenerContainer.java:1384)
	at org.springframework.amqp.rabbit.listener.SimpleMessageListenerContainer$AsyncMessageProcessingConsumer.run(SimpleMessageListenerContainer.java:1230)
	at java.base/java.lang.Thread.run(Thread.java:1589)
Caused by: java.net.ConnectException: Connection timed out: no further information
	at java.base/sun.nio.ch.Net.pollConnect(Native Method)
	at java.base/sun.nio.ch.Net.pollConnectNow(Net.java:672)
	at java.base/sun.nio.ch.NioSocketImpl.timedFinishConnect(NioSocketImpl.java:542)
	at java.base/sun.nio.ch.NioSocketImpl.connect(NioSocketImpl.java:585)
	at java.base/java.net.SocksSocketImpl.connect(SocksSocketImpl.java:327)
	at java.base/java.net.Socket.connect(Socket.java:666)
	at com.rabbitmq.client.impl.SocketFrameHandlerFactory.create(SocketFrameHandlerFactory.java:60)
	at com.rabbitmq.client.ConnectionFactory.newConnection(ConnectionFactory.java:1223)
	at com.rabbitmq.client.ConnectionFactory.newConnection(ConnectionFactory.java:1173)
	at org.springframework.amqp.rabbit.connection.AbstractConnectionFactory.connectAddresses(AbstractConnectionFactory.java:641)
	at org.springframework.amqp.rabbit.connection.AbstractConnectionFactory.connect(AbstractConnectionFactory.java:616)
	at org.springframework.amqp.rabbit.connection.AbstractConnectionFactory.createBareConnection(AbstractConnectionFactory.java:566)
	... 12 common frames omitted
24-10-12.21:07:22.088 [org.springframework.amqp.rabbit.RabbitListenerEndpointContainer#0-1] INFO  CachingConnectionFactory - Attempting to connect to: [192.168.236.132:5672]
24-10-12.21:07:43.151 [main            ] INFO  RaffleActivityPartakeServiceTest - Started RaffleActivityPartakeServiceTest in 69.901 seconds (JVM running for 70.716)
24-10-12.21:07:43.924 [redisson-netty-2-2] ERROR CommandDecoder         - Unable to decode data. channel: [id: 0xb9f4573e, L:/192.168.236.1:11130 - R:192.168.236.132/192.168.236.132:16379], reply: ReplayingDecoderByteBuf(ridx=132, widx=132), command: (GET), promise: java.util.concurrent.CompletableFuture@435b0f42[Not completed, 1 dependents], params: [big_market_activity_key_100301]
com.esotericsoftware.kryo.KryoException: Unable to find class: ava.util.Date
Serialization trace:
beginDateTime (com.origamii.domain.activity.model.entity.ActivityEntity)
	at com.esotericsoftware.kryo.util.DefaultClassResolver.readName(DefaultClassResolver.java:182)
	at com.esotericsoftware.kryo.util.DefaultClassResolver.readClass(DefaultClassResolver.java:151)
	at com.esotericsoftware.kryo.Kryo.readClass(Kryo.java:758)
	at com.esotericsoftware.kryo.serializers.ReflectField.read(ReflectField.java:117)
	at com.esotericsoftware.kryo.serializers.FieldSerializer.read(FieldSerializer.java:129)
	at com.esotericsoftware.kryo.Kryo.readClassAndObject(Kryo.java:880)
	at org.redisson.codec.Kryo5Codec$4.decode(Kryo5Codec.java:144)
	at org.redisson.client.handler.CommandDecoder.decode(CommandDecoder.java:394)
	at org.redisson.client.handler.CommandDecoder.decodeCommand(CommandDecoder.java:205)
	at org.redisson.client.handler.CommandDecoder.decode(CommandDecoder.java:144)
	at org.redisson.client.handler.CommandDecoder.decode(CommandDecoder.java:120)
	at io.netty.handler.codec.ByteToMessageDecoder.decodeRemovalReentryProtection(ByteToMessageDecoder.java:529)
	at io.netty.handler.codec.ReplayingDecoder.callDecode(ReplayingDecoder.java:366)
	at io.netty.handler.codec.ByteToMessageDecoder.channelRead(ByteToMessageDecoder.java:290)
	at io.netty.channel.AbstractChannelHandlerContext.invokeChannelRead(AbstractChannelHandlerContext.java:444)
	at io.netty.channel.AbstractChannelHandlerContext.invokeChannelRead(AbstractChannelHandlerContext.java:420)
	at io.netty.channel.AbstractChannelHandlerContext.fireChannelRead(AbstractChannelHandlerContext.java:412)
	at io.netty.channel.DefaultChannelPipeline$HeadContext.channelRead(DefaultChannelPipeline.java:1410)
	at io.netty.channel.AbstractChannelHandlerContext.invokeChannelRead(AbstractChannelHandlerContext.java:440)
	at io.netty.channel.AbstractChannelHandlerContext.invokeChannelRead(AbstractChannelHandlerContext.java:420)
	at io.netty.channel.DefaultChannelPipeline.fireChannelRead(DefaultChannelPipeline.java:919)
	at io.netty.channel.nio.AbstractNioByteChannel$NioByteUnsafe.read(AbstractNioByteChannel.java:166)
	at io.netty.channel.nio.NioEventLoop.processSelectedKey(NioEventLoop.java:788)
	at io.netty.channel.nio.NioEventLoop.processSelectedKeysOptimized(NioEventLoop.java:724)
	at io.netty.channel.nio.NioEventLoop.processSelectedKeys(NioEventLoop.java:650)
	at io.netty.channel.nio.NioEventLoop.run(NioEventLoop.java:562)
	at io.netty.util.concurrent.SingleThreadEventExecutor$4.run(SingleThreadEventExecutor.java:997)
	at io.netty.util.internal.ThreadExecutorMap$2.run(ThreadExecutorMap.java:74)
	at io.netty.util.concurrent.FastThreadLocalRunnable.run(FastThreadLocalRunnable.java:30)
	at java.base/java.lang.Thread.run(Thread.java:1589)
Caused by: java.lang.ClassNotFoundException: ava.util.Date
	at java.base/jdk.internal.loader.BuiltinClassLoader.loadClass(BuiltinClassLoader.java:641)
	at java.base/jdk.internal.loader.ClassLoaders$AppClassLoader.loadClass(ClassLoaders.java:188)
	at java.base/java.lang.ClassLoader.loadClass(ClassLoader.java:521)
	at java.base/java.lang.Class.forName0(Native Method)
	at java.base/java.lang.Class.forName(Class.java:495)
	at java.base/java.lang.Class.forName(Class.java:474)
	at com.esotericsoftware.kryo.util.DefaultClassResolver.readName(DefaultClassResolver.java:176)
	... 29 common frames omitted
24-10-12.21:07:43.930 [redisson-netty-2-2] ERROR ErrorsLoggingHandler   - Exception occured. Channel: [id: 0xb9f4573e, L:/192.168.236.1:11130 - R:192.168.236.132/192.168.236.132:16379]
io.netty.handler.codec.DecoderException: com.esotericsoftware.kryo.KryoException: Unable to find class: ava.util.Date
Serialization trace:
beginDateTime (com.origamii.domain.activity.model.entity.ActivityEntity)
	at io.netty.handler.codec.ReplayingDecoder.callDecode(ReplayingDecoder.java:421)
	at io.netty.handler.codec.ByteToMessageDecoder.channelRead(ByteToMessageDecoder.java:290)
	at io.netty.channel.AbstractChannelHandlerContext.invokeChannelRead(AbstractChannelHandlerContext.java:444)
	at io.netty.channel.AbstractChannelHandlerContext.invokeChannelRead(AbstractChannelHandlerContext.java:420)
	at io.netty.channel.AbstractChannelHandlerContext.fireChannelRead(AbstractChannelHandlerContext.java:412)
	at io.netty.channel.DefaultChannelPipeline$HeadContext.channelRead(DefaultChannelPipeline.java:1410)
	at io.netty.channel.AbstractChannelHandlerContext.invokeChannelRead(AbstractChannelHandlerContext.java:440)
	at io.netty.channel.AbstractChannelHandlerContext.invokeChannelRead(AbstractChannelHandlerContext.java:420)
	at io.netty.channel.DefaultChannelPipeline.fireChannelRead(DefaultChannelPipeline.java:919)
	at io.netty.channel.nio.AbstractNioByteChannel$NioByteUnsafe.read(AbstractNioByteChannel.java:166)
	at io.netty.channel.nio.NioEventLoop.processSelectedKey(NioEventLoop.java:788)
	at io.netty.channel.nio.NioEventLoop.processSelectedKeysOptimized(NioEventLoop.java:724)
	at io.netty.channel.nio.NioEventLoop.processSelectedKeys(NioEventLoop.java:650)
	at io.netty.channel.nio.NioEventLoop.run(NioEventLoop.java:562)
	at io.netty.util.concurrent.SingleThreadEventExecutor$4.run(SingleThreadEventExecutor.java:997)
	at io.netty.util.internal.ThreadExecutorMap$2.run(ThreadExecutorMap.java:74)
	at io.netty.util.concurrent.FastThreadLocalRunnable.run(FastThreadLocalRunnable.java:30)
	at java.base/java.lang.Thread.run(Thread.java:1589)
Caused by: com.esotericsoftware.kryo.KryoException: Unable to find class: ava.util.Date
Serialization trace:
beginDateTime (com.origamii.domain.activity.model.entity.ActivityEntity)
	at com.esotericsoftware.kryo.util.DefaultClassResolver.readName(DefaultClassResolver.java:182)
	at com.esotericsoftware.kryo.util.DefaultClassResolver.readClass(DefaultClassResolver.java:151)
	at com.esotericsoftware.kryo.Kryo.readClass(Kryo.java:758)
	at com.esotericsoftware.kryo.serializers.ReflectField.read(ReflectField.java:117)
	at com.esotericsoftware.kryo.serializers.FieldSerializer.read(FieldSerializer.java:129)
	at com.esotericsoftware.kryo.Kryo.readClassAndObject(Kryo.java:880)
	at org.redisson.codec.Kryo5Codec$4.decode(Kryo5Codec.java:144)
	at org.redisson.client.handler.CommandDecoder.decode(CommandDecoder.java:394)
	at org.redisson.client.handler.CommandDecoder.decodeCommand(CommandDecoder.java:205)
	at org.redisson.client.handler.CommandDecoder.decode(CommandDecoder.java:144)
	at org.redisson.client.handler.CommandDecoder.decode(CommandDecoder.java:120)
	at io.netty.handler.codec.ByteToMessageDecoder.decodeRemovalReentryProtection(ByteToMessageDecoder.java:529)
	at io.netty.handler.codec.ReplayingDecoder.callDecode(ReplayingDecoder.java:366)
	... 17 common frames omitted
Caused by: java.lang.ClassNotFoundException: ava.util.Date
	at java.base/jdk.internal.loader.BuiltinClassLoader.loadClass(BuiltinClassLoader.java:641)
	at java.base/jdk.internal.loader.ClassLoaders$AppClassLoader.loadClass(ClassLoaders.java:188)
	at java.base/java.lang.ClassLoader.loadClass(ClassLoader.java:521)
	at java.base/java.lang.Class.forName0(Native Method)
	at java.base/java.lang.Class.forName(Class.java:495)
	at java.base/java.lang.Class.forName(Class.java:474)
	at com.esotericsoftware.kryo.util.DefaultClassResolver.readName(DefaultClassResolver.java:176)
	... 29 common frames omitted
24-10-12.21:07:43.953 [org.springframework.amqp.rabbit.RabbitListenerEndpointContainer#0-2] INFO  SimpleMessageListenerContainer - Waiting for workers to finish.
24-10-12.21:07:43.953 [org.springframework.amqp.rabbit.RabbitListenerEndpointContainer#0-2] INFO  SimpleMessageListenerContainer - Successfully waited for workers to finish.
24-10-12.21:07:43.955 [SpringApplicationShutdownHook] INFO  SimpleMessageListenerContainer - Shutdown ignored - container is already stopped
24-10-12.21:07:48.618 [main            ] INFO  RaffleActivityPartakeServiceTest - Starting RaffleActivityPartakeServiceTest using Java 19.0.1 on Legion-R9000P with PID 33608 (started by lenovo in E:\Code\Java\big-market\big-market-app)
24-10-12.21:07:48.619 [main            ] INFO  RaffleActivityPartakeServiceTest - The following 1 profile is active: "dev"
24-10-12.21:07:49.721 [main            ] INFO  RepositoryConfigurationDelegate - Multiple Spring Data modules found, entering strict repository configuration mode
24-10-12.21:07:49.723 [main            ] INFO  RepositoryConfigurationDelegate - Bootstrapping Spring Data Redis repositories in DEFAULT mode.
24-10-12.21:07:49.766 [main            ] INFO  RepositoryConfigurationDelegate - Finished Spring Data repository scanning in 27 ms. Found 0 Redis repository interfaces.
24-10-12.21:07:51.628 [main            ] INFO  Version                - Redisson 3.23.4
24-10-12.21:07:52.164 [redisson-netty-2-4] INFO  MasterPubSubConnectionPool - 1 connections initialized for 192.168.236.132/192.168.236.132:16379
24-10-12.21:07:52.186 [redisson-netty-2-13] INFO  MasterConnectionPool   - 5 connections initialized for 192.168.236.132/192.168.236.132:16379
24-10-12.21:07:55.529 [main            ] INFO  EndpointLinksResolver  - Exposing 1 endpoint(s) beneath base path '/actuator'
24-10-12.21:07:55.652 [main            ] INFO  CachingConnectionFactory - Attempting to connect to: [192.168.236.132:5672]
24-10-12.21:07:57.702 [main            ] INFO  SimpleMessageListenerContainer - Broker not available; cannot force queue declarations during start: java.net.ConnectException: Connection refused: no further information
24-10-12.21:07:57.710 [org.springframework.amqp.rabbit.RabbitListenerEndpointContainer#0-1] INFO  CachingConnectionFactory - Attempting to connect to: [192.168.236.132:5672]
24-10-12.21:07:59.764 [org.springframework.amqp.rabbit.RabbitListenerEndpointContainer#0-1] ERROR SimpleMessageListenerContainer - Failed to check/redeclare auto-delete queue(s).
org.springframework.amqp.AmqpConnectException: java.net.ConnectException: Connection refused: no further information
	at org.springframework.amqp.rabbit.support.RabbitExceptionTranslator.convertRabbitAccessException(RabbitExceptionTranslator.java:61)
	at org.springframework.amqp.rabbit.connection.AbstractConnectionFactory.createBareConnection(AbstractConnectionFactory.java:603)
	at org.springframework.amqp.rabbit.connection.CachingConnectionFactory.createConnection(CachingConnectionFactory.java:725)
	at org.springframework.amqp.rabbit.connection.ConnectionFactoryUtils.createConnection(ConnectionFactoryUtils.java:252)
	at org.springframework.amqp.rabbit.core.RabbitTemplate.doExecute(RabbitTemplate.java:2210)
	at org.springframework.amqp.rabbit.core.RabbitTemplate.execute(RabbitTemplate.java:2183)
	at org.springframework.amqp.rabbit.core.RabbitTemplate.execute(RabbitTemplate.java:2163)
	at org.springframework.amqp.rabbit.core.RabbitAdmin.getQueueInfo(RabbitAdmin.java:463)
	at org.springframework.amqp.rabbit.core.RabbitAdmin.getQueueProperties(RabbitAdmin.java:447)
	at org.springframework.amqp.rabbit.listener.AbstractMessageListenerContainer.attemptDeclarations(AbstractMessageListenerContainer.java:1942)
	at org.springframework.amqp.rabbit.listener.AbstractMessageListenerContainer.redeclareElementsIfNecessary(AbstractMessageListenerContainer.java:1915)
	at org.springframework.amqp.rabbit.listener.SimpleMessageListenerContainer$AsyncMessageProcessingConsumer.initialize(SimpleMessageListenerContainer.java:1384)
	at org.springframework.amqp.rabbit.listener.SimpleMessageListenerContainer$AsyncMessageProcessingConsumer.run(SimpleMessageListenerContainer.java:1230)
	at java.base/java.lang.Thread.run(Thread.java:1589)
Caused by: java.net.ConnectException: Connection refused: no further information
	at java.base/sun.nio.ch.Net.pollConnect(Native Method)
	at java.base/sun.nio.ch.Net.pollConnectNow(Net.java:672)
	at java.base/sun.nio.ch.NioSocketImpl.timedFinishConnect(NioSocketImpl.java:542)
	at java.base/sun.nio.ch.NioSocketImpl.connect(NioSocketImpl.java:585)
	at java.base/java.net.SocksSocketImpl.connect(SocksSocketImpl.java:327)
	at java.base/java.net.Socket.connect(Socket.java:666)
	at com.rabbitmq.client.impl.SocketFrameHandlerFactory.create(SocketFrameHandlerFactory.java:60)
	at com.rabbitmq.client.ConnectionFactory.newConnection(ConnectionFactory.java:1223)
	at com.rabbitmq.client.ConnectionFactory.newConnection(ConnectionFactory.java:1173)
	at org.springframework.amqp.rabbit.connection.AbstractConnectionFactory.connectAddresses(AbstractConnectionFactory.java:641)
	at org.springframework.amqp.rabbit.connection.AbstractConnectionFactory.connect(AbstractConnectionFactory.java:616)
	at org.springframework.amqp.rabbit.connection.AbstractConnectionFactory.createBareConnection(AbstractConnectionFactory.java:566)
	... 12 common frames omitted
24-10-12.21:07:59.767 [org.springframework.amqp.rabbit.RabbitListenerEndpointContainer#0-1] INFO  CachingConnectionFactory - Attempting to connect to: [192.168.236.132:5672]
24-10-12.21:08:01.818 [main            ] INFO  RaffleActivityPartakeServiceTest - Started RaffleActivityPartakeServiceTest in 13.686 seconds (JVM running for 14.632)
24-10-12.21:08:02.338 [redisson-netty-2-2] ERROR CommandDecoder         - Unable to decode data. channel: [id: 0x089f72e2, L:/192.168.236.1:11391 - R:192.168.236.132/192.168.236.132:16379], reply: ReplayingDecoderByteBuf(ridx=132, widx=132), command: (GET), promise: java.util.concurrent.CompletableFuture@220fce20[Not completed, 1 dependents], params: [big_market_activity_key_100301]
com.esotericsoftware.kryo.KryoException: Unable to find class: ava.util.Date
Serialization trace:
beginDateTime (com.origamii.domain.activity.model.entity.ActivityEntity)
	at com.esotericsoftware.kryo.util.DefaultClassResolver.readName(DefaultClassResolver.java:182)
	at com.esotericsoftware.kryo.util.DefaultClassResolver.readClass(DefaultClassResolver.java:151)
	at com.esotericsoftware.kryo.Kryo.readClass(Kryo.java:758)
	at com.esotericsoftware.kryo.serializers.ReflectField.read(ReflectField.java:117)
	at com.esotericsoftware.kryo.serializers.FieldSerializer.read(FieldSerializer.java:129)
	at com.esotericsoftware.kryo.Kryo.readClassAndObject(Kryo.java:880)
	at org.redisson.codec.Kryo5Codec$4.decode(Kryo5Codec.java:144)
	at org.redisson.client.handler.CommandDecoder.decode(CommandDecoder.java:394)
	at org.redisson.client.handler.CommandDecoder.decodeCommand(CommandDecoder.java:205)
	at org.redisson.client.handler.CommandDecoder.decode(CommandDecoder.java:144)
	at org.redisson.client.handler.CommandDecoder.decode(CommandDecoder.java:120)
	at io.netty.handler.codec.ByteToMessageDecoder.decodeRemovalReentryProtection(ByteToMessageDecoder.java:529)
	at io.netty.handler.codec.ReplayingDecoder.callDecode(ReplayingDecoder.java:366)
	at io.netty.handler.codec.ByteToMessageDecoder.channelRead(ByteToMessageDecoder.java:290)
	at io.netty.channel.AbstractChannelHandlerContext.invokeChannelRead(AbstractChannelHandlerContext.java:444)
	at io.netty.channel.AbstractChannelHandlerContext.invokeChannelRead(AbstractChannelHandlerContext.java:420)
	at io.netty.channel.AbstractChannelHandlerContext.fireChannelRead(AbstractChannelHandlerContext.java:412)
	at io.netty.channel.DefaultChannelPipeline$HeadContext.channelRead(DefaultChannelPipeline.java:1410)
	at io.netty.channel.AbstractChannelHandlerContext.invokeChannelRead(AbstractChannelHandlerContext.java:440)
	at io.netty.channel.AbstractChannelHandlerContext.invokeChannelRead(AbstractChannelHandlerContext.java:420)
	at io.netty.channel.DefaultChannelPipeline.fireChannelRead(DefaultChannelPipeline.java:919)
	at io.netty.channel.nio.AbstractNioByteChannel$NioByteUnsafe.read(AbstractNioByteChannel.java:166)
	at io.netty.channel.nio.NioEventLoop.processSelectedKey(NioEventLoop.java:788)
	at io.netty.channel.nio.NioEventLoop.processSelectedKeysOptimized(NioEventLoop.java:724)
	at io.netty.channel.nio.NioEventLoop.processSelectedKeys(NioEventLoop.java:650)
	at io.netty.channel.nio.NioEventLoop.run(NioEventLoop.java:562)
	at io.netty.util.concurrent.SingleThreadEventExecutor$4.run(SingleThreadEventExecutor.java:997)
	at io.netty.util.internal.ThreadExecutorMap$2.run(ThreadExecutorMap.java:74)
	at io.netty.util.concurrent.FastThreadLocalRunnable.run(FastThreadLocalRunnable.java:30)
	at java.base/java.lang.Thread.run(Thread.java:1589)
Caused by: java.lang.ClassNotFoundException: ava.util.Date
	at java.base/jdk.internal.loader.BuiltinClassLoader.loadClass(BuiltinClassLoader.java:641)
	at java.base/jdk.internal.loader.ClassLoaders$AppClassLoader.loadClass(ClassLoaders.java:188)
	at java.base/java.lang.ClassLoader.loadClass(ClassLoader.java:521)
	at java.base/java.lang.Class.forName0(Native Method)
	at java.base/java.lang.Class.forName(Class.java:495)
	at java.base/java.lang.Class.forName(Class.java:474)
	at com.esotericsoftware.kryo.util.DefaultClassResolver.readName(DefaultClassResolver.java:176)
	... 29 common frames omitted
24-10-12.21:08:02.343 [redisson-netty-2-2] ERROR ErrorsLoggingHandler   - Exception occured. Channel: [id: 0x089f72e2, L:/192.168.236.1:11391 - R:192.168.236.132/192.168.236.132:16379]
io.netty.handler.codec.DecoderException: com.esotericsoftware.kryo.KryoException: Unable to find class: ava.util.Date
Serialization trace:
beginDateTime (com.origamii.domain.activity.model.entity.ActivityEntity)
	at io.netty.handler.codec.ReplayingDecoder.callDecode(ReplayingDecoder.java:421)
	at io.netty.handler.codec.ByteToMessageDecoder.channelRead(ByteToMessageDecoder.java:290)
	at io.netty.channel.AbstractChannelHandlerContext.invokeChannelRead(AbstractChannelHandlerContext.java:444)
	at io.netty.channel.AbstractChannelHandlerContext.invokeChannelRead(AbstractChannelHandlerContext.java:420)
	at io.netty.channel.AbstractChannelHandlerContext.fireChannelRead(AbstractChannelHandlerContext.java:412)
	at io.netty.channel.DefaultChannelPipeline$HeadContext.channelRead(DefaultChannelPipeline.java:1410)
	at io.netty.channel.AbstractChannelHandlerContext.invokeChannelRead(AbstractChannelHandlerContext.java:440)
	at io.netty.channel.AbstractChannelHandlerContext.invokeChannelRead(AbstractChannelHandlerContext.java:420)
	at io.netty.channel.DefaultChannelPipeline.fireChannelRead(DefaultChannelPipeline.java:919)
	at io.netty.channel.nio.AbstractNioByteChannel$NioByteUnsafe.read(AbstractNioByteChannel.java:166)
	at io.netty.channel.nio.NioEventLoop.processSelectedKey(NioEventLoop.java:788)
	at io.netty.channel.nio.NioEventLoop.processSelectedKeysOptimized(NioEventLoop.java:724)
	at io.netty.channel.nio.NioEventLoop.processSelectedKeys(NioEventLoop.java:650)
	at io.netty.channel.nio.NioEventLoop.run(NioEventLoop.java:562)
	at io.netty.util.concurrent.SingleThreadEventExecutor$4.run(SingleThreadEventExecutor.java:997)
	at io.netty.util.internal.ThreadExecutorMap$2.run(ThreadExecutorMap.java:74)
	at io.netty.util.concurrent.FastThreadLocalRunnable.run(FastThreadLocalRunnable.java:30)
	at java.base/java.lang.Thread.run(Thread.java:1589)
Caused by: com.esotericsoftware.kryo.KryoException: Unable to find class: ava.util.Date
Serialization trace:
beginDateTime (com.origamii.domain.activity.model.entity.ActivityEntity)
	at com.esotericsoftware.kryo.util.DefaultClassResolver.readName(DefaultClassResolver.java:182)
	at com.esotericsoftware.kryo.util.DefaultClassResolver.readClass(DefaultClassResolver.java:151)
	at com.esotericsoftware.kryo.Kryo.readClass(Kryo.java:758)
	at com.esotericsoftware.kryo.serializers.ReflectField.read(ReflectField.java:117)
	at com.esotericsoftware.kryo.serializers.FieldSerializer.read(FieldSerializer.java:129)
	at com.esotericsoftware.kryo.Kryo.readClassAndObject(Kryo.java:880)
	at org.redisson.codec.Kryo5Codec$4.decode(Kryo5Codec.java:144)
	at org.redisson.client.handler.CommandDecoder.decode(CommandDecoder.java:394)
	at org.redisson.client.handler.CommandDecoder.decodeCommand(CommandDecoder.java:205)
	at org.redisson.client.handler.CommandDecoder.decode(CommandDecoder.java:144)
	at org.redisson.client.handler.CommandDecoder.decode(CommandDecoder.java:120)
	at io.netty.handler.codec.ByteToMessageDecoder.decodeRemovalReentryProtection(ByteToMessageDecoder.java:529)
	at io.netty.handler.codec.ReplayingDecoder.callDecode(ReplayingDecoder.java:366)
	... 17 common frames omitted
Caused by: java.lang.ClassNotFoundException: ava.util.Date
	at java.base/jdk.internal.loader.BuiltinClassLoader.loadClass(BuiltinClassLoader.java:641)
	at java.base/jdk.internal.loader.ClassLoaders$AppClassLoader.loadClass(ClassLoaders.java:188)
	at java.base/java.lang.ClassLoader.loadClass(ClassLoader.java:521)
	at java.base/java.lang.Class.forName0(Native Method)
	at java.base/java.lang.Class.forName(Class.java:495)
	at java.base/java.lang.Class.forName(Class.java:474)
	at com.esotericsoftware.kryo.util.DefaultClassResolver.readName(DefaultClassResolver.java:176)
	... 29 common frames omitted
24-10-12.21:08:02.359 [org.springframework.amqp.rabbit.RabbitListenerEndpointContainer#0-2] INFO  SimpleMessageListenerContainer - Waiting for workers to finish.
24-10-12.21:08:02.359 [org.springframework.amqp.rabbit.RabbitListenerEndpointContainer#0-2] INFO  SimpleMessageListenerContainer - Successfully waited for workers to finish.
24-10-12.21:08:02.361 [SpringApplicationShutdownHook] INFO  SimpleMessageListenerContainer - Shutdown ignored - container is already stopped
24-10-12.21:15:51.324 [main            ] INFO  RaffleActivityPartakeServiceTest - Starting RaffleActivityPartakeServiceTest using Java 19.0.1 on Legion-R9000P with PID 37728 (started by lenovo in E:\Code\Java\big-market\big-market-app)
24-10-12.21:15:51.326 [main            ] INFO  RaffleActivityPartakeServiceTest - The following 1 profile is active: "dev"
24-10-12.21:15:52.331 [main            ] INFO  RepositoryConfigurationDelegate - Multiple Spring Data modules found, entering strict repository configuration mode
24-10-12.21:15:52.333 [main            ] INFO  RepositoryConfigurationDelegate - Bootstrapping Spring Data Redis repositories in DEFAULT mode.
24-10-12.21:15:52.377 [main            ] INFO  RepositoryConfigurationDelegate - Finished Spring Data repository scanning in 29 ms. Found 0 Redis repository interfaces.
24-10-12.21:15:54.200 [main            ] INFO  Version                - Redisson 3.23.4
24-10-12.21:15:54.767 [redisson-netty-2-5] INFO  MasterPubSubConnectionPool - 1 connections initialized for 192.168.236.132/192.168.236.132:16379
24-10-12.21:15:54.795 [redisson-netty-2-13] INFO  MasterConnectionPool   - 5 connections initialized for 192.168.236.132/192.168.236.132:16379
24-10-12.21:15:57.999 [main            ] INFO  EndpointLinksResolver  - Exposing 1 endpoint(s) beneath base path '/actuator'
24-10-12.21:15:58.126 [main            ] INFO  CachingConnectionFactory - Attempting to connect to: [192.168.236.132:5672]
24-10-12.21:15:58.230 [main            ] INFO  CachingConnectionFactory - Created new connection: rabbitConnectionFactory#51c008fd:0/SimpleConnection@49e92724 [delegate=amqp://origami@192.168.236.132:5672/, localPort= 7526]
24-10-12.21:15:58.368 [main            ] INFO  RaffleActivityPartakeServiceTest - Started RaffleActivityPartakeServiceTest in 7.51 seconds (JVM running for 8.366)
24-10-12.21:15:59.038 [redisson-netty-2-2] ERROR CommandDecoder         - Unable to decode data. channel: [id: 0x84f97a8f, L:/192.168.236.1:7497 - R:192.168.236.132/192.168.236.132:16379], reply: ReplayingDecoderByteBuf(ridx=132, widx=132), command: (GET), promise: java.util.concurrent.CompletableFuture@6121ddde[Not completed, 1 dependents], params: [big_market_activity_key_100301]
com.esotericsoftware.kryo.KryoException: Unable to find class: ava.util.Date
Serialization trace:
beginDateTime (com.origamii.domain.activity.model.entity.ActivityEntity)
	at com.esotericsoftware.kryo.util.DefaultClassResolver.readName(DefaultClassResolver.java:182)
	at com.esotericsoftware.kryo.util.DefaultClassResolver.readClass(DefaultClassResolver.java:151)
	at com.esotericsoftware.kryo.Kryo.readClass(Kryo.java:758)
	at com.esotericsoftware.kryo.serializers.ReflectField.read(ReflectField.java:117)
	at com.esotericsoftware.kryo.serializers.FieldSerializer.read(FieldSerializer.java:129)
	at com.esotericsoftware.kryo.Kryo.readClassAndObject(Kryo.java:880)
	at org.redisson.codec.Kryo5Codec$4.decode(Kryo5Codec.java:144)
	at org.redisson.client.handler.CommandDecoder.decode(CommandDecoder.java:394)
	at org.redisson.client.handler.CommandDecoder.decodeCommand(CommandDecoder.java:205)
	at org.redisson.client.handler.CommandDecoder.decode(CommandDecoder.java:144)
	at org.redisson.client.handler.CommandDecoder.decode(CommandDecoder.java:120)
	at io.netty.handler.codec.ByteToMessageDecoder.decodeRemovalReentryProtection(ByteToMessageDecoder.java:529)
	at io.netty.handler.codec.ReplayingDecoder.callDecode(ReplayingDecoder.java:366)
	at io.netty.handler.codec.ByteToMessageDecoder.channelRead(ByteToMessageDecoder.java:290)
	at io.netty.channel.AbstractChannelHandlerContext.invokeChannelRead(AbstractChannelHandlerContext.java:444)
	at io.netty.channel.AbstractChannelHandlerContext.invokeChannelRead(AbstractChannelHandlerContext.java:420)
	at io.netty.channel.AbstractChannelHandlerContext.fireChannelRead(AbstractChannelHandlerContext.java:412)
	at io.netty.channel.DefaultChannelPipeline$HeadContext.channelRead(DefaultChannelPipeline.java:1410)
	at io.netty.channel.AbstractChannelHandlerContext.invokeChannelRead(AbstractChannelHandlerContext.java:440)
	at io.netty.channel.AbstractChannelHandlerContext.invokeChannelRead(AbstractChannelHandlerContext.java:420)
	at io.netty.channel.DefaultChannelPipeline.fireChannelRead(DefaultChannelPipeline.java:919)
	at io.netty.channel.nio.AbstractNioByteChannel$NioByteUnsafe.read(AbstractNioByteChannel.java:166)
	at io.netty.channel.nio.NioEventLoop.processSelectedKey(NioEventLoop.java:788)
	at io.netty.channel.nio.NioEventLoop.processSelectedKeysOptimized(NioEventLoop.java:724)
	at io.netty.channel.nio.NioEventLoop.processSelectedKeys(NioEventLoop.java:650)
	at io.netty.channel.nio.NioEventLoop.run(NioEventLoop.java:562)
	at io.netty.util.concurrent.SingleThreadEventExecutor$4.run(SingleThreadEventExecutor.java:997)
	at io.netty.util.internal.ThreadExecutorMap$2.run(ThreadExecutorMap.java:74)
	at io.netty.util.concurrent.FastThreadLocalRunnable.run(FastThreadLocalRunnable.java:30)
	at java.base/java.lang.Thread.run(Thread.java:1589)
Caused by: java.lang.ClassNotFoundException: ava.util.Date
	at java.base/jdk.internal.loader.BuiltinClassLoader.loadClass(BuiltinClassLoader.java:641)
	at java.base/jdk.internal.loader.ClassLoaders$AppClassLoader.loadClass(ClassLoaders.java:188)
	at java.base/java.lang.ClassLoader.loadClass(ClassLoader.java:521)
	at java.base/java.lang.Class.forName0(Native Method)
	at java.base/java.lang.Class.forName(Class.java:495)
	at java.base/java.lang.Class.forName(Class.java:474)
	at com.esotericsoftware.kryo.util.DefaultClassResolver.readName(DefaultClassResolver.java:176)
	... 29 common frames omitted
24-10-12.21:15:59.044 [redisson-netty-2-2] ERROR ErrorsLoggingHandler   - Exception occured. Channel: [id: 0x84f97a8f, L:/192.168.236.1:7497 - R:192.168.236.132/192.168.236.132:16379]
io.netty.handler.codec.DecoderException: com.esotericsoftware.kryo.KryoException: Unable to find class: ava.util.Date
Serialization trace:
beginDateTime (com.origamii.domain.activity.model.entity.ActivityEntity)
	at io.netty.handler.codec.ReplayingDecoder.callDecode(ReplayingDecoder.java:421)
	at io.netty.handler.codec.ByteToMessageDecoder.channelRead(ByteToMessageDecoder.java:290)
	at io.netty.channel.AbstractChannelHandlerContext.invokeChannelRead(AbstractChannelHandlerContext.java:444)
	at io.netty.channel.AbstractChannelHandlerContext.invokeChannelRead(AbstractChannelHandlerContext.java:420)
	at io.netty.channel.AbstractChannelHandlerContext.fireChannelRead(AbstractChannelHandlerContext.java:412)
	at io.netty.channel.DefaultChannelPipeline$HeadContext.channelRead(DefaultChannelPipeline.java:1410)
	at io.netty.channel.AbstractChannelHandlerContext.invokeChannelRead(AbstractChannelHandlerContext.java:440)
	at io.netty.channel.AbstractChannelHandlerContext.invokeChannelRead(AbstractChannelHandlerContext.java:420)
	at io.netty.channel.DefaultChannelPipeline.fireChannelRead(DefaultChannelPipeline.java:919)
	at io.netty.channel.nio.AbstractNioByteChannel$NioByteUnsafe.read(AbstractNioByteChannel.java:166)
	at io.netty.channel.nio.NioEventLoop.processSelectedKey(NioEventLoop.java:788)
	at io.netty.channel.nio.NioEventLoop.processSelectedKeysOptimized(NioEventLoop.java:724)
	at io.netty.channel.nio.NioEventLoop.processSelectedKeys(NioEventLoop.java:650)
	at io.netty.channel.nio.NioEventLoop.run(NioEventLoop.java:562)
	at io.netty.util.concurrent.SingleThreadEventExecutor$4.run(SingleThreadEventExecutor.java:997)
	at io.netty.util.internal.ThreadExecutorMap$2.run(ThreadExecutorMap.java:74)
	at io.netty.util.concurrent.FastThreadLocalRunnable.run(FastThreadLocalRunnable.java:30)
	at java.base/java.lang.Thread.run(Thread.java:1589)
Caused by: com.esotericsoftware.kryo.KryoException: Unable to find class: ava.util.Date
Serialization trace:
beginDateTime (com.origamii.domain.activity.model.entity.ActivityEntity)
	at com.esotericsoftware.kryo.util.DefaultClassResolver.readName(DefaultClassResolver.java:182)
	at com.esotericsoftware.kryo.util.DefaultClassResolver.readClass(DefaultClassResolver.java:151)
	at com.esotericsoftware.kryo.Kryo.readClass(Kryo.java:758)
	at com.esotericsoftware.kryo.serializers.ReflectField.read(ReflectField.java:117)
	at com.esotericsoftware.kryo.serializers.FieldSerializer.read(FieldSerializer.java:129)
	at com.esotericsoftware.kryo.Kryo.readClassAndObject(Kryo.java:880)
	at org.redisson.codec.Kryo5Codec$4.decode(Kryo5Codec.java:144)
	at org.redisson.client.handler.CommandDecoder.decode(CommandDecoder.java:394)
	at org.redisson.client.handler.CommandDecoder.decodeCommand(CommandDecoder.java:205)
	at org.redisson.client.handler.CommandDecoder.decode(CommandDecoder.java:144)
	at org.redisson.client.handler.CommandDecoder.decode(CommandDecoder.java:120)
	at io.netty.handler.codec.ByteToMessageDecoder.decodeRemovalReentryProtection(ByteToMessageDecoder.java:529)
	at io.netty.handler.codec.ReplayingDecoder.callDecode(ReplayingDecoder.java:366)
	... 17 common frames omitted
Caused by: java.lang.ClassNotFoundException: ava.util.Date
	at java.base/jdk.internal.loader.BuiltinClassLoader.loadClass(BuiltinClassLoader.java:641)
	at java.base/jdk.internal.loader.ClassLoaders$AppClassLoader.loadClass(ClassLoaders.java:188)
	at java.base/java.lang.ClassLoader.loadClass(ClassLoader.java:521)
	at java.base/java.lang.Class.forName0(Native Method)
	at java.base/java.lang.Class.forName(Class.java:495)
	at java.base/java.lang.Class.forName(Class.java:474)
	at com.esotericsoftware.kryo.util.DefaultClassResolver.readName(DefaultClassResolver.java:176)
	... 29 common frames omitted
24-10-12.21:15:59.063 [org.springframework.amqp.rabbit.RabbitListenerEndpointContainer#0-2] INFO  SimpleMessageListenerContainer - Waiting for workers to finish.
24-10-12.21:15:59.358 [org.springframework.amqp.rabbit.RabbitListenerEndpointContainer#0-2] INFO  SimpleMessageListenerContainer - Successfully waited for workers to finish.
24-10-12.21:15:59.360 [SpringApplicationShutdownHook] INFO  SimpleMessageListenerContainer - Shutdown ignored - container is already stopped
24-10-12.21:18:29.813 [main            ] INFO  RaffleActivityPartakeServiceTest - Starting RaffleActivityPartakeServiceTest using Java 19.0.1 on Legion-R9000P with PID 36288 (started by lenovo in E:\Code\Java\big-market\big-market-app)
24-10-12.21:18:29.814 [main            ] INFO  RaffleActivityPartakeServiceTest - The following 1 profile is active: "dev"
24-10-12.21:18:30.914 [main            ] INFO  RepositoryConfigurationDelegate - Multiple Spring Data modules found, entering strict repository configuration mode
24-10-12.21:18:30.918 [main            ] INFO  RepositoryConfigurationDelegate - Bootstrapping Spring Data Redis repositories in DEFAULT mode.
24-10-12.21:18:30.963 [main            ] INFO  RepositoryConfigurationDelegate - Finished Spring Data repository scanning in 30 ms. Found 0 Redis repository interfaces.
24-10-12.21:18:32.702 [main            ] INFO  Version                - Redisson 3.23.4
24-10-12.21:18:33.193 [redisson-netty-2-5] INFO  MasterPubSubConnectionPool - 1 connections initialized for 192.168.236.132/192.168.236.132:16379
24-10-12.21:18:33.212 [redisson-netty-2-13] INFO  MasterConnectionPool   - 5 connections initialized for 192.168.236.132/192.168.236.132:16379
24-10-12.21:18:36.544 [main            ] INFO  EndpointLinksResolver  - Exposing 1 endpoint(s) beneath base path '/actuator'
24-10-12.21:18:36.697 [main            ] INFO  CachingConnectionFactory - Attempting to connect to: [192.168.236.132:5672]
24-10-12.21:18:36.764 [main            ] INFO  CachingConnectionFactory - Created new connection: rabbitConnectionFactory#51c008fd:0/SimpleConnection@49e92724 [delegate=amqp://origami@192.168.236.132:5672/, localPort= 5108]
24-10-12.21:18:36.858 [main            ] INFO  RaffleActivityPartakeServiceTest - Started RaffleActivityPartakeServiceTest in 7.51 seconds (JVM running for 8.332)
24-10-12.21:18:37.393 [redisson-netty-2-2] ERROR CommandDecoder         - Unable to decode data. channel: [id: 0x0c62f642, L:/192.168.236.1:5102 - R:192.168.236.132/192.168.236.132:16379], reply: ReplayingDecoderByteBuf(ridx=132, widx=132), command: (GET), promise: java.util.concurrent.CompletableFuture@2809e623[Not completed, 1 dependents], params: [big_market_activity_key_100301]
com.esotericsoftware.kryo.KryoException: Unable to find class: ava.util.Date
Serialization trace:
beginDateTime (com.origamii.domain.activity.model.entity.ActivityEntity)
	at com.esotericsoftware.kryo.util.DefaultClassResolver.readName(DefaultClassResolver.java:182)
	at com.esotericsoftware.kryo.util.DefaultClassResolver.readClass(DefaultClassResolver.java:151)
	at com.esotericsoftware.kryo.Kryo.readClass(Kryo.java:758)
	at com.esotericsoftware.kryo.serializers.ReflectField.read(ReflectField.java:117)
	at com.esotericsoftware.kryo.serializers.FieldSerializer.read(FieldSerializer.java:129)
	at com.esotericsoftware.kryo.Kryo.readClassAndObject(Kryo.java:880)
	at org.redisson.codec.Kryo5Codec$4.decode(Kryo5Codec.java:144)
	at org.redisson.client.handler.CommandDecoder.decode(CommandDecoder.java:394)
	at org.redisson.client.handler.CommandDecoder.decodeCommand(CommandDecoder.java:205)
	at org.redisson.client.handler.CommandDecoder.decode(CommandDecoder.java:144)
	at org.redisson.client.handler.CommandDecoder.decode(CommandDecoder.java:120)
	at io.netty.handler.codec.ByteToMessageDecoder.decodeRemovalReentryProtection(ByteToMessageDecoder.java:529)
	at io.netty.handler.codec.ReplayingDecoder.callDecode(ReplayingDecoder.java:366)
	at io.netty.handler.codec.ByteToMessageDecoder.channelRead(ByteToMessageDecoder.java:290)
	at io.netty.channel.AbstractChannelHandlerContext.invokeChannelRead(AbstractChannelHandlerContext.java:444)
	at io.netty.channel.AbstractChannelHandlerContext.invokeChannelRead(AbstractChannelHandlerContext.java:420)
	at io.netty.channel.AbstractChannelHandlerContext.fireChannelRead(AbstractChannelHandlerContext.java:412)
	at io.netty.channel.DefaultChannelPipeline$HeadContext.channelRead(DefaultChannelPipeline.java:1410)
	at io.netty.channel.AbstractChannelHandlerContext.invokeChannelRead(AbstractChannelHandlerContext.java:440)
	at io.netty.channel.AbstractChannelHandlerContext.invokeChannelRead(AbstractChannelHandlerContext.java:420)
	at io.netty.channel.DefaultChannelPipeline.fireChannelRead(DefaultChannelPipeline.java:919)
	at io.netty.channel.nio.AbstractNioByteChannel$NioByteUnsafe.read(AbstractNioByteChannel.java:166)
	at io.netty.channel.nio.NioEventLoop.processSelectedKey(NioEventLoop.java:788)
	at io.netty.channel.nio.NioEventLoop.processSelectedKeysOptimized(NioEventLoop.java:724)
	at io.netty.channel.nio.NioEventLoop.processSelectedKeys(NioEventLoop.java:650)
	at io.netty.channel.nio.NioEventLoop.run(NioEventLoop.java:562)
	at io.netty.util.concurrent.SingleThreadEventExecutor$4.run(SingleThreadEventExecutor.java:997)
	at io.netty.util.internal.ThreadExecutorMap$2.run(ThreadExecutorMap.java:74)
	at io.netty.util.concurrent.FastThreadLocalRunnable.run(FastThreadLocalRunnable.java:30)
	at java.base/java.lang.Thread.run(Thread.java:1589)
Caused by: java.lang.ClassNotFoundException: ava.util.Date
	at java.base/jdk.internal.loader.BuiltinClassLoader.loadClass(BuiltinClassLoader.java:641)
	at java.base/jdk.internal.loader.ClassLoaders$AppClassLoader.loadClass(ClassLoaders.java:188)
	at java.base/java.lang.ClassLoader.loadClass(ClassLoader.java:521)
	at java.base/java.lang.Class.forName0(Native Method)
	at java.base/java.lang.Class.forName(Class.java:495)
	at java.base/java.lang.Class.forName(Class.java:474)
	at com.esotericsoftware.kryo.util.DefaultClassResolver.readName(DefaultClassResolver.java:176)
	... 29 common frames omitted
24-10-12.21:18:37.398 [redisson-netty-2-2] ERROR ErrorsLoggingHandler   - Exception occured. Channel: [id: 0x0c62f642, L:/192.168.236.1:5102 - R:192.168.236.132/192.168.236.132:16379]
io.netty.handler.codec.DecoderException: com.esotericsoftware.kryo.KryoException: Unable to find class: ava.util.Date
Serialization trace:
beginDateTime (com.origamii.domain.activity.model.entity.ActivityEntity)
	at io.netty.handler.codec.ReplayingDecoder.callDecode(ReplayingDecoder.java:421)
	at io.netty.handler.codec.ByteToMessageDecoder.channelRead(ByteToMessageDecoder.java:290)
	at io.netty.channel.AbstractChannelHandlerContext.invokeChannelRead(AbstractChannelHandlerContext.java:444)
	at io.netty.channel.AbstractChannelHandlerContext.invokeChannelRead(AbstractChannelHandlerContext.java:420)
	at io.netty.channel.AbstractChannelHandlerContext.fireChannelRead(AbstractChannelHandlerContext.java:412)
	at io.netty.channel.DefaultChannelPipeline$HeadContext.channelRead(DefaultChannelPipeline.java:1410)
	at io.netty.channel.AbstractChannelHandlerContext.invokeChannelRead(AbstractChannelHandlerContext.java:440)
	at io.netty.channel.AbstractChannelHandlerContext.invokeChannelRead(AbstractChannelHandlerContext.java:420)
	at io.netty.channel.DefaultChannelPipeline.fireChannelRead(DefaultChannelPipeline.java:919)
	at io.netty.channel.nio.AbstractNioByteChannel$NioByteUnsafe.read(AbstractNioByteChannel.java:166)
	at io.netty.channel.nio.NioEventLoop.processSelectedKey(NioEventLoop.java:788)
	at io.netty.channel.nio.NioEventLoop.processSelectedKeysOptimized(NioEventLoop.java:724)
	at io.netty.channel.nio.NioEventLoop.processSelectedKeys(NioEventLoop.java:650)
	at io.netty.channel.nio.NioEventLoop.run(NioEventLoop.java:562)
	at io.netty.util.concurrent.SingleThreadEventExecutor$4.run(SingleThreadEventExecutor.java:997)
	at io.netty.util.internal.ThreadExecutorMap$2.run(ThreadExecutorMap.java:74)
	at io.netty.util.concurrent.FastThreadLocalRunnable.run(FastThreadLocalRunnable.java:30)
	at java.base/java.lang.Thread.run(Thread.java:1589)
Caused by: com.esotericsoftware.kryo.KryoException: Unable to find class: ava.util.Date
Serialization trace:
beginDateTime (com.origamii.domain.activity.model.entity.ActivityEntity)
	at com.esotericsoftware.kryo.util.DefaultClassResolver.readName(DefaultClassResolver.java:182)
	at com.esotericsoftware.kryo.util.DefaultClassResolver.readClass(DefaultClassResolver.java:151)
	at com.esotericsoftware.kryo.Kryo.readClass(Kryo.java:758)
	at com.esotericsoftware.kryo.serializers.ReflectField.read(ReflectField.java:117)
	at com.esotericsoftware.kryo.serializers.FieldSerializer.read(FieldSerializer.java:129)
	at com.esotericsoftware.kryo.Kryo.readClassAndObject(Kryo.java:880)
	at org.redisson.codec.Kryo5Codec$4.decode(Kryo5Codec.java:144)
	at org.redisson.client.handler.CommandDecoder.decode(CommandDecoder.java:394)
	at org.redisson.client.handler.CommandDecoder.decodeCommand(CommandDecoder.java:205)
	at org.redisson.client.handler.CommandDecoder.decode(CommandDecoder.java:144)
	at org.redisson.client.handler.CommandDecoder.decode(CommandDecoder.java:120)
	at io.netty.handler.codec.ByteToMessageDecoder.decodeRemovalReentryProtection(ByteToMessageDecoder.java:529)
	at io.netty.handler.codec.ReplayingDecoder.callDecode(ReplayingDecoder.java:366)
	... 17 common frames omitted
Caused by: java.lang.ClassNotFoundException: ava.util.Date
	at java.base/jdk.internal.loader.BuiltinClassLoader.loadClass(BuiltinClassLoader.java:641)
	at java.base/jdk.internal.loader.ClassLoaders$AppClassLoader.loadClass(ClassLoaders.java:188)
	at java.base/java.lang.ClassLoader.loadClass(ClassLoader.java:521)
	at java.base/java.lang.Class.forName0(Native Method)
	at java.base/java.lang.Class.forName(Class.java:495)
	at java.base/java.lang.Class.forName(Class.java:474)
	at com.esotericsoftware.kryo.util.DefaultClassResolver.readName(DefaultClassResolver.java:176)
	... 29 common frames omitted
24-10-12.21:18:37.418 [org.springframework.amqp.rabbit.RabbitListenerEndpointContainer#0-2] INFO  SimpleMessageListenerContainer - Waiting for workers to finish.
24-10-12.21:18:37.861 [org.springframework.amqp.rabbit.RabbitListenerEndpointContainer#0-2] INFO  SimpleMessageListenerContainer - Successfully waited for workers to finish.
24-10-12.21:18:37.864 [SpringApplicationShutdownHook] INFO  SimpleMessageListenerContainer - Shutdown ignored - container is already stopped
24-10-12.21:19:09.731 [main            ] INFO  RaffleActivityPartakeServiceTest - Starting RaffleActivityPartakeServiceTest using Java 19.0.1 on Legion-R9000P with PID 3656 (started by lenovo in E:\Code\Java\big-market\big-market-app)
24-10-12.21:19:09.731 [main            ] INFO  RaffleActivityPartakeServiceTest - The following 1 profile is active: "dev"
24-10-12.21:19:10.749 [main            ] INFO  RepositoryConfigurationDelegate - Multiple Spring Data modules found, entering strict repository configuration mode
24-10-12.21:19:10.752 [main            ] INFO  RepositoryConfigurationDelegate - Bootstrapping Spring Data Redis repositories in DEFAULT mode.
24-10-12.21:19:10.794 [main            ] INFO  RepositoryConfigurationDelegate - Finished Spring Data repository scanning in 27 ms. Found 0 Redis repository interfaces.
24-10-12.21:19:12.496 [main            ] INFO  Version                - Redisson 3.23.4
24-10-12.21:19:12.999 [redisson-netty-2-5] INFO  MasterPubSubConnectionPool - 1 connections initialized for 192.168.236.132/192.168.236.132:16379
24-10-12.21:19:13.017 [redisson-netty-2-13] INFO  MasterConnectionPool   - 5 connections initialized for 192.168.236.132/192.168.236.132:16379
24-10-12.21:19:15.993 [main            ] INFO  EndpointLinksResolver  - Exposing 1 endpoint(s) beneath base path '/actuator'
24-10-12.21:19:16.103 [main            ] INFO  CachingConnectionFactory - Attempting to connect to: [192.168.236.132:5672]
24-10-12.21:19:16.161 [main            ] INFO  CachingConnectionFactory - Created new connection: rabbitConnectionFactory#51c008fd:0/SimpleConnection@49e92724 [delegate=amqp://origami@192.168.236.132:5672/, localPort= 5188]
24-10-12.21:19:16.250 [main            ] INFO  RaffleActivityPartakeServiceTest - Started RaffleActivityPartakeServiceTest in 6.977 seconds (JVM running for 7.77)
24-10-12.21:19:16.768 [redisson-netty-2-2] ERROR CommandDecoder         - Unable to decode data. channel: [id: 0x855bd786, L:/192.168.236.1:5182 - R:192.168.236.132/192.168.236.132:16379], reply: ReplayingDecoderByteBuf(ridx=132, widx=132), command: (GET), promise: java.util.concurrent.CompletableFuture@27131fea[Not completed, 1 dependents], params: [big_market_activity_key_100301]
com.esotericsoftware.kryo.KryoException: Unable to find class: ava.util.Date
Serialization trace:
beginDateTime (com.origamii.domain.activity.model.entity.ActivityEntity)
	at com.esotericsoftware.kryo.util.DefaultClassResolver.readName(DefaultClassResolver.java:182)
	at com.esotericsoftware.kryo.util.DefaultClassResolver.readClass(DefaultClassResolver.java:151)
	at com.esotericsoftware.kryo.Kryo.readClass(Kryo.java:758)
	at com.esotericsoftware.kryo.serializers.ReflectField.read(ReflectField.java:117)
	at com.esotericsoftware.kryo.serializers.FieldSerializer.read(FieldSerializer.java:129)
	at com.esotericsoftware.kryo.Kryo.readClassAndObject(Kryo.java:880)
	at org.redisson.codec.Kryo5Codec$4.decode(Kryo5Codec.java:144)
	at org.redisson.client.handler.CommandDecoder.decode(CommandDecoder.java:394)
	at org.redisson.client.handler.CommandDecoder.decodeCommand(CommandDecoder.java:205)
	at org.redisson.client.handler.CommandDecoder.decode(CommandDecoder.java:144)
	at org.redisson.client.handler.CommandDecoder.decode(CommandDecoder.java:120)
	at io.netty.handler.codec.ByteToMessageDecoder.decodeRemovalReentryProtection(ByteToMessageDecoder.java:529)
	at io.netty.handler.codec.ReplayingDecoder.callDecode(ReplayingDecoder.java:366)
	at io.netty.handler.codec.ByteToMessageDecoder.channelRead(ByteToMessageDecoder.java:290)
	at io.netty.channel.AbstractChannelHandlerContext.invokeChannelRead(AbstractChannelHandlerContext.java:444)
	at io.netty.channel.AbstractChannelHandlerContext.invokeChannelRead(AbstractChannelHandlerContext.java:420)
	at io.netty.channel.AbstractChannelHandlerContext.fireChannelRead(AbstractChannelHandlerContext.java:412)
	at io.netty.channel.DefaultChannelPipeline$HeadContext.channelRead(DefaultChannelPipeline.java:1410)
	at io.netty.channel.AbstractChannelHandlerContext.invokeChannelRead(AbstractChannelHandlerContext.java:440)
	at io.netty.channel.AbstractChannelHandlerContext.invokeChannelRead(AbstractChannelHandlerContext.java:420)
	at io.netty.channel.DefaultChannelPipeline.fireChannelRead(DefaultChannelPipeline.java:919)
	at io.netty.channel.nio.AbstractNioByteChannel$NioByteUnsafe.read(AbstractNioByteChannel.java:166)
	at io.netty.channel.nio.NioEventLoop.processSelectedKey(NioEventLoop.java:788)
	at io.netty.channel.nio.NioEventLoop.processSelectedKeysOptimized(NioEventLoop.java:724)
	at io.netty.channel.nio.NioEventLoop.processSelectedKeys(NioEventLoop.java:650)
	at io.netty.channel.nio.NioEventLoop.run(NioEventLoop.java:562)
	at io.netty.util.concurrent.SingleThreadEventExecutor$4.run(SingleThreadEventExecutor.java:997)
	at io.netty.util.internal.ThreadExecutorMap$2.run(ThreadExecutorMap.java:74)
	at io.netty.util.concurrent.FastThreadLocalRunnable.run(FastThreadLocalRunnable.java:30)
	at java.base/java.lang.Thread.run(Thread.java:1589)
Caused by: java.lang.ClassNotFoundException: ava.util.Date
	at java.base/jdk.internal.loader.BuiltinClassLoader.loadClass(BuiltinClassLoader.java:641)
	at java.base/jdk.internal.loader.ClassLoaders$AppClassLoader.loadClass(ClassLoaders.java:188)
	at java.base/java.lang.ClassLoader.loadClass(ClassLoader.java:521)
	at java.base/java.lang.Class.forName0(Native Method)
	at java.base/java.lang.Class.forName(Class.java:495)
	at java.base/java.lang.Class.forName(Class.java:474)
	at com.esotericsoftware.kryo.util.DefaultClassResolver.readName(DefaultClassResolver.java:176)
	... 29 common frames omitted
24-10-12.21:19:16.772 [redisson-netty-2-2] ERROR ErrorsLoggingHandler   - Exception occured. Channel: [id: 0x855bd786, L:/192.168.236.1:5182 - R:192.168.236.132/192.168.236.132:16379]
io.netty.handler.codec.DecoderException: com.esotericsoftware.kryo.KryoException: Unable to find class: ava.util.Date
Serialization trace:
beginDateTime (com.origamii.domain.activity.model.entity.ActivityEntity)
	at io.netty.handler.codec.ReplayingDecoder.callDecode(ReplayingDecoder.java:421)
	at io.netty.handler.codec.ByteToMessageDecoder.channelRead(ByteToMessageDecoder.java:290)
	at io.netty.channel.AbstractChannelHandlerContext.invokeChannelRead(AbstractChannelHandlerContext.java:444)
	at io.netty.channel.AbstractChannelHandlerContext.invokeChannelRead(AbstractChannelHandlerContext.java:420)
	at io.netty.channel.AbstractChannelHandlerContext.fireChannelRead(AbstractChannelHandlerContext.java:412)
	at io.netty.channel.DefaultChannelPipeline$HeadContext.channelRead(DefaultChannelPipeline.java:1410)
	at io.netty.channel.AbstractChannelHandlerContext.invokeChannelRead(AbstractChannelHandlerContext.java:440)
	at io.netty.channel.AbstractChannelHandlerContext.invokeChannelRead(AbstractChannelHandlerContext.java:420)
	at io.netty.channel.DefaultChannelPipeline.fireChannelRead(DefaultChannelPipeline.java:919)
	at io.netty.channel.nio.AbstractNioByteChannel$NioByteUnsafe.read(AbstractNioByteChannel.java:166)
	at io.netty.channel.nio.NioEventLoop.processSelectedKey(NioEventLoop.java:788)
	at io.netty.channel.nio.NioEventLoop.processSelectedKeysOptimized(NioEventLoop.java:724)
	at io.netty.channel.nio.NioEventLoop.processSelectedKeys(NioEventLoop.java:650)
	at io.netty.channel.nio.NioEventLoop.run(NioEventLoop.java:562)
	at io.netty.util.concurrent.SingleThreadEventExecutor$4.run(SingleThreadEventExecutor.java:997)
	at io.netty.util.internal.ThreadExecutorMap$2.run(ThreadExecutorMap.java:74)
	at io.netty.util.concurrent.FastThreadLocalRunnable.run(FastThreadLocalRunnable.java:30)
	at java.base/java.lang.Thread.run(Thread.java:1589)
Caused by: com.esotericsoftware.kryo.KryoException: Unable to find class: ava.util.Date
Serialization trace:
beginDateTime (com.origamii.domain.activity.model.entity.ActivityEntity)
	at com.esotericsoftware.kryo.util.DefaultClassResolver.readName(DefaultClassResolver.java:182)
	at com.esotericsoftware.kryo.util.DefaultClassResolver.readClass(DefaultClassResolver.java:151)
	at com.esotericsoftware.kryo.Kryo.readClass(Kryo.java:758)
	at com.esotericsoftware.kryo.serializers.ReflectField.read(ReflectField.java:117)
	at com.esotericsoftware.kryo.serializers.FieldSerializer.read(FieldSerializer.java:129)
	at com.esotericsoftware.kryo.Kryo.readClassAndObject(Kryo.java:880)
	at org.redisson.codec.Kryo5Codec$4.decode(Kryo5Codec.java:144)
	at org.redisson.client.handler.CommandDecoder.decode(CommandDecoder.java:394)
	at org.redisson.client.handler.CommandDecoder.decodeCommand(CommandDecoder.java:205)
	at org.redisson.client.handler.CommandDecoder.decode(CommandDecoder.java:144)
	at org.redisson.client.handler.CommandDecoder.decode(CommandDecoder.java:120)
	at io.netty.handler.codec.ByteToMessageDecoder.decodeRemovalReentryProtection(ByteToMessageDecoder.java:529)
	at io.netty.handler.codec.ReplayingDecoder.callDecode(ReplayingDecoder.java:366)
	... 17 common frames omitted
Caused by: java.lang.ClassNotFoundException: ava.util.Date
	at java.base/jdk.internal.loader.BuiltinClassLoader.loadClass(BuiltinClassLoader.java:641)
	at java.base/jdk.internal.loader.ClassLoaders$AppClassLoader.loadClass(ClassLoaders.java:188)
	at java.base/java.lang.ClassLoader.loadClass(ClassLoader.java:521)
	at java.base/java.lang.Class.forName0(Native Method)
	at java.base/java.lang.Class.forName(Class.java:495)
	at java.base/java.lang.Class.forName(Class.java:474)
	at com.esotericsoftware.kryo.util.DefaultClassResolver.readName(DefaultClassResolver.java:176)
	... 29 common frames omitted
24-10-12.21:19:16.791 [org.springframework.amqp.rabbit.RabbitListenerEndpointContainer#0-2] INFO  SimpleMessageListenerContainer - Waiting for workers to finish.
24-10-12.21:19:17.234 [org.springframework.amqp.rabbit.RabbitListenerEndpointContainer#0-2] INFO  SimpleMessageListenerContainer - Successfully waited for workers to finish.
24-10-12.21:19:17.236 [SpringApplicationShutdownHook] INFO  SimpleMessageListenerContainer - Shutdown ignored - container is already stopped
24-10-12.21:22:38.590 [main            ] INFO  RaffleActivityPartakeServiceTest - Starting RaffleActivityPartakeServiceTest using Java 19.0.1 on Legion-R9000P with PID 37664 (started by lenovo in E:\Code\Java\big-market\big-market-app)
24-10-12.21:22:38.593 [main            ] INFO  RaffleActivityPartakeServiceTest - The following 1 profile is active: "dev"
24-10-12.21:22:39.674 [main            ] INFO  RepositoryConfigurationDelegate - Multiple Spring Data modules found, entering strict repository configuration mode
24-10-12.21:22:39.677 [main            ] INFO  RepositoryConfigurationDelegate - Bootstrapping Spring Data Redis repositories in DEFAULT mode.
24-10-12.21:22:39.725 [main            ] INFO  RepositoryConfigurationDelegate - Finished Spring Data repository scanning in 31 ms. Found 0 Redis repository interfaces.
24-10-12.21:22:41.477 [main            ] INFO  Version                - Redisson 3.23.4
24-10-12.21:22:41.999 [redisson-netty-2-4] INFO  MasterPubSubConnectionPool - 1 connections initialized for 192.168.236.132/192.168.236.132:16379
24-10-12.21:22:42.020 [redisson-netty-2-13] INFO  MasterConnectionPool   - 5 connections initialized for 192.168.236.132/192.168.236.132:16379
24-10-12.21:22:45.137 [main            ] INFO  EndpointLinksResolver  - Exposing 1 endpoint(s) beneath base path '/actuator'
24-10-12.21:22:45.248 [main            ] INFO  CachingConnectionFactory - Attempting to connect to: [192.168.236.132:5672]
24-10-12.21:22:45.306 [main            ] INFO  CachingConnectionFactory - Created new connection: rabbitConnectionFactory#1df9f7c6:0/SimpleConnection@6ac0fd1d [delegate=amqp://origami@192.168.236.132:5672/, localPort= 1107]
24-10-12.21:22:45.404 [main            ] INFO  RaffleActivityPartakeServiceTest - Started RaffleActivityPartakeServiceTest in 7.289 seconds (JVM running for 8.293)
24-10-12.21:22:45.952 [redisson-netty-2-2] ERROR CommandDecoder         - Unable to decode data. channel: [id: 0x28aa81e5, L:/192.168.236.1:1101 - R:192.168.236.132/192.168.236.132:16379], reply: ReplayingDecoderByteBuf(ridx=132, widx=132), command: (GET), promise: java.util.concurrent.CompletableFuture@3f98747c[Not completed, 1 dependents], params: [big_market_activity_key_100301]
com.esotericsoftware.kryo.KryoException: Unable to find class: ava.util.Date
Serialization trace:
beginDateTime (com.origamii.domain.activity.model.entity.ActivityEntity)
	at com.esotericsoftware.kryo.util.DefaultClassResolver.readName(DefaultClassResolver.java:182)
	at com.esotericsoftware.kryo.util.DefaultClassResolver.readClass(DefaultClassResolver.java:151)
	at com.esotericsoftware.kryo.Kryo.readClass(Kryo.java:758)
	at com.esotericsoftware.kryo.serializers.ReflectField.read(ReflectField.java:117)
	at com.esotericsoftware.kryo.serializers.FieldSerializer.read(FieldSerializer.java:129)
	at com.esotericsoftware.kryo.Kryo.readClassAndObject(Kryo.java:880)
	at org.redisson.codec.Kryo5Codec$4.decode(Kryo5Codec.java:144)
	at org.redisson.client.handler.CommandDecoder.decode(CommandDecoder.java:394)
	at org.redisson.client.handler.CommandDecoder.decodeCommand(CommandDecoder.java:205)
	at org.redisson.client.handler.CommandDecoder.decode(CommandDecoder.java:144)
	at org.redisson.client.handler.CommandDecoder.decode(CommandDecoder.java:120)
	at io.netty.handler.codec.ByteToMessageDecoder.decodeRemovalReentryProtection(ByteToMessageDecoder.java:529)
	at io.netty.handler.codec.ReplayingDecoder.callDecode(ReplayingDecoder.java:366)
	at io.netty.handler.codec.ByteToMessageDecoder.channelRead(ByteToMessageDecoder.java:290)
	at io.netty.channel.AbstractChannelHandlerContext.invokeChannelRead(AbstractChannelHandlerContext.java:444)
	at io.netty.channel.AbstractChannelHandlerContext.invokeChannelRead(AbstractChannelHandlerContext.java:420)
	at io.netty.channel.AbstractChannelHandlerContext.fireChannelRead(AbstractChannelHandlerContext.java:412)
	at io.netty.channel.DefaultChannelPipeline$HeadContext.channelRead(DefaultChannelPipeline.java:1410)
	at io.netty.channel.AbstractChannelHandlerContext.invokeChannelRead(AbstractChannelHandlerContext.java:440)
	at io.netty.channel.AbstractChannelHandlerContext.invokeChannelRead(AbstractChannelHandlerContext.java:420)
	at io.netty.channel.DefaultChannelPipeline.fireChannelRead(DefaultChannelPipeline.java:919)
	at io.netty.channel.nio.AbstractNioByteChannel$NioByteUnsafe.read(AbstractNioByteChannel.java:166)
	at io.netty.channel.nio.NioEventLoop.processSelectedKey(NioEventLoop.java:788)
	at io.netty.channel.nio.NioEventLoop.processSelectedKeysOptimized(NioEventLoop.java:724)
	at io.netty.channel.nio.NioEventLoop.processSelectedKeys(NioEventLoop.java:650)
	at io.netty.channel.nio.NioEventLoop.run(NioEventLoop.java:562)
	at io.netty.util.concurrent.SingleThreadEventExecutor$4.run(SingleThreadEventExecutor.java:997)
	at io.netty.util.internal.ThreadExecutorMap$2.run(ThreadExecutorMap.java:74)
	at io.netty.util.concurrent.FastThreadLocalRunnable.run(FastThreadLocalRunnable.java:30)
	at java.base/java.lang.Thread.run(Thread.java:1589)
Caused by: java.lang.ClassNotFoundException: ava.util.Date
	at java.base/jdk.internal.loader.BuiltinClassLoader.loadClass(BuiltinClassLoader.java:641)
	at java.base/jdk.internal.loader.ClassLoaders$AppClassLoader.loadClass(ClassLoaders.java:188)
	at java.base/java.lang.ClassLoader.loadClass(ClassLoader.java:521)
	at java.base/java.lang.Class.forName0(Native Method)
	at java.base/java.lang.Class.forName(Class.java:495)
	at java.base/java.lang.Class.forName(Class.java:474)
	at com.esotericsoftware.kryo.util.DefaultClassResolver.readName(DefaultClassResolver.java:176)
	... 29 common frames omitted
24-10-12.21:22:45.958 [redisson-netty-2-2] ERROR ErrorsLoggingHandler   - Exception occured. Channel: [id: 0x28aa81e5, L:/192.168.236.1:1101 - R:192.168.236.132/192.168.236.132:16379]
io.netty.handler.codec.DecoderException: com.esotericsoftware.kryo.KryoException: Unable to find class: ava.util.Date
Serialization trace:
beginDateTime (com.origamii.domain.activity.model.entity.ActivityEntity)
	at io.netty.handler.codec.ReplayingDecoder.callDecode(ReplayingDecoder.java:421)
	at io.netty.handler.codec.ByteToMessageDecoder.channelRead(ByteToMessageDecoder.java:290)
	at io.netty.channel.AbstractChannelHandlerContext.invokeChannelRead(AbstractChannelHandlerContext.java:444)
	at io.netty.channel.AbstractChannelHandlerContext.invokeChannelRead(AbstractChannelHandlerContext.java:420)
	at io.netty.channel.AbstractChannelHandlerContext.fireChannelRead(AbstractChannelHandlerContext.java:412)
	at io.netty.channel.DefaultChannelPipeline$HeadContext.channelRead(DefaultChannelPipeline.java:1410)
	at io.netty.channel.AbstractChannelHandlerContext.invokeChannelRead(AbstractChannelHandlerContext.java:440)
	at io.netty.channel.AbstractChannelHandlerContext.invokeChannelRead(AbstractChannelHandlerContext.java:420)
	at io.netty.channel.DefaultChannelPipeline.fireChannelRead(DefaultChannelPipeline.java:919)
	at io.netty.channel.nio.AbstractNioByteChannel$NioByteUnsafe.read(AbstractNioByteChannel.java:166)
	at io.netty.channel.nio.NioEventLoop.processSelectedKey(NioEventLoop.java:788)
	at io.netty.channel.nio.NioEventLoop.processSelectedKeysOptimized(NioEventLoop.java:724)
	at io.netty.channel.nio.NioEventLoop.processSelectedKeys(NioEventLoop.java:650)
	at io.netty.channel.nio.NioEventLoop.run(NioEventLoop.java:562)
	at io.netty.util.concurrent.SingleThreadEventExecutor$4.run(SingleThreadEventExecutor.java:997)
	at io.netty.util.internal.ThreadExecutorMap$2.run(ThreadExecutorMap.java:74)
	at io.netty.util.concurrent.FastThreadLocalRunnable.run(FastThreadLocalRunnable.java:30)
	at java.base/java.lang.Thread.run(Thread.java:1589)
Caused by: com.esotericsoftware.kryo.KryoException: Unable to find class: ava.util.Date
Serialization trace:
beginDateTime (com.origamii.domain.activity.model.entity.ActivityEntity)
	at com.esotericsoftware.kryo.util.DefaultClassResolver.readName(DefaultClassResolver.java:182)
	at com.esotericsoftware.kryo.util.DefaultClassResolver.readClass(DefaultClassResolver.java:151)
	at com.esotericsoftware.kryo.Kryo.readClass(Kryo.java:758)
	at com.esotericsoftware.kryo.serializers.ReflectField.read(ReflectField.java:117)
	at com.esotericsoftware.kryo.serializers.FieldSerializer.read(FieldSerializer.java:129)
	at com.esotericsoftware.kryo.Kryo.readClassAndObject(Kryo.java:880)
	at org.redisson.codec.Kryo5Codec$4.decode(Kryo5Codec.java:144)
	at org.redisson.client.handler.CommandDecoder.decode(CommandDecoder.java:394)
	at org.redisson.client.handler.CommandDecoder.decodeCommand(CommandDecoder.java:205)
	at org.redisson.client.handler.CommandDecoder.decode(CommandDecoder.java:144)
	at org.redisson.client.handler.CommandDecoder.decode(CommandDecoder.java:120)
	at io.netty.handler.codec.ByteToMessageDecoder.decodeRemovalReentryProtection(ByteToMessageDecoder.java:529)
	at io.netty.handler.codec.ReplayingDecoder.callDecode(ReplayingDecoder.java:366)
	... 17 common frames omitted
Caused by: java.lang.ClassNotFoundException: ava.util.Date
	at java.base/jdk.internal.loader.BuiltinClassLoader.loadClass(BuiltinClassLoader.java:641)
	at java.base/jdk.internal.loader.ClassLoaders$AppClassLoader.loadClass(ClassLoaders.java:188)
	at java.base/java.lang.ClassLoader.loadClass(ClassLoader.java:521)
	at java.base/java.lang.Class.forName0(Native Method)
	at java.base/java.lang.Class.forName(Class.java:495)
	at java.base/java.lang.Class.forName(Class.java:474)
	at com.esotericsoftware.kryo.util.DefaultClassResolver.readName(DefaultClassResolver.java:176)
	... 29 common frames omitted
24-10-12.21:22:45.978 [org.springframework.amqp.rabbit.RabbitListenerEndpointContainer#0-2] INFO  SimpleMessageListenerContainer - Waiting for workers to finish.
24-10-12.21:22:46.381 [org.springframework.amqp.rabbit.RabbitListenerEndpointContainer#0-2] INFO  SimpleMessageListenerContainer - Successfully waited for workers to finish.
24-10-12.21:22:46.384 [SpringApplicationShutdownHook] INFO  SimpleMessageListenerContainer - Shutdown ignored - container is already stopped
24-10-12.21:23:56.092 [main            ] INFO  RaffleActivityPartakeServiceTest - Starting RaffleActivityPartakeServiceTest using Java 19.0.1 on Legion-R9000P with PID 21920 (started by lenovo in E:\Code\Java\big-market\big-market-app)
24-10-12.21:23:56.092 [main            ] INFO  RaffleActivityPartakeServiceTest - The following 1 profile is active: "dev"
24-10-12.21:23:57.190 [main            ] INFO  RepositoryConfigurationDelegate - Multiple Spring Data modules found, entering strict repository configuration mode
24-10-12.21:23:57.194 [main            ] INFO  RepositoryConfigurationDelegate - Bootstrapping Spring Data Redis repositories in DEFAULT mode.
24-10-12.21:23:57.249 [main            ] INFO  RepositoryConfigurationDelegate - Finished Spring Data repository scanning in 35 ms. Found 0 Redis repository interfaces.
24-10-12.21:23:58.984 [main            ] INFO  Version                - Redisson 3.23.4
24-10-12.21:23:59.520 [redisson-netty-2-4] INFO  MasterPubSubConnectionPool - 1 connections initialized for 192.168.236.132/192.168.236.132:16379
24-10-12.21:23:59.538 [redisson-netty-2-13] INFO  MasterConnectionPool   - 5 connections initialized for 192.168.236.132/192.168.236.132:16379
24-10-12.21:24:02.965 [main            ] INFO  EndpointLinksResolver  - Exposing 1 endpoint(s) beneath base path '/actuator'
24-10-12.21:24:03.058 [main            ] INFO  CachingConnectionFactory - Attempting to connect to: [192.168.236.132:5672]
24-10-12.21:24:03.126 [main            ] INFO  CachingConnectionFactory - Created new connection: rabbitConnectionFactory#51c008fd:0/SimpleConnection@2ba4b32b [delegate=amqp://origami@192.168.236.132:5672/, localPort= 1242]
24-10-12.21:24:03.222 [main            ] INFO  RaffleActivityPartakeServiceTest - Started RaffleActivityPartakeServiceTest in 7.629 seconds (JVM running for 8.538)
24-10-12.21:24:03.748 [main            ] INFO  HikariDataSource       - Retail_HikariCP - Starting...
24-10-12.21:24:04.111 [main            ] INFO  HikariDataSource       - Retail_HikariCP - Start completed.
24-10-12.21:24:04.285 [main            ] INFO  HikariDataSource       - Retail_HikariCP - Starting...
24-10-12.21:24:04.329 [main            ] INFO  HikariDataSource       - Retail_HikariCP - Start completed.
24-10-12.21:24:04.523 [org.springframework.amqp.rabbit.RabbitListenerEndpointContainer#0-2] INFO  SimpleMessageListenerContainer - Waiting for workers to finish.
24-10-12.21:24:05.008 [scheduling-1    ] INFO  UpdateActivitySkuStockJob -  - sku
24-10-12.21:24:05.037 [scheduling-1    ] INFO  UpdateAwardStockJob    -  - 
24-10-12.21:24:05.223 [org.springframework.amqp.rabbit.RabbitListenerEndpointContainer#0-2] INFO  SimpleMessageListenerContainer - Successfully waited for workers to finish.
24-10-12.21:24:05.224 [SpringApplicationShutdownHook] INFO  SimpleMessageListenerContainer - Shutdown ignored - container is already stopped
24-10-12.21:24:46.602 [main            ] INFO  RaffleActivityPartakeServiceTest - Starting RaffleActivityPartakeServiceTest using Java 19.0.1 on Legion-R9000P with PID 34088 (started by lenovo in E:\Code\Java\big-market\big-market-app)
24-10-12.21:24:46.604 [main            ] INFO  RaffleActivityPartakeServiceTest - The following 1 profile is active: "dev"
24-10-12.21:24:48.032 [main            ] INFO  RepositoryConfigurationDelegate - Multiple Spring Data modules found, entering strict repository configuration mode
24-10-12.21:24:48.036 [main            ] INFO  RepositoryConfigurationDelegate - Bootstrapping Spring Data Redis repositories in DEFAULT mode.
24-10-12.21:24:48.094 [main            ] INFO  RepositoryConfigurationDelegate - Finished Spring Data repository scanning in 36 ms. Found 0 Redis repository interfaces.
24-10-12.21:24:50.207 [main            ] INFO  Version                - Redisson 3.23.4
24-10-12.21:24:50.807 [redisson-netty-2-5] INFO  MasterPubSubConnectionPool - 1 connections initialized for 192.168.236.132/192.168.236.132:16379
24-10-12.21:24:50.828 [redisson-netty-2-13] INFO  MasterConnectionPool   - 5 connections initialized for 192.168.236.132/192.168.236.132:16379
24-10-12.21:24:54.998 [main            ] INFO  EndpointLinksResolver  - Exposing 1 endpoint(s) beneath base path '/actuator'
24-10-12.21:24:55.122 [main            ] INFO  CachingConnectionFactory - Attempting to connect to: [192.168.236.132:5672]
24-10-12.21:24:55.198 [main            ] INFO  CachingConnectionFactory - Created new connection: rabbitConnectionFactory#b3004e:0/SimpleConnection@18d09283 [delegate=amqp://origami@192.168.236.132:5672/, localPort= 1314]
24-10-12.21:24:55.316 [main            ] INFO  RaffleActivityPartakeServiceTest - Started RaffleActivityPartakeServiceTest in 9.343 seconds (JVM running for 11.137)
24-10-12.21:25:36.862 [scheduling-1    ] INFO  UpdateAwardStockJob    -  - 
24-10-12.21:25:42.198 [scheduling-1    ] INFO  UpdateActivitySkuStockJob -  - sku
24-10-12.21:25:44.782 [main            ] INFO  HikariDataSource       - Retail_HikariCP - Starting...
24-10-12.21:25:45.013 [scheduling-1    ] INFO  UpdateActivitySkuStockJob -  - sku
24-10-12.21:25:45.015 [scheduling-1    ] INFO  UpdateAwardStockJob    -  - 
24-10-12.21:25:45.826 [main            ] INFO  HikariDataSource       - Retail_HikariCP - Start completed.
24-10-12.21:26:03.134 [scheduling-1    ] INFO  UpdateActivitySkuStockJob -  - sku
24-10-12.21:26:05.194 [scheduling-1    ] INFO  UpdateAwardStockJob    -  - 
24-10-12.21:26:07.090 [scheduling-1    ] INFO  UpdateActivitySkuStockJob -  - sku
24-10-12.21:26:13.122 [scheduling-1    ] INFO  UpdateAwardStockJob    -  - 
24-10-12.21:26:20.202 [scheduling-1    ] INFO  UpdateActivitySkuStockJob -  - sku
24-10-12.21:26:29.737 [scheduling-1    ] INFO  UpdateActivitySkuStockJob -  - sku
24-10-12.21:26:30.607 [scheduling-1    ] INFO  UpdateAwardStockJob    -  - 
24-10-12.21:26:37.155 [scheduling-1    ] INFO  UpdateActivitySkuStockJob -  - sku
24-10-12.21:26:40.474 [scheduling-1    ] INFO  UpdateAwardStockJob    -  - 
24-10-12.21:26:40.841 [scheduling-1    ] INFO  UpdateActivitySkuStockJob -  - sku
24-10-12.21:26:44.358 [org.springframework.amqp.rabbit.RabbitListenerEndpointContainer#0-2] INFO  SimpleMessageListenerContainer - Waiting for workers to finish.
24-10-12.21:26:45.006 [scheduling-1    ] INFO  UpdateActivitySkuStockJob -  - sku
24-10-12.21:26:45.190 [scheduling-1    ] INFO  UpdateAwardStockJob    -  - 
24-10-12.21:26:45.349 [org.springframework.amqp.rabbit.RabbitListenerEndpointContainer#0-2] INFO  SimpleMessageListenerContainer - Successfully waited for workers to finish.
24-10-12.21:26:45.351 [SpringApplicationShutdownHook] INFO  SimpleMessageListenerContainer - Shutdown ignored - container is already stopped
24-10-12.21:30:41.742 [main            ] INFO  RaffleActivityPartakeServiceTest - Starting RaffleActivityPartakeServiceTest using Java 19.0.1 on Legion-R9000P with PID 34076 (started by lenovo in E:\Code\Java\big-market\big-market-app)
24-10-12.21:30:41.743 [main            ] INFO  RaffleActivityPartakeServiceTest - The following 1 profile is active: "dev"
24-10-12.21:30:42.834 [main            ] INFO  RepositoryConfigurationDelegate - Multiple Spring Data modules found, entering strict repository configuration mode
24-10-12.21:30:42.837 [main            ] INFO  RepositoryConfigurationDelegate - Bootstrapping Spring Data Redis repositories in DEFAULT mode.
24-10-12.21:30:42.875 [main            ] INFO  RepositoryConfigurationDelegate - Finished Spring Data repository scanning in 25 ms. Found 0 Redis repository interfaces.
24-10-12.21:30:44.538 [main            ] INFO  Version                - Redisson 3.23.4
24-10-12.21:30:45.059 [redisson-netty-2-4] INFO  MasterPubSubConnectionPool - 1 connections initialized for 192.168.236.132/192.168.236.132:16379
24-10-12.21:30:45.085 [redisson-netty-2-13] INFO  MasterConnectionPool   - 5 connections initialized for 192.168.236.132/192.168.236.132:16379
24-10-12.21:30:48.403 [main            ] INFO  EndpointLinksResolver  - Exposing 1 endpoint(s) beneath base path '/actuator'
24-10-12.21:30:48.484 [main            ] INFO  CachingConnectionFactory - Attempting to connect to: [192.168.236.132:5672]
24-10-12.21:30:48.541 [main            ] INFO  CachingConnectionFactory - Created new connection: rabbitConnectionFactory#51c008fd:0/SimpleConnection@47ab3688 [delegate=amqp://origami@192.168.236.132:5672/, localPort= 6986]
24-10-12.21:30:48.631 [main            ] INFO  RaffleActivityPartakeServiceTest - Started RaffleActivityPartakeServiceTest in 7.354 seconds (JVM running for 8.177)
24-10-12.21:30:49.217 [main            ] INFO  HikariDataSource       - Retail_HikariCP - Starting...
24-10-12.21:30:49.472 [main            ] INFO  HikariDataSource       - Retail_HikariCP - Start completed.
24-10-12.21:30:49.528 [org.springframework.amqp.rabbit.RabbitListenerEndpointContainer#0-2] INFO  SimpleMessageListenerContainer - Waiting for workers to finish.
24-10-12.21:30:49.636 [org.springframework.amqp.rabbit.RabbitListenerEndpointContainer#0-2] INFO  SimpleMessageListenerContainer - Successfully waited for workers to finish.
24-10-12.21:30:49.638 [SpringApplicationShutdownHook] INFO  SimpleMessageListenerContainer - Shutdown ignored - container is already stopped
24-10-12.21:36:00.264 [main            ] INFO  RaffleActivityPartakeServiceTest - Starting RaffleActivityPartakeServiceTest using Java 19.0.1 on Legion-R9000P with PID 20616 (started by lenovo in E:\Code\Java\big-market\big-market-app)
24-10-12.21:36:00.266 [main            ] INFO  RaffleActivityPartakeServiceTest - The following 1 profile is active: "dev"
24-10-12.21:36:01.553 [main            ] INFO  RepositoryConfigurationDelegate - Multiple Spring Data modules found, entering strict repository configuration mode
24-10-12.21:36:01.556 [main            ] INFO  RepositoryConfigurationDelegate - Bootstrapping Spring Data Redis repositories in DEFAULT mode.
24-10-12.21:36:01.606 [main            ] INFO  RepositoryConfigurationDelegate - Finished Spring Data repository scanning in 31 ms. Found 0 Redis repository interfaces.
24-10-12.21:36:03.631 [main            ] INFO  Version                - Redisson 3.23.4
24-10-12.21:36:04.257 [redisson-netty-2-5] INFO  MasterPubSubConnectionPool - 1 connections initialized for 192.168.236.132/192.168.236.132:16379
24-10-12.21:36:04.282 [redisson-netty-2-13] INFO  MasterConnectionPool   - 5 connections initialized for 192.168.236.132/192.168.236.132:16379
24-10-12.21:36:08.497 [main            ] INFO  EndpointLinksResolver  - Exposing 1 endpoint(s) beneath base path '/actuator'
24-10-12.21:36:08.597 [main            ] INFO  CachingConnectionFactory - Attempting to connect to: [192.168.236.132:5672]
24-10-12.21:36:08.661 [main            ] INFO  CachingConnectionFactory - Created new connection: rabbitConnectionFactory#b3004e:0/SimpleConnection@151f1734 [delegate=amqp://origami@192.168.236.132:5672/, localPort= 8199]
24-10-12.21:36:08.747 [main            ] INFO  RaffleActivityPartakeServiceTest - Started RaffleActivityPartakeServiceTest in 9.033 seconds (JVM running for 10.28)
24-10-12.21:36:19.386 [scheduling-1    ] INFO  UpdateActivitySkuStockJob -  - sku
24-10-12.21:36:41.585 [scheduling-1    ] INFO  UpdateAwardStockJob    -  - 
24-10-12.21:37:18.494 [scheduling-1    ] INFO  UpdateAwardStockJob    -  - 
24-10-12.21:37:21.128 [scheduling-1    ] INFO  UpdateActivitySkuStockJob -  - sku
24-10-12.21:37:33.648 [scheduling-1    ] INFO  UpdateAwardStockJob    -  - 
24-10-12.21:37:33.755 [main            ] INFO  HikariDataSource       - Retail_HikariCP - Starting...
24-10-12.21:37:34.782 [main            ] INFO  HikariDataSource       - Retail_HikariCP - Start completed.
24-10-12.21:37:50.239 [scheduling-1    ] INFO  UpdateAwardStockJob    -  - 
24-10-12.21:37:59.388 [scheduling-1    ] INFO  UpdateActivitySkuStockJob -  - sku
24-10-12.21:38:00.599 [scheduling-1    ] INFO  UpdateAwardStockJob    -  - 
24-10-12.21:38:12.530 [scheduling-1    ] INFO  UpdateActivitySkuStockJob -  - sku
24-10-12.21:38:21.327 [scheduling-1    ] INFO  UpdateAwardStockJob    -  - 
24-10-12.21:38:30.024 [scheduling-1    ] INFO  UpdateAwardStockJob    -  - 
24-10-12.21:38:30.035 [scheduling-1    ] INFO  UpdateActivitySkuStockJob -  - sku
24-10-12.21:39:21.989 [Retail_HikariCP housekeeper] WARN  HikariPool             - Retail_HikariCP - Thread starvation or clock leap detected (housekeeper delta=1m9s463ms344s).
24-10-12.21:39:21.999 [scheduling-1    ] ERROR UpdateActivitySkuStockJob -  - sku
org.springframework.dao.QueryTimeoutException: Redis server response timeout (3000 ms) occured after 0 retry attempts, is non-idempotent command: true Check connection with Redis node: 192.168.236.132/192.168.236.132:16379 for TCP packet drops or bandwidth limits.  Try to increase nettyThreads and/or timeout settings. Command: (LPOP), params: [activity_sku_count_queue_key_], channel: [id: 0x1e9a096c, L:/192.168.236.1:8194 - R:192.168.236.132/192.168.236.132:16379]; nested exception is org.redisson.client.RedisResponseTimeoutException: Redis server response timeout (3000 ms) occured after 0 retry attempts, is non-idempotent command: true Check connection with Redis node: 192.168.236.132/192.168.236.132:16379 for TCP packet drops or bandwidth limits.  Try to increase nettyThreads and/or timeout settings. Command: (LPOP), params: [activity_sku_count_queue_key_], channel: [id: 0x1e9a096c, L:/192.168.236.1:8194 - R:192.168.236.132/192.168.236.132:16379]
	at org.redisson.spring.data.connection.RedissonExceptionConverter.convert(RedissonExceptionConverter.java:48)
	at org.redisson.spring.data.connection.RedissonExceptionConverter.convert(RedissonExceptionConverter.java:35)
	at org.springframework.data.redis.PassThroughExceptionTranslationStrategy.translate(PassThroughExceptionTranslationStrategy.java:44)
	at org.redisson.spring.data.connection.RedissonConnectionFactory.translateExceptionIfPossible(RedissonConnectionFactory.java:91)
	at org.springframework.dao.support.ChainedPersistenceExceptionTranslator.translateExceptionIfPossible(ChainedPersistenceExceptionTranslator.java:61)
	at org.springframework.dao.support.DataAccessUtils.translateIfNecessary(DataAccessUtils.java:242)
	at org.springframework.dao.support.PersistenceExceptionTranslationInterceptor.invoke(PersistenceExceptionTranslationInterceptor.java:152)
	at org.springframework.aop.framework.ReflectiveMethodInvocation.proceed(ReflectiveMethodInvocation.java:186)
	at org.springframework.aop.framework.CglibAopProxy$CglibMethodInvocation.proceed(CglibAopProxy.java:763)
	at org.springframework.aop.framework.CglibAopProxy$DynamicAdvisedInterceptor.intercept(CglibAopProxy.java:708)
	at com.origamii.infrastructure.persistent.repository.ActivityRepository$$EnhancerBySpringCGLIB$$5da08a02.takeQueueValue(<generated>)
	at com.origamii.domain.activity.service.quota.RaffleActivityAccountQuotaService.takeQueueValue(RaffleActivityAccountQuotaService.java:83)
	at com.origamii.trigger.job.UpdateActivitySkuStockJob.exec(UpdateActivitySkuStockJob.java:26)
	at java.base/jdk.internal.reflect.DirectMethodHandleAccessor.invoke(DirectMethodHandleAccessor.java:104)
	at java.base/java.lang.reflect.Method.invoke(Method.java:578)
	at org.springframework.scheduling.support.ScheduledMethodRunnable.run(ScheduledMethodRunnable.java:84)
	at org.springframework.scheduling.support.DelegatingErrorHandlingRunnable.run(DelegatingErrorHandlingRunnable.java:54)
	at org.springframework.scheduling.concurrent.ReschedulingRunnable.run(ReschedulingRunnable.java:95)
	at java.base/java.util.concurrent.Executors$RunnableAdapter.call(Executors.java:577)
	at java.base/java.util.concurrent.FutureTask.run$$$capture(FutureTask.java:317)
	at java.base/java.util.concurrent.FutureTask.run(FutureTask.java)
	at java.base/java.util.concurrent.ScheduledThreadPoolExecutor$ScheduledFutureTask.run(ScheduledThreadPoolExecutor.java:304)
	at java.base/java.util.concurrent.ThreadPoolExecutor.runWorker(ThreadPoolExecutor.java:1144)
	at java.base/java.util.concurrent.ThreadPoolExecutor$Worker.run(ThreadPoolExecutor.java:642)
	at java.base/java.lang.Thread.run(Thread.java:1589)
Caused by: org.redisson.client.RedisResponseTimeoutException: Redis server response timeout (3000 ms) occured after 0 retry attempts, is non-idempotent command: true Check connection with Redis node: 192.168.236.132/192.168.236.132:16379 for TCP packet drops or bandwidth limits.  Try to increase nettyThreads and/or timeout settings. Command: (LPOP), params: [activity_sku_count_queue_key_], channel: [id: 0x1e9a096c, L:/192.168.236.1:8194 - R:192.168.236.132/192.168.236.132:16379]
	at org.redisson.command.RedisExecutor.lambda$scheduleResponseTimeout$9(RedisExecutor.java:407)
	at io.netty.util.HashedWheelTimer$HashedWheelTimeout.run(HashedWheelTimer.java:715)
	at io.netty.util.concurrent.ImmediateExecutor.execute(ImmediateExecutor.java:34)
	at io.netty.util.HashedWheelTimer$HashedWheelTimeout.expire(HashedWheelTimer.java:703)
	at io.netty.util.HashedWheelTimer$HashedWheelBucket.expireTimeouts(HashedWheelTimer.java:790)
	at io.netty.util.HashedWheelTimer$Worker.run(HashedWheelTimer.java:503)
	at io.netty.util.concurrent.FastThreadLocalRunnable.run(FastThreadLocalRunnable.java:30)
	... 1 common frames omitted
24-10-12.21:39:22.001 [scheduling-1    ] INFO  UpdateAwardStockJob    -  - 
24-10-12.21:39:22.035 [org.springframework.amqp.rabbit.RabbitListenerEndpointContainer#0-2] INFO  SimpleMessageListenerContainer - Waiting for workers to finish.
24-10-12.21:39:23.005 [org.springframework.amqp.rabbit.RabbitListenerEndpointContainer#0-2] INFO  SimpleMessageListenerContainer - Successfully waited for workers to finish.
24-10-12.21:39:23.007 [SpringApplicationShutdownHook] INFO  SimpleMessageListenerContainer - Shutdown ignored - container is already stopped
24-10-12.21:39:26.480 [main            ] INFO  RaffleActivityPartakeServiceTest - Starting RaffleActivityPartakeServiceTest using Java 19.0.1 on Legion-R9000P with PID 28900 (started by lenovo in E:\Code\Java\big-market\big-market-app)
24-10-12.21:39:26.483 [main            ] INFO  RaffleActivityPartakeServiceTest - The following 1 profile is active: "dev"
24-10-12.21:39:27.674 [main            ] INFO  RepositoryConfigurationDelegate - Multiple Spring Data modules found, entering strict repository configuration mode
24-10-12.21:39:27.677 [main            ] INFO  RepositoryConfigurationDelegate - Bootstrapping Spring Data Redis repositories in DEFAULT mode.
24-10-12.21:39:27.725 [main            ] INFO  RepositoryConfigurationDelegate - Finished Spring Data repository scanning in 31 ms. Found 0 Redis repository interfaces.
24-10-12.21:39:29.708 [main            ] INFO  Version                - Redisson 3.23.4
24-10-12.21:39:30.310 [redisson-netty-2-4] INFO  MasterPubSubConnectionPool - 1 connections initialized for 192.168.236.132/192.168.236.132:16379
24-10-12.21:39:30.332 [redisson-netty-2-13] INFO  MasterConnectionPool   - 5 connections initialized for 192.168.236.132/192.168.236.132:16379
24-10-12.21:39:34.295 [main            ] INFO  EndpointLinksResolver  - Exposing 1 endpoint(s) beneath base path '/actuator'
24-10-12.21:39:34.405 [main            ] INFO  CachingConnectionFactory - Attempting to connect to: [192.168.236.132:5672]
24-10-12.21:39:34.470 [main            ] INFO  CachingConnectionFactory - Created new connection: rabbitConnectionFactory#b3004e:0/SimpleConnection@151f1734 [delegate=amqp://origami@192.168.236.132:5672/, localPort= 4907]
24-10-12.21:39:34.575 [main            ] INFO  RaffleActivityPartakeServiceTest - Started RaffleActivityPartakeServiceTest in 8.642 seconds (JVM running for 9.831)
24-10-12.21:39:35.005 [scheduling-1    ] INFO  UpdateActivitySkuStockJob -  - sku
24-10-12.21:39:35.031 [scheduling-1    ] INFO  UpdateAwardStockJob    -  - 
24-10-12.21:41:59.302 [scheduling-1    ] INFO  UpdateAwardStockJob    -  - 
24-10-12.21:41:59.313 [scheduling-1    ] INFO  UpdateActivitySkuStockJob -  - sku
24-10-12.21:41:59.386 [main            ] INFO  HikariDataSource       - Retail_HikariCP - Starting...
24-10-12.21:41:59.700 [main            ] INFO  HikariDataSource       - Retail_HikariCP - Start completed.
24-10-12.21:42:10.063 [scheduling-1    ] INFO  UpdateAwardStockJob    -  - 
24-10-12.21:42:51.679 [scheduling-1    ] INFO  UpdateActivitySkuStockJob -  - sku
24-10-12.21:42:59.648 [scheduling-1    ] INFO  UpdateAwardStockJob    -  - 
24-10-12.21:48:10.943 [Retail_HikariCP housekeeper] WARN  HikariPool             - Retail_HikariCP - Thread starvation or clock leap detected (housekeeper delta=5m19s266ms364s900ns).
24-10-12.21:48:10.943 [scheduling-1    ] INFO  UpdateAwardStockJob    -  - 
24-10-12.21:48:10.946 [AMQP Connection 192.168.236.132:5672] WARN  ForgivingExceptionHandler - An unexpected connection driver error occurred (Exception message: Connection reset)
24-10-12.21:48:10.954 [scheduling-1    ] INFO  UpdateActivitySkuStockJob -  - sku
24-10-12.21:48:10.972 [org.springframework.amqp.rabbit.RabbitListenerEndpointContainer#0-2] INFO  SimpleMessageListenerContainer - Waiting for workers to finish.
24-10-12.21:48:10.972 [org.springframework.amqp.rabbit.RabbitListenerEndpointContainer#0-2] INFO  SimpleMessageListenerContainer - Successfully waited for workers to finish.
24-10-12.21:48:10.976 [SpringApplicationShutdownHook] INFO  SimpleMessageListenerContainer - Shutdown ignored - container is already stopped
24-10-12.21:48:28.824 [main            ] INFO  RaffleActivityAccountQuotaServiceTest - Starting RaffleActivityAccountQuotaServiceTest using Java 19.0.1 on Legion-R9000P with PID 34812 (started by lenovo in E:\Code\Java\big-market\big-market-app)
24-10-12.21:48:28.825 [main            ] INFO  RaffleActivityAccountQuotaServiceTest - The following 1 profile is active: "dev"
24-10-12.21:48:29.886 [main            ] INFO  RepositoryConfigurationDelegate - Multiple Spring Data modules found, entering strict repository configuration mode
24-10-12.21:48:29.889 [main            ] INFO  RepositoryConfigurationDelegate - Bootstrapping Spring Data Redis repositories in DEFAULT mode.
24-10-12.21:48:29.932 [main            ] INFO  RepositoryConfigurationDelegate - Finished Spring Data repository scanning in 27 ms. Found 0 Redis repository interfaces.
24-10-12.21:48:31.597 [main            ] INFO  Version                - Redisson 3.23.4
24-10-12.21:48:32.096 [redisson-netty-2-4] INFO  MasterPubSubConnectionPool - 1 connections initialized for 192.168.236.132/192.168.236.132:16379
24-10-12.21:48:32.116 [redisson-netty-2-13] INFO  MasterConnectionPool   - 5 connections initialized for 192.168.236.132/192.168.236.132:16379
24-10-12.21:48:35.496 [main            ] INFO  EndpointLinksResolver  - Exposing 1 endpoint(s) beneath base path '/actuator'
24-10-12.21:48:35.620 [main            ] INFO  CachingConnectionFactory - Attempting to connect to: [192.168.236.132:5672]
24-10-12.21:48:35.707 [main            ] INFO  CachingConnectionFactory - Created new connection: rabbitConnectionFactory#7dd7ec56:0/SimpleConnection@7ca7bddd [delegate=amqp://origami@192.168.236.132:5672/, localPort= 10580]
24-10-12.21:48:35.807 [main            ] INFO  RaffleActivityAccountQuotaServiceTest - Started RaffleActivityAccountQuotaServiceTest in 7.435 seconds (JVM running for 8.298)
24-10-12.21:48:36.321 [main            ] INFO  HikariDataSource       - Retail_HikariCP - Starting...
24-10-12.21:48:36.601 [main            ] INFO  HikariDataSource       - Retail_HikariCP - Start completed.
24-10-12.21:48:36.730 [main            ] INFO  RaffleActivityAccountQuotaServiceTest - false
24-10-12.21:48:36.743 [main            ] INFO  ActivityBaseActionChain - -   sku skuId:9011 activityId:100301
24-10-12.21:48:36.745 [main            ] WARN  RaffleActivityAccountQuotaServiceTest - 
24-10-12.21:48:36.753 [main            ] INFO  ActivityBaseActionChain - -   sku skuId:9011 activityId:100301
24-10-12.21:48:36.753 [main            ] WARN  RaffleActivityAccountQuotaServiceTest - 
24-10-12.21:48:36.759 [main            ] INFO  ActivityBaseActionChain - -   sku skuId:9011 activityId:100301
24-10-12.21:48:36.759 [main            ] WARN  RaffleActivityAccountQuotaServiceTest - 
24-10-12.21:48:36.767 [main            ] INFO  ActivityBaseActionChain - -   sku skuId:9011 activityId:100301
24-10-12.21:48:36.768 [main            ] WARN  RaffleActivityAccountQuotaServiceTest - 
24-10-12.21:48:36.775 [main            ] INFO  ActivityBaseActionChain - -   sku skuId:9011 activityId:100301
24-10-12.21:48:36.776 [main            ] WARN  RaffleActivityAccountQuotaServiceTest - 
24-10-12.21:48:36.782 [main            ] INFO  ActivityBaseActionChain - -   sku skuId:9011 activityId:100301
24-10-12.21:48:36.783 [main            ] WARN  RaffleActivityAccountQuotaServiceTest - 
24-10-12.21:48:36.789 [main            ] INFO  ActivityBaseActionChain - -   sku skuId:9011 activityId:100301
24-10-12.21:48:36.789 [main            ] WARN  RaffleActivityAccountQuotaServiceTest - 
24-10-12.21:48:36.795 [main            ] INFO  ActivityBaseActionChain - -   sku skuId:9011 activityId:100301
24-10-12.21:48:36.795 [main            ] WARN  RaffleActivityAccountQuotaServiceTest - 
24-10-12.21:48:36.801 [main            ] INFO  ActivityBaseActionChain - -   sku skuId:9011 activityId:100301
24-10-12.21:48:36.801 [main            ] WARN  RaffleActivityAccountQuotaServiceTest - 
24-10-12.21:48:36.809 [main            ] INFO  ActivityBaseActionChain - -   sku skuId:9011 activityId:100301
24-10-12.21:48:36.810 [main            ] WARN  RaffleActivityAccountQuotaServiceTest - 
24-10-12.21:48:36.817 [main            ] INFO  ActivityBaseActionChain - -   sku skuId:9011 activityId:100301
24-10-12.21:48:36.817 [main            ] WARN  RaffleActivityAccountQuotaServiceTest - 
24-10-12.21:48:36.824 [main            ] INFO  ActivityBaseActionChain - -   sku skuId:9011 activityId:100301
24-10-12.21:48:36.824 [main            ] WARN  RaffleActivityAccountQuotaServiceTest - 
24-10-12.21:48:36.831 [main            ] INFO  ActivityBaseActionChain - -   sku skuId:9011 activityId:100301
24-10-12.21:48:36.832 [main            ] WARN  RaffleActivityAccountQuotaServiceTest - 
24-10-12.21:48:36.836 [main            ] INFO  ActivityBaseActionChain - -   sku skuId:9011 activityId:100301
24-10-12.21:48:36.837 [main            ] WARN  RaffleActivityAccountQuotaServiceTest - 
24-10-12.21:48:36.843 [main            ] INFO  ActivityBaseActionChain - -   sku skuId:9011 activityId:100301
24-10-12.21:48:36.843 [main            ] WARN  RaffleActivityAccountQuotaServiceTest - 
24-10-12.21:48:36.848 [main            ] INFO  ActivityBaseActionChain - -   sku skuId:9011 activityId:100301
24-10-12.21:48:36.849 [main            ] WARN  RaffleActivityAccountQuotaServiceTest - 
24-10-12.21:48:36.853 [main            ] INFO  ActivityBaseActionChain - -   sku skuId:9011 activityId:100301
24-10-12.21:48:36.854 [main            ] WARN  RaffleActivityAccountQuotaServiceTest - 
24-10-12.21:48:36.860 [main            ] INFO  ActivityBaseActionChain - -   sku skuId:9011 activityId:100301
24-10-12.21:48:36.860 [main            ] WARN  RaffleActivityAccountQuotaServiceTest - 
24-10-12.21:48:36.865 [main            ] INFO  ActivityBaseActionChain - -   sku skuId:9011 activityId:100301
24-10-12.21:48:36.865 [main            ] WARN  RaffleActivityAccountQuotaServiceTest - 
24-10-12.21:48:36.871 [main            ] INFO  ActivityBaseActionChain - -   sku skuId:9011 activityId:100301
24-10-12.21:48:36.871 [main            ] WARN  RaffleActivityAccountQuotaServiceTest - 
24-10-12.21:48:40.012 [scheduling-1    ] INFO  UpdateAwardStockJob    -  - 
24-10-12.21:48:40.020 [scheduling-1    ] INFO  UpdateActivitySkuStockJob -  - sku
24-10-12.21:48:45.014 [scheduling-1    ] INFO  UpdateActivitySkuStockJob -  - sku
24-10-12.21:48:45.016 [scheduling-1    ] INFO  UpdateAwardStockJob    -  - 
24-10-12.21:48:50.014 [scheduling-1    ] INFO  UpdateActivitySkuStockJob -  - sku
24-10-12.21:48:50.023 [scheduling-1    ] INFO  UpdateAwardStockJob    -  - 
24-10-12.21:48:55.014 [scheduling-1    ] INFO  UpdateAwardStockJob    -  - 
24-10-12.21:48:55.016 [scheduling-1    ] INFO  UpdateActivitySkuStockJob -  - sku
24-10-12.21:49:00.001 [scheduling-1    ] INFO  UpdateActivitySkuStockJob -  - sku
24-10-12.21:49:00.003 [scheduling-1    ] INFO  UpdateAwardStockJob    -  - 
24-10-12.21:49:05.015 [scheduling-1    ] INFO  UpdateActivitySkuStockJob -  - sku
24-10-12.21:49:05.016 [scheduling-1    ] INFO  UpdateAwardStockJob    -  - 
24-10-12.21:49:10.014 [scheduling-1    ] INFO  UpdateAwardStockJob    -  - 
24-10-12.21:49:10.016 [scheduling-1    ] INFO  UpdateActivitySkuStockJob -  - sku
24-10-12.21:49:15.011 [scheduling-1    ] INFO  UpdateAwardStockJob    -  - 
24-10-12.21:49:15.013 [scheduling-1    ] INFO  UpdateActivitySkuStockJob -  - sku
24-10-12.21:49:20.012 [scheduling-1    ] INFO  UpdateAwardStockJob    -  - 
24-10-12.21:49:20.014 [scheduling-1    ] INFO  UpdateActivitySkuStockJob -  - sku
24-10-12.21:49:25.014 [scheduling-1    ] INFO  UpdateAwardStockJob    -  - 
24-10-12.21:49:25.015 [scheduling-1    ] INFO  UpdateActivitySkuStockJob -  - sku
24-10-12.21:49:30.005 [scheduling-1    ] INFO  UpdateAwardStockJob    -  - 
24-10-12.21:49:30.007 [scheduling-1    ] INFO  UpdateActivitySkuStockJob -  - sku
24-10-12.21:49:35.011 [scheduling-1    ] INFO  UpdateAwardStockJob    -  - 
24-10-12.21:49:35.013 [scheduling-1    ] INFO  UpdateActivitySkuStockJob -  - sku
24-10-12.21:49:40.013 [scheduling-1    ] INFO  UpdateActivitySkuStockJob -  - sku
24-10-12.21:49:40.014 [scheduling-1    ] INFO  UpdateAwardStockJob    -  - 
24-10-12.21:49:45.014 [scheduling-1    ] INFO  UpdateAwardStockJob    -  - 
24-10-12.21:49:45.016 [scheduling-1    ] INFO  UpdateActivitySkuStockJob -  - sku
24-10-12.21:49:50.009 [scheduling-1    ] INFO  UpdateActivitySkuStockJob -  - sku
24-10-12.21:49:50.010 [scheduling-1    ] INFO  UpdateAwardStockJob    -  - 
24-10-12.21:49:55.010 [scheduling-1    ] INFO  UpdateAwardStockJob    -  - 
24-10-12.21:49:55.012 [scheduling-1    ] INFO  UpdateActivitySkuStockJob -  - sku
24-10-12.21:50:00.000 [scheduling-1    ] INFO  UpdateAwardStockJob    -  - 
24-10-12.21:50:00.003 [scheduling-1    ] INFO  UpdateActivitySkuStockJob -  - sku
24-10-12.21:50:05.004 [scheduling-1    ] INFO  UpdateAwardStockJob    -  - 
24-10-12.21:50:05.005 [scheduling-1    ] INFO  UpdateActivitySkuStockJob -  - sku
24-10-12.21:50:07.384 [org.springframework.amqp.rabbit.RabbitListenerEndpointContainer#0-2] INFO  SimpleMessageListenerContainer - Waiting for workers to finish.
24-10-12.21:50:07.472 [org.springframework.amqp.rabbit.RabbitListenerEndpointContainer#0-2] INFO  SimpleMessageListenerContainer - Successfully waited for workers to finish.
24-10-12.21:50:07.474 [SpringApplicationShutdownHook] INFO  SimpleMessageListenerContainer - Shutdown ignored - container is already stopped
24-10-12.21:50:11.187 [main            ] INFO  RaffleActivityAccountQuotaServiceTest - Starting RaffleActivityAccountQuotaServiceTest using Java 19.0.1 on Legion-R9000P with PID 20676 (started by lenovo in E:\Code\Java\big-market\big-market-app)
24-10-12.21:50:11.188 [main            ] INFO  RaffleActivityAccountQuotaServiceTest - The following 1 profile is active: "dev"
24-10-12.21:50:12.283 [main            ] INFO  RepositoryConfigurationDelegate - Multiple Spring Data modules found, entering strict repository configuration mode
24-10-12.21:50:12.286 [main            ] INFO  RepositoryConfigurationDelegate - Bootstrapping Spring Data Redis repositories in DEFAULT mode.
24-10-12.21:50:12.327 [main            ] INFO  RepositoryConfigurationDelegate - Finished Spring Data repository scanning in 27 ms. Found 0 Redis repository interfaces.
24-10-12.21:50:14.069 [main            ] INFO  Version                - Redisson 3.23.4
24-10-12.21:50:14.568 [redisson-netty-2-4] INFO  MasterPubSubConnectionPool - 1 connections initialized for 192.168.236.132/192.168.236.132:16379
24-10-12.21:50:14.586 [redisson-netty-2-13] INFO  MasterConnectionPool   - 5 connections initialized for 192.168.236.132/192.168.236.132:16379
24-10-12.21:50:17.553 [main            ] INFO  EndpointLinksResolver  - Exposing 1 endpoint(s) beneath base path '/actuator'
24-10-12.21:50:17.661 [main            ] INFO  CachingConnectionFactory - Attempting to connect to: [192.168.236.132:5672]
24-10-12.21:50:17.714 [main            ] INFO  CachingConnectionFactory - Created new connection: rabbitConnectionFactory#4b5aa48b:0/SimpleConnection@47ab3688 [delegate=amqp://origami@192.168.236.132:5672/, localPort= 10666]
24-10-12.21:50:17.811 [main            ] INFO  RaffleActivityAccountQuotaServiceTest - Started RaffleActivityAccountQuotaServiceTest in 7.093 seconds (JVM running for 7.972)
24-10-12.21:50:18.310 [main            ] INFO  HikariDataSource       - Retail_HikariCP - Starting...
24-10-12.21:50:18.588 [main            ] INFO  HikariDataSource       - Retail_HikariCP - Start completed.
24-10-12.21:50:18.674 [main            ] INFO  RaffleActivityAccountQuotaServiceTest - false
24-10-12.21:50:18.682 [main            ] INFO  ActivityBaseActionChain - -   sku skuId:9011 activityId:100301
24-10-12.21:50:18.701 [org.springframework.amqp.rabbit.RabbitListenerEndpointContainer#0-2] INFO  SimpleMessageListenerContainer - Waiting for workers to finish.
24-10-12.21:50:18.794 [org.springframework.amqp.rabbit.RabbitListenerEndpointContainer#0-2] INFO  SimpleMessageListenerContainer - Successfully waited for workers to finish.
24-10-12.21:50:18.797 [SpringApplicationShutdownHook] INFO  SimpleMessageListenerContainer - Shutdown ignored - container is already stopped
24-10-12.21:53:43.285 [main            ] INFO  RaffleActivityAccountQuotaServiceTest - Starting RaffleActivityAccountQuotaServiceTest using Java 19.0.1 on Legion-R9000P with PID 36320 (started by lenovo in E:\Code\Java\big-market\big-market-app)
24-10-12.21:53:43.285 [main            ] INFO  RaffleActivityAccountQuotaServiceTest - The following 1 profile is active: "dev"
24-10-12.21:53:44.319 [main            ] INFO  RepositoryConfigurationDelegate - Multiple Spring Data modules found, entering strict repository configuration mode
24-10-12.21:53:44.323 [main            ] INFO  RepositoryConfigurationDelegate - Bootstrapping Spring Data Redis repositories in DEFAULT mode.
24-10-12.21:53:44.364 [main            ] INFO  RepositoryConfigurationDelegate - Finished Spring Data repository scanning in 26 ms. Found 0 Redis repository interfaces.
24-10-12.21:53:46.039 [main            ] INFO  Version                - Redisson 3.23.4
24-10-12.21:53:46.553 [redisson-netty-2-4] INFO  MasterPubSubConnectionPool - 1 connections initialized for 192.168.236.132/192.168.236.132:16379
24-10-12.21:53:46.575 [redisson-netty-2-13] INFO  MasterConnectionPool   - 5 connections initialized for 192.168.236.132/192.168.236.132:16379
24-10-12.21:53:49.696 [main            ] INFO  EndpointLinksResolver  - Exposing 1 endpoint(s) beneath base path '/actuator'
24-10-12.21:53:49.814 [main            ] INFO  CachingConnectionFactory - Attempting to connect to: [192.168.236.132:5672]
24-10-12.21:53:49.877 [main            ] INFO  CachingConnectionFactory - Created new connection: rabbitConnectionFactory#4b5aa48b:0/SimpleConnection@47ab3688 [delegate=amqp://origami@192.168.236.132:5672/, localPort= 8360]
24-10-12.21:53:49.968 [main            ] INFO  RaffleActivityAccountQuotaServiceTest - Started RaffleActivityAccountQuotaServiceTest in 7.132 seconds (JVM running for 7.985)
24-10-12.21:53:50.010 [scheduling-1    ] INFO  UpdateActivitySkuStockJob -  - sku
24-10-12.21:53:50.071 [scheduling-1    ] INFO  UpdateAwardStockJob    -  - 
24-10-12.21:53:50.491 [main            ] INFO  HikariDataSource       - Retail_HikariCP - Starting...
24-10-12.21:53:50.811 [main            ] INFO  HikariDataSource       - Retail_HikariCP - Start completed.
24-10-12.21:53:50.918 [main            ] INFO  RaffleActivityAccountQuotaServiceTest - false
24-10-12.21:53:50.938 [main            ] INFO  ActivityBaseActionChain - -   sku skuId:9011 activityId:100301
24-10-12.21:53:50.995 [org.springframework.amqp.rabbit.RabbitListenerEndpointContainer#0-2] INFO  SimpleMessageListenerContainer - Waiting for workers to finish.
24-10-12.21:53:51.948 [org.springframework.amqp.rabbit.RabbitListenerEndpointContainer#0-2] INFO  SimpleMessageListenerContainer - Successfully waited for workers to finish.
24-10-12.21:53:51.949 [SpringApplicationShutdownHook] INFO  SimpleMessageListenerContainer - Shutdown ignored - container is already stopped
24-10-12.21:56:13.899 [main            ] INFO  RaffleActivityAccountQuotaServiceTest - Starting RaffleActivityAccountQuotaServiceTest using Java 19.0.1 on Legion-R9000P with PID 4836 (started by lenovo in E:\Code\Java\big-market\big-market-app)
24-10-12.21:56:13.900 [main            ] INFO  RaffleActivityAccountQuotaServiceTest - The following 1 profile is active: "dev"
24-10-12.21:56:15.029 [main            ] INFO  RepositoryConfigurationDelegate - Multiple Spring Data modules found, entering strict repository configuration mode
24-10-12.21:56:15.032 [main            ] INFO  RepositoryConfigurationDelegate - Bootstrapping Spring Data Redis repositories in DEFAULT mode.
24-10-12.21:56:15.078 [main            ] INFO  RepositoryConfigurationDelegate - Finished Spring Data repository scanning in 29 ms. Found 0 Redis repository interfaces.
24-10-12.21:56:16.949 [main            ] INFO  Version                - Redisson 3.23.4
24-10-12.21:56:17.501 [redisson-netty-2-4] INFO  MasterPubSubConnectionPool - 1 connections initialized for 192.168.236.132/192.168.236.132:16379
24-10-12.21:56:17.527 [redisson-netty-2-13] INFO  MasterConnectionPool   - 5 connections initialized for 192.168.236.132/192.168.236.132:16379
24-10-12.21:56:21.551 [main            ] INFO  EndpointLinksResolver  - Exposing 1 endpoint(s) beneath base path '/actuator'
24-10-12.21:56:21.654 [main            ] INFO  CachingConnectionFactory - Attempting to connect to: [192.168.236.132:5672]
24-10-12.21:56:21.716 [main            ] INFO  CachingConnectionFactory - Created new connection: rabbitConnectionFactory#780546f8:0/SimpleConnection@751b901a [delegate=amqp://origami@192.168.236.132:5672/, localPort= 8488]
24-10-12.21:56:21.811 [main            ] INFO  RaffleActivityAccountQuotaServiceTest - Started RaffleActivityAccountQuotaServiceTest in 8.511 seconds (JVM running for 9.642)
24-10-12.21:56:22.312 [main            ] INFO  HikariDataSource       - Retail_HikariCP - Starting...
24-10-12.21:56:22.603 [main            ] INFO  HikariDataSource       - Retail_HikariCP - Start completed.
24-10-12.21:56:22.734 [main            ] INFO  RaffleActivityAccountQuotaServiceTest - false
24-10-12.21:58:19.875 [Retail_HikariCP housekeeper] WARN  HikariPool             - Retail_HikariCP - Thread starvation or clock leap detected (housekeeper delta=1m57s170ms617s100ns).
24-10-12.21:58:19.875 [scheduling-1    ] INFO  UpdateActivitySkuStockJob -  - sku
24-10-12.21:58:19.891 [main            ] INFO  ActivityBaseActionChain - -   sku skuId:9011 activityId:100301
24-10-12.21:58:19.893 [scheduling-1    ] INFO  UpdateAwardStockJob    -  - 
24-10-12.21:58:19.935 [org.springframework.amqp.rabbit.RabbitListenerEndpointContainer#0-2] INFO  SimpleMessageListenerContainer - Waiting for workers to finish.
24-10-12.21:58:20.009 [scheduling-1    ] INFO  UpdateActivitySkuStockJob -  - sku
24-10-12.21:58:20.011 [scheduling-1    ] INFO  UpdateAwardStockJob    -  - 
24-10-12.21:58:20.885 [org.springframework.amqp.rabbit.RabbitListenerEndpointContainer#0-2] INFO  SimpleMessageListenerContainer - Successfully waited for workers to finish.
24-10-12.21:58:20.887 [SpringApplicationShutdownHook] INFO  SimpleMessageListenerContainer - Shutdown ignored - container is already stopped
24-10-12.21:58:24.663 [main            ] INFO  RaffleActivityAccountQuotaServiceTest - Starting RaffleActivityAccountQuotaServiceTest using Java 19.0.1 on Legion-R9000P with PID 35316 (started by lenovo in E:\Code\Java\big-market\big-market-app)
24-10-12.21:58:24.664 [main            ] INFO  RaffleActivityAccountQuotaServiceTest - The following 1 profile is active: "dev"
24-10-12.21:58:25.633 [main            ] INFO  RepositoryConfigurationDelegate - Multiple Spring Data modules found, entering strict repository configuration mode
24-10-12.21:58:25.635 [main            ] INFO  RepositoryConfigurationDelegate - Bootstrapping Spring Data Redis repositories in DEFAULT mode.
24-10-12.21:58:25.677 [main            ] INFO  RepositoryConfigurationDelegate - Finished Spring Data repository scanning in 26 ms. Found 0 Redis repository interfaces.
24-10-12.21:58:27.260 [main            ] INFO  Version                - Redisson 3.23.4
24-10-12.21:58:27.771 [redisson-netty-2-4] INFO  MasterPubSubConnectionPool - 1 connections initialized for 192.168.236.132/192.168.236.132:16379
24-10-12.21:58:27.790 [redisson-netty-2-13] INFO  MasterConnectionPool   - 5 connections initialized for 192.168.236.132/192.168.236.132:16379
24-10-12.21:58:31.188 [main            ] INFO  EndpointLinksResolver  - Exposing 1 endpoint(s) beneath base path '/actuator'
24-10-12.21:58:31.346 [main            ] INFO  CachingConnectionFactory - Attempting to connect to: [192.168.236.132:5672]
24-10-12.21:58:31.408 [main            ] INFO  CachingConnectionFactory - Created new connection: rabbitConnectionFactory#1df9f7c6:0/SimpleConnection@6ac0fd1d [delegate=amqp://origami@192.168.236.132:5672/, localPort= 14882]
24-10-12.21:58:31.502 [main            ] INFO  RaffleActivityAccountQuotaServiceTest - Started RaffleActivityAccountQuotaServiceTest in 7.283 seconds (JVM running for 8.21)
24-10-12.21:58:32.050 [main            ] INFO  HikariDataSource       - Retail_HikariCP - Starting...
24-10-12.21:58:32.277 [main            ] INFO  HikariDataSource       - Retail_HikariCP - Start completed.
24-10-12.21:58:32.380 [main            ] INFO  RaffleActivityAccountQuotaServiceTest - false
24-10-12.21:58:32.392 [main            ] INFO  ActivityBaseActionChain - -   sku skuId:9011 activityId:100301
24-10-12.21:58:32.392 [main            ] INFO  ActivitySkuStockActionChain - -   sku sku:9011 activityId:100301
24-10-12.21:58:32.414 [main            ] INFO  ActivitySkuStockActionChain - -  sku sku:9011 activityId:100301
24-10-12.21:58:32.473 [main            ] INFO  HikariDataSource       - Retail_HikariCP - Starting...
24-10-12.21:58:32.503 [main            ] INFO  HikariDataSource       - Retail_HikariCP - Start completed.
24-10-12.21:58:32.589 [main            ] INFO  RaffleActivityAccountQuotaServiceTest - 235024495287
24-10-12.21:58:32.613 [org.springframework.amqp.rabbit.RabbitListenerEndpointContainer#0-2] INFO  SimpleMessageListenerContainer - Waiting for workers to finish.
24-10-12.21:58:33.487 [org.springframework.amqp.rabbit.RabbitListenerEndpointContainer#0-2] INFO  SimpleMessageListenerContainer - Successfully waited for workers to finish.
24-10-12.21:58:33.488 [SpringApplicationShutdownHook] INFO  SimpleMessageListenerContainer - Shutdown ignored - container is already stopped
24-10-12.21:58:44.447 [main            ] INFO  RaffleActivityAccountQuotaServiceTest - Starting RaffleActivityAccountQuotaServiceTest using Java 19.0.1 on Legion-R9000P with PID 16004 (started by lenovo in E:\Code\Java\big-market\big-market-app)
24-10-12.21:58:44.448 [main            ] INFO  RaffleActivityAccountQuotaServiceTest - The following 1 profile is active: "dev"
24-10-12.21:58:45.463 [main            ] INFO  RepositoryConfigurationDelegate - Multiple Spring Data modules found, entering strict repository configuration mode
24-10-12.21:58:45.466 [main            ] INFO  RepositoryConfigurationDelegate - Bootstrapping Spring Data Redis repositories in DEFAULT mode.
24-10-12.21:58:45.508 [main            ] INFO  RepositoryConfigurationDelegate - Finished Spring Data repository scanning in 28 ms. Found 0 Redis repository interfaces.
24-10-12.21:58:47.200 [main            ] INFO  Version                - Redisson 3.23.4
24-10-12.21:58:47.712 [redisson-netty-2-4] INFO  MasterPubSubConnectionPool - 1 connections initialized for 192.168.236.132/192.168.236.132:16379
24-10-12.21:58:47.731 [redisson-netty-2-13] INFO  MasterConnectionPool   - 5 connections initialized for 192.168.236.132/192.168.236.132:16379
24-10-12.21:58:50.901 [main            ] INFO  EndpointLinksResolver  - Exposing 1 endpoint(s) beneath base path '/actuator'
24-10-12.21:58:51.035 [main            ] INFO  CachingConnectionFactory - Attempting to connect to: [192.168.236.132:5672]
24-10-12.21:58:51.124 [main            ] INFO  CachingConnectionFactory - Created new connection: rabbitConnectionFactory#4b5aa48b:0/SimpleConnection@47fbf95e [delegate=amqp://origami@192.168.236.132:5672/, localPort= 14927]
24-10-12.21:58:51.226 [main            ] INFO  RaffleActivityAccountQuotaServiceTest - Started RaffleActivityAccountQuotaServiceTest in 7.234 seconds (JVM running for 8.093)
24-10-12.21:58:51.724 [main            ] INFO  HikariDataSource       - Retail_HikariCP - Starting...
24-10-12.21:58:51.928 [main            ] INFO  HikariDataSource       - Retail_HikariCP - Start completed.
24-10-12.21:58:52.021 [main            ] INFO  RaffleActivityAccountQuotaServiceTest - false
24-10-12.21:58:52.030 [main            ] INFO  ActivityBaseActionChain - -   sku skuId:9011 activityId:100301
24-10-12.21:58:52.030 [main            ] INFO  ActivitySkuStockActionChain - -   sku sku:9011 activityId:100301
24-10-12.21:58:52.039 [main            ] INFO  ActivitySkuStockActionChain - -  sku sku:9011 activityId:100301
24-10-12.21:58:52.115 [main            ] INFO  HikariDataSource       - Retail_HikariCP - Starting...
24-10-12.21:58:52.144 [main            ] INFO  HikariDataSource       - Retail_HikariCP - Start completed.
24-10-12.21:58:52.193 [main            ] INFO  RaffleActivityAccountQuotaServiceTest - 620467377572
24-10-12.21:58:52.200 [main            ] INFO  ActivityBaseActionChain - -   sku skuId:9011 activityId:100301
24-10-12.21:58:52.200 [main            ] INFO  ActivitySkuStockActionChain - -   sku sku:9011 activityId:100301
24-10-12.21:58:52.205 [main            ] INFO  ActivitySkuStockActionChain - -  sku sku:9011 activityId:100301
24-10-12.21:58:52.221 [main            ] INFO  RaffleActivityAccountQuotaServiceTest - 206730522519
24-10-12.21:58:52.226 [main            ] INFO  ActivityBaseActionChain - -   sku skuId:9011 activityId:100301
24-10-12.21:58:52.227 [main            ] INFO  ActivitySkuStockActionChain - -   sku sku:9011 activityId:100301
24-10-12.21:58:52.229 [main            ] INFO  ActivitySkuStockActionChain - -  sku sku:9011 activityId:100301
24-10-12.21:58:52.245 [main            ] INFO  RaffleActivityAccountQuotaServiceTest - 510985009488
24-10-12.21:58:52.252 [main            ] INFO  ActivityBaseActionChain - -   sku skuId:9011 activityId:100301
24-10-12.21:58:52.252 [main            ] INFO  ActivitySkuStockActionChain - -   sku sku:9011 activityId:100301
24-10-12.21:58:52.255 [main            ] INFO  ActivitySkuStockActionChain - -  sku sku:9011 activityId:100301
24-10-12.21:58:52.277 [main            ] INFO  RaffleActivityAccountQuotaServiceTest - 048932254308
24-10-12.21:58:52.288 [main            ] INFO  ActivityBaseActionChain - -   sku skuId:9011 activityId:100301
24-10-12.21:58:52.288 [main            ] INFO  ActivitySkuStockActionChain - -   sku sku:9011 activityId:100301
24-10-12.21:58:52.295 [main            ] INFO  ActivitySkuStockActionChain - -  sku sku:9011 activityId:100301
24-10-12.21:58:52.328 [main            ] INFO  RaffleActivityAccountQuotaServiceTest - 956056263701
24-10-12.21:58:52.336 [main            ] INFO  ActivityBaseActionChain - -   sku skuId:9011 activityId:100301
24-10-12.21:58:52.336 [main            ] INFO  ActivitySkuStockActionChain - -   sku sku:9011 activityId:100301
24-10-12.21:58:52.340 [main            ] INFO  ActivitySkuStockActionChain - -  sku sku:9011 activityId:100301
24-10-12.21:58:52.366 [main            ] INFO  RaffleActivityAccountQuotaServiceTest - 282094412190
24-10-12.21:58:52.374 [main            ] INFO  ActivityBaseActionChain - -   sku skuId:9011 activityId:100301
24-10-12.21:58:52.374 [main            ] INFO  ActivitySkuStockActionChain - -   sku sku:9011 activityId:100301
24-10-12.21:58:52.377 [main            ] INFO  ActivitySkuStockActionChain - -  sku sku:9011 activityId:100301
24-10-12.21:58:52.395 [main            ] INFO  RaffleActivityAccountQuotaServiceTest - 779868017039
24-10-12.21:58:52.402 [main            ] INFO  ActivityBaseActionChain - -   sku skuId:9011 activityId:100301
24-10-12.21:58:52.402 [main            ] INFO  ActivitySkuStockActionChain - -   sku sku:9011 activityId:100301
24-10-12.21:58:52.407 [main            ] INFO  ActivitySkuStockActionChain - -  sku sku:9011 activityId:100301
24-10-12.21:58:52.427 [main            ] INFO  RaffleActivityAccountQuotaServiceTest - 619527769892
24-10-12.21:58:52.433 [main            ] INFO  ActivityBaseActionChain - -   sku skuId:9011 activityId:100301
24-10-12.21:58:52.433 [main            ] INFO  ActivitySkuStockActionChain - -   sku sku:9011 activityId:100301
24-10-12.21:58:52.436 [main            ] INFO  ActivitySkuStockActionChain - -  sku sku:9011 activityId:100301
24-10-12.21:58:52.457 [main            ] INFO  RaffleActivityAccountQuotaServiceTest - 340594312506
24-10-12.21:58:52.463 [main            ] INFO  ActivityBaseActionChain - -   sku skuId:9011 activityId:100301
24-10-12.21:58:52.463 [main            ] INFO  ActivitySkuStockActionChain - -   sku sku:9011 activityId:100301
24-10-12.21:58:52.467 [main            ] INFO  ActivitySkuStockActionChain - -  sku sku:9011 activityId:100301
24-10-12.21:58:52.487 [main            ] INFO  RaffleActivityAccountQuotaServiceTest - 431644682356
24-10-12.21:58:52.492 [main            ] INFO  ActivityBaseActionChain - -   sku skuId:9011 activityId:100301
24-10-12.21:58:52.492 [main            ] INFO  ActivitySkuStockActionChain - -   sku sku:9011 activityId:100301
24-10-12.21:58:52.494 [main            ] INFO  ActivitySkuStockActionChain - -  sku sku:9011 activityId:100301
24-10-12.21:58:52.508 [main            ] INFO  RaffleActivityAccountQuotaServiceTest - 899257732216
24-10-12.21:58:52.513 [main            ] INFO  ActivityBaseActionChain - -   sku skuId:9011 activityId:100301
24-10-12.21:58:52.514 [main            ] INFO  ActivitySkuStockActionChain - -   sku sku:9011 activityId:100301
24-10-12.21:58:52.517 [main            ] INFO  ActivitySkuStockActionChain - -  sku sku:9011 activityId:100301
24-10-12.21:58:52.536 [main            ] INFO  RaffleActivityAccountQuotaServiceTest - 448327356852
24-10-12.21:58:52.542 [main            ] INFO  ActivityBaseActionChain - -   sku skuId:9011 activityId:100301
24-10-12.21:58:52.542 [main            ] INFO  ActivitySkuStockActionChain - -   sku sku:9011 activityId:100301
24-10-12.21:58:52.545 [main            ] INFO  ActivitySkuStockActionChain - -  sku sku:9011 activityId:100301
24-10-12.21:58:52.560 [main            ] INFO  RaffleActivityAccountQuotaServiceTest - 739456627955
24-10-12.21:58:52.566 [main            ] INFO  ActivityBaseActionChain - -   sku skuId:9011 activityId:100301
24-10-12.21:58:52.566 [main            ] INFO  ActivitySkuStockActionChain - -   sku sku:9011 activityId:100301
24-10-12.21:58:52.569 [main            ] INFO  ActivitySkuStockActionChain - -  sku sku:9011 activityId:100301
24-10-12.21:58:52.585 [main            ] INFO  RaffleActivityAccountQuotaServiceTest - 251703517556
24-10-12.21:58:52.590 [main            ] INFO  ActivityBaseActionChain - -   sku skuId:9011 activityId:100301
24-10-12.21:58:52.590 [main            ] INFO  ActivitySkuStockActionChain - -   sku sku:9011 activityId:100301
24-10-12.21:58:52.595 [main            ] INFO  ActivitySkuStockActionChain - -  sku sku:9011 activityId:100301
24-10-12.21:58:52.612 [main            ] INFO  RaffleActivityAccountQuotaServiceTest - 428040709098
24-10-12.21:58:52.619 [main            ] INFO  ActivityBaseActionChain - -   sku skuId:9011 activityId:100301
24-10-12.21:58:52.620 [main            ] INFO  ActivitySkuStockActionChain - -   sku sku:9011 activityId:100301
24-10-12.21:58:52.621 [main            ] INFO  ActivitySkuStockActionChain - -  sku sku:9011 activityId:100301
24-10-12.21:58:52.637 [main            ] INFO  RaffleActivityAccountQuotaServiceTest - 198779930728
24-10-12.21:58:52.644 [main            ] INFO  ActivityBaseActionChain - -   sku skuId:9011 activityId:100301
24-10-12.21:58:52.644 [main            ] INFO  ActivitySkuStockActionChain - -   sku sku:9011 activityId:100301
24-10-12.21:58:52.647 [main            ] INFO  ActivitySkuStockActionChain - -  sku sku:9011 activityId:100301
24-10-12.21:58:52.660 [main            ] INFO  RaffleActivityAccountQuotaServiceTest - 747648319634
24-10-12.21:58:52.664 [main            ] INFO  ActivityBaseActionChain - -   sku skuId:9011 activityId:100301
24-10-12.21:58:52.664 [main            ] INFO  ActivitySkuStockActionChain - -   sku sku:9011 activityId:100301
24-10-12.21:58:52.667 [main            ] INFO  ActivitySkuStockActionChain - -  sku sku:9011 activityId:100301
24-10-12.21:58:52.683 [main            ] INFO  RaffleActivityAccountQuotaServiceTest - 111442400429
24-10-12.21:58:52.688 [main            ] INFO  ActivityBaseActionChain - -   sku skuId:9011 activityId:100301
24-10-12.21:58:52.688 [main            ] INFO  ActivitySkuStockActionChain - -   sku sku:9011 activityId:100301
24-10-12.21:58:52.883 [main            ] INFO  EventPublisher         - MQ topic:activity_sku_stock_zero, message:{"data":9011,"id":"22850407209","timestamp":1728741532690}
24-10-12.21:58:52.884 [main            ] WARN  RaffleActivityAccountQuotaServiceTest - 
24-10-12.21:58:52.888 [main            ] INFO  ActivityBaseActionChain - -   sku skuId:9011 activityId:100301
24-10-12.21:58:52.888 [main            ] INFO  ActivitySkuStockActionChain - -   sku sku:9011 activityId:100301
24-10-12.21:58:52.890 [main            ] WARN  RaffleActivityAccountQuotaServiceTest - 
24-10-12.21:58:55.007 [scheduling-1    ] INFO  UpdateAwardStockJob    -  - 
24-10-12.21:58:55.025 [scheduling-1    ] INFO  UpdateActivitySkuStockJob -  - sku
24-10-12.21:58:55.026 [scheduling-1    ] INFO  UpdateActivitySkuStockJob -  - skusku sku:9011 activityId:100301
24-10-12.21:59:00.001 [scheduling-1    ] INFO  UpdateActivitySkuStockJob -  - sku
24-10-12.21:59:00.003 [scheduling-1    ] INFO  UpdateActivitySkuStockJob -  - skusku sku:9011 activityId:100301
24-10-12.21:59:00.011 [scheduling-1    ] INFO  UpdateAwardStockJob    -  - 
24-10-12.21:59:05.004 [scheduling-1    ] INFO  UpdateActivitySkuStockJob -  - sku
24-10-12.21:59:05.006 [scheduling-1    ] INFO  UpdateActivitySkuStockJob -  - skusku sku:9011 activityId:100301
24-10-12.21:59:05.010 [scheduling-1    ] INFO  UpdateAwardStockJob    -  - 
24-10-12.21:59:10.007 [scheduling-1    ] INFO  UpdateAwardStockJob    -  - 
24-10-12.21:59:10.008 [scheduling-1    ] INFO  UpdateActivitySkuStockJob -  - sku
24-10-12.21:59:10.010 [scheduling-1    ] INFO  UpdateActivitySkuStockJob -  - skusku sku:9011 activityId:100301
24-10-12.21:59:15.015 [scheduling-1    ] INFO  UpdateActivitySkuStockJob -  - sku
24-10-12.21:59:15.016 [scheduling-1    ] INFO  UpdateActivitySkuStockJob -  - skusku sku:9011 activityId:100301
24-10-12.21:59:15.023 [scheduling-1    ] INFO  UpdateAwardStockJob    -  - 
24-10-12.21:59:20.006 [scheduling-1    ] INFO  UpdateActivitySkuStockJob -  - sku
24-10-12.21:59:20.007 [scheduling-1    ] INFO  UpdateActivitySkuStockJob -  - skusku sku:9011 activityId:100301
24-10-12.21:59:20.018 [scheduling-1    ] INFO  UpdateAwardStockJob    -  - 
24-10-12.21:59:23.650 [org.springframework.amqp.rabbit.RabbitListenerEndpointContainer#0-2] INFO  SimpleMessageListenerContainer - Waiting for workers to finish.
24-10-12.21:59:24.444 [org.springframework.amqp.rabbit.RabbitListenerEndpointContainer#0-2] INFO  SimpleMessageListenerContainer - Successfully waited for workers to finish.
24-10-12.21:59:24.446 [SpringApplicationShutdownHook] INFO  SimpleMessageListenerContainer - Shutdown ignored - container is already stopped
